91 46 31 15 27 49 64 70 1 43 4 90 25 71 6 74 17 26 39 57 89 77 36 54 97 24 61 66 30 23 11 2 45 55 16 22 59 35 84 38 32 8 19 99 29 63 41 9 79 96 69 87 20 72 83 13 76 7 14 94 37 95 48 86 67 10 44 58 50 68 12 52 73 81 62 93 80 33 51 0 28 85 60 98 21 56 34 82 5 53 18 47 92 40 42
91 46
91 77
91 33
31 15
31 89
31 97
31 90
15 79
15 14
27 49
27 82
49 87
49 97
64 70
64 73
1 43
1 41
1 37
43 25
43 12
4 90
4 20
4 66
90 22
90 24
90 80
90 40
71 6
71 84
71 30
6 83
74 17
74 96
74 21
17 53
26 39
26 57
26 69
26 83
39 56
57 73
89 72
89 60
77 55
77 76
36 54
36 22
54 52
97 23
24 61
24 8
24 98
66 30
66 92
66 0
30 96
23 11
23 19
11 32
2 45
2 58
45 42
55 16
16 8
59 35
35 99
84 38
38 44
32 7
32 10
8 34
19 58
99 9
29 63
29 33
9 48
9 67
9 80
79 95
96 86
96 12
72 85
13 76
7 62
14 94
94 51
48 18
44 68
50 68
73 81
62 93
0 28
82 5
18 47