74 0 54 69 79 84 90 35 27 2 65 44 64 61 24 31 23 76 96 68 82 13 70 11 41 75 33 52 86 98 83 17 34 10 78 4 46 48 6 97 81 93 3 8 49 55 43 36 72 50 62 9 14 91 56 26 59 57 60 85 40 67 37 12 80 42 77 66 99 15 29 92 28 53 5 30 19 87 39 58 20 25 38 22 1 89 95 63 73 45 88 18 47 71 51 7 21 94 16
74 0
74 61
74 86
0 44
0 78
0 94
54 69
54 64
54 90
54 50
69 49
69 23
69 97
79 84
79 44
84 99
84 22
90 35
90 27
90 11
90 52
90 14
90 40
90 1
27 96
27 41
2 65
2 7
65 61
65 93
65 82
44 43
44 4
64 78
64 25
61 87
24 31
24 55
24 15
31 85
23 76
23 42
23 19
96 17
96 60
96 91
68 82
68 75
13 70
13 80
11 21
75 33
75 62
75 59
75 37
75 3
33 98
52 55
52 92
86 38
83 17
83 95
17 57
17 80
34 10
10 26
10 14
4 46
46 12
48 6
48 43
48 9
48 89
48 18
97 81
3 8
55 36
36 72
36 45
50 67
91 56
59 29
59 71
85 66
85 58
37 73
37 88
42 77
42 16
66 5
66 30
15 20
29 28
28 53
87 39
39 51
58 47
38 63