39 62 10 19 67 31 17 80 32 14 95 34 6 89 99 54 92 51 65 66 64 97 22 9 85 7 21 13 49 36 75 2 27 44 8 3 53 90 28 82 45 11 58 76 63 43 25 81 0 20 40 46 68 12 74 35 57 83 42 52 94 30 72 37 29 38 98 47 93 56 84 73 71 69 26 78 88 15 79 48 50 41 91 23 1 87 77 70 18 96 61
39 62
39 48
62 65
10 19
10 0
10 79
19 46
19 94
19 49
67 31
31 58
31 9
31 63
17 80
17 7
17 92
80 32
80 21
32 14
32 44
32 88
14 28
14 74
14 84
95 34
95 45
34 65
34 72
34 96
6 89
89 13
89 54
89 41
99 54
99 75
99 98
54 77
92 51
92 2
51 47
51 93
66 64
66 75
66 12
66 37
64 49
64 85
97 22
97 37
9 85
7 40
13 70
36 75
36 18
75 82
2 27
44 35
44 57
8 3
8 0
3 68
3 73
53 90
53 25
28 56
28 78
82 40
45 11
45 84
11 76
58 25
63 43
63 23
63 1
25 81
0 20
0 50
46 91
68 83
42 52
52 84
94 69
30 72
29 38
29 61
38 56
47 15
73 71
26 78
1 87