24 10 71 70 69 3 4 40 31 25 0 57 19 14 6 20 23 56 33 44 2 36 72 12 8 66 13 34 49 61 11 43 37 22 29 52 21 58 47 39 48 45 54 41 16 50 18 60 51 1 62 15 68 46 9 7 53 63 67 30 55 64 38 97 35 27 65 28 26 89 75 17 84 5 73 90 85 42 74 32 87 94 80 82 81 88 91 76 96 95 59 83 99
24 10
24 2
10 27
71 70
71 6
71 49
71 15
71 68
70 69
70 13
69 29
69 56
3 4
3 25
4 36
4 61
4 46
4 45
40 31
40 20
40 43
40 64
40 17
40 25
31 18
31 57
31 99
25 96
0 57
0 97
0 89
0 75
0 85
0 74
0 87
0 94
0 82
0 81
0 88
0 76
0 95
57 26
19 14
19 12
19 90
20 91
23 56
23 7
33 44
44 61
2 58
2 75
72 12
72 7
72 5
8 66
8 48
8 35
8 62
8 80
66 42
13 34
13 84
13 32
34 67
11 43
11 83
43 50
37 22
37 16
37 30
29 38
29 62
52 21
52 1
58 47
58 39
58 28
45 54
54 65
41 16
41 1
16 60
16 51
1 62
15 9
46 9
53 63
53 67
30 55
5 73
32 59