0 8 29 10 25 38 11 19 16 24 21 60 34 46 47 39 56 48 37 62 45 63 26 36 6 30 28 50 51 22 41 32 40 52 53 42 9 5 13 4 20 31 15 65 49 57 58 18 7 54 44 2 61 27 14 55 35 3 17 23 12 43 64 33
0 8
0 25
0 55
8 29
8 30
29 5
10 25
10 38
38 47
38 45
38 43
11 19
11 28
11 39
11 50
11 51
11 64
19 23
16 24
16 18
24 63
24 35
21 60
60 30
34 46
46 47
46 53
46 4
46 63
39 56
39 52
39 65
39 12
48 37
37 26
62 45
62 42
45 26
45 6
63 13
26 36
6 27
6 17
28 9
50 20
50 7
22 41
22 9
32 40
32 42
32 33
40 52
53 3
42 31
9 2
4 61
20 57
31 15
49 57
58 18
54 44
44 27
14 55