92 79 93 80 10 87 96 75 42 77 49 30 36 50 2 16 90 89 12 58 33 54 63 85 40 8 78 88 67 60 52 74 72 51 13 47 71 9 3 24 81 66 46 38 69 0 48 45 7 95 32 82 83 14 26 19 22 98 73 59 86 25 39 23 65 84 37 91 28 76 35 15 64 56 55 57 1 34 11 94 62 53 6 31 61 17 4 68 41 70 99 97
92 79
92 50
92 26
79 78
93 80
93 88
93 82
93 11
80 96
80 97
10 87
87 67
87 69
96 71
96 66
75 42
75 81
75 2
77 49
77 83
49 15
30 36
36 73
50 9
50 31
2 16
2 74
16 24
16 56
90 89
90 66
90 54
90 83
12 58
12 82
58 40
58 22
33 54
54 45
54 91
63 85
63 32
63 67
63 4
63 41
40 7
40 17
8 78
8 14
8 23
8 1
78 64
88 32
67 99
60 52
60 0
74 71
74 39
74 76
72 51
72 13
51 25
51 65
13 47
13 23
47 61
71 59
71 73
9 3
9 0
81 95
81 57
46 38
38 48
69 86
69 28
69 70
48 57
48 62
32 25
32 53
19 22
98 73
73 68
86 84
84 37
28 35
56 55
56 34
57 94
11 6