51 77 56 88 61 98 55 85 86 57 89 39 50 75 38 53 52 79 87 90 58 91 59 94 42 60 40 43 62 44 63 45 66 76 93 95 47 69 78 92 99 49 74 54 83 84 46 67 70 48 72 80 96 64 30 37 36 65 68 73 82 71 81 0 1 2 24 25 26 28 32 3 4 5 6 7 8 29 9 10 11 12 13 14 15 16 17 18 19 20 21 22 23 34 27 33 35 31 97 41
51 77
51 78
51 37
56 88
56 87
56 40
61 98
61 42
61 97
55 85
55 86
55 39
57 89
57 90
57 40
39 54
39 31
50 75
50 76
50 37
38 53
38 52
38 31
53 82
53 81
52 79
52 80
58 91
58 92
58 41
59 94
59 93
59 41
42 60
42 33
60 95
60 96
40 32
43 62
43 33
62 99
44 63
44 64
44 34
45 66
45 65
45 34
47 69
47 70
47 35
49 74
49 36
49 73
54 83
54 84
46 67
46 68
46 35
48 72
48 71
48 36
30 37
30 36
37 25
0 1
0 2
1 3
1 4
2 5
2 6
24 25
24 11
25 26
25 27
26 28
26 29
28 33
28 32
32 41
3 7
3 8
4 9
4 10
5 11
5 12
6 13
6 14
7 15
7 16
8 17
8 18
29 34
29 35
9 19
9 20
10 21
10 22
11 23
27 31