98 99 46 47 15 16 23 24 42 51 69 70 61 72 20 21 76 77 68 40 41 63 64 50 90 91 92 48 18 87 88 28 29 84 85 8 9 22 55 56 6 71 35 36 10 80 81 79 73 74 75 93 82 14 4 5 62 17 33 34 83 25 26 60 52 78 3 37 38 67 27 58 59 7 89 0 1 95 96 54 53 2 44 45 13 66 11 43 94 31 32 57 86 19 65 97 39 12 49
98 99
99 72
46 47
47 48
15 16
15 14
16 17
23 24
23 18
23 22
42 51
42 41
42 43
51 52
51 50
69 70
69 68
70 71
61 72
61 62
61 60
72 73
72 71
20 21
20 60
20 19
21 22
76 77
76 75
77 78
77 67
68 67
40 41
41 82
63 64
63 62
64 6
50 90
50 49
90 89
90 91
90 45
91 92
92 10
92 93
48 49
87 88
88 4
88 89
28 29
28 27
84 85
84 83
84 32
85 86
8 9
8 7
8 0
55 56
55 54
56 57
6 7
71 26
35 36
35 34
36 37
10 11
80 81
80 79
81 82
74 75
93 94
82 83
14 13
4 5
4 3
33 34
33 32
25 26
26 27
60 66
52 53
37 38
38 39
58 59
58 57
0 1
1 2
1 31
95 96
95 94
96 97
54 53
44 45
13 12
66 65
11 12
31 32