28 21 16 24 0 7 17 18 2 4 10 11 26 9 13 30 27 5 8 15 97 23 3 19 12 81 34 29 25 14 91 83 43 1 20 67 33 77 36 44 73 54 93 22 56 71 86 42 89 31 32 82 41 76 69 65 68 57 51 78 66 84 40 37 92 96 80 79 98 70 49 55 85 38 61 62 88 48 58 60 95 53 74 6 63 59 72
28 21
28 17
28 25
28 11
21 70
16 24
16 86
24 30
0 7
0 34
0 1
0 43
0 44
0 54
0 42
0 32
0 41
0 51
0 40
0 37
0 49
0 55
0 48
7 29
7 36
17 18
18 30
18 88
2 4
2 26
2 97
2 91
2 93
2 84
2 96
2 80
2 79
4 27
4 5
4 33
4 60
10 11
10 3
10 82
11 83
26 53
9 13
9 38
9 3
30 57
27 20
27 95
5 14
5 19
5 78
8 15
8 12
8 81
15 23
15 43
15 65
15 85
23 22
23 92
3 19
3 1
3 77
3 98
3 59
29 56
29 76
25 73
1 67
1 71
1 31
1 69
1 68
1 66
1 61
1 62
1 58
1 74
1 63
1 72
20 89
79 6