10 56 5 40 1 30 17 76 55 20 85 23 95 12 61 19 84 22 92 7 48 82 9 53 3 34 77 14 69 18 79 16 75 11 59 67 2 33 0 27 94 13 65 62 35 15 72 6 43 21 88 58 45 90 54 42 24 98 41 4 38 36 37 68 46 8 49 26 47 97 86 57 80 31 83 91 99 32 29 96 70 44 28 51 81 78 74 73 66 39 87 63 89 50 71 93 25 64 52 60
10 56
10 55
10 57
56 88
5 40
5 42
5 41
40 92
1 30
1 29
1 28
17 76
17 77
17 78
55 69
20 85
20 86
20 87
85 93
23 95
23 94
23 96
12 61
12 62
61 74
19 84
19 82
19 83
84 42
22 92
22 91
7 48
7 46
7 47
82 38
9 53
9 54
9 52
3 34
3 35
3 36
77 71
14 69
14 67
14 68
18 79
18 80
18 81
16 75
16 73
16 74
11 59
11 58
11 60
2 33
2 31
2 32
0 27
0 26
0 25
27 54
27 74
27 57
94 71
94 80
13 65
13 66
13 64
62 70
15 72
15 70
15 71
72 28
72 64
6 43
6 45
6 44
43 50
21 88
21 90
21 89
58 78
54 36
24 98
24 97
24 99
98 51
41 47
4 38
4 37
4 39
8 49
8 51
8 50
31 96
70 87
39 87
63 89
50 25