82 25 5 13 98 21 34 42 15 16 20 48 11 95 19 28 2 8 91 23 83 69 32 61 76 60 70 18 58 72 33 52 10 49 9 3 0 26 53 1 56 29 6 62 78 85 41 89 96 64 36 73 47 65 94 93 80 67 39 14 81 88 68 40 87 97 79 86 24 57 90 59 46 38 17 55 43 51 54 45 22 30 7 92 71 4 12 99 37 77 66 75 35 84 44 74 63
82 25
82 1
25 61
5 13
5 70
13 38
98 21
21 76
21 72
34 42
34 0
34 85
42 32
42 81
42 99
15 16
16 49
16 97
16 59
16 63
20 48
48 41
48 64
11 95
11 61
95 79
95 57
19 28
19 3
19 60
19 75
28 23
2 8
8 9
8 90
91 23
91 92
23 70
23 96
83 69
69 60
69 72
69 89
69 18
76 14
76 64
60 77
60 44
70 24
18 58
58 94
72 33
72 17
72 62
52 10
52 7
49 86
9 64
26 53
53 88
53 43
1 93
1 96
56 29
56 41
56 65
6 62
6 51
62 88
62 87
78 85
78 47
41 66
64 97
36 73
36 30
36 74
73 38
47 65
80 67
80 39
39 51
14 45
68 40
68 54
87 22
87 7
79 37
46 38
46 54
17 55
17 84
43 4
92 71
71 35
4 12