2 1 59 48 11 23 24 86 85 41 40 58 71 72 36 54 38 45 46 55 35 87 61 31 32 84 9 82 81 76 77 6 34 60 62 8 50 10 5 4 3 78 16 15 68 66 65 63 17 18 64 74 56 57 7 75 19 20 83 53 52 51 13 28 80 43 44 37 88 25 0 69 47 73 27 26 14 70 12 67 49 39 33 30 29 79 42 22 21
2 1
2 3
1 13
1 0
59 48
59 60
48 35
48 47
11 23
11 10
11 77
11 75
11 25
11 12
23 24
23 72
23 7
24 50
24 68
24 40
86 85
85 84
41 40
41 36
40 39
58 71
58 35
58 31
58 6
71 72
72 45
72 73
72 67
36 22
54 38
54 53
54 70
38 9
38 37
45 46
45 44
45 13
46 27
55 35
87 61
61 62
61 60
31 32
31 51
84 9
84 80
9 10
82 81
82 83
81 80
76 77
6 34
6 5
34 33
62 8
62 63
50 74
50 49
5 4
5 88
78 16
78 65
78 79
16 15
15 14
68 28
68 69
66 65
63 64
17 18
18 19
56 57
56 49
7 20
19 20
53 52
13 14
28 29
43 44
43 42
27 26
30 29
22 21