0 3 1 4 2 5 7 10 8 11 9 12 14 17 15 18 16 19 21 24 22 25 23 26 28 31 29 32 30 33 35 38 36 39 37 40 42 45 43 46 44 47 49 52 50 53 51 54 56 59 57 60 58 61 63 66 64 67 65 68 70 73 71 74 72 75 77 80 78 81 79 82 84 87 85 88 86 89 91 94 92 95 93 96 6 13 20 27 34 41 48 55 62 69 76 83 90 97 98 99
0 3
0 1
1 4
4 5
2 5
2 6
7 10
7 8
7 6
8 11
11 12
9 12
9 13
14 17
14 15
14 13
15 18
18 19
16 19
16 20
21 24
21 22
21 20
22 25
25 26
23 26
23 27
28 31
28 29
28 27
29 32
32 33
30 33
30 34
35 38
35 36
35 34
36 39
39 40
37 40
37 41
42 45
42 43
42 41
43 46
46 47
44 47
44 48
49 52
49 50
49 48
50 53
53 54
51 54
51 55
56 59
56 57
56 55
57 60
60 61
58 61
58 62
63 66
63 64
63 62
64 67
67 68
65 68
65 69
70 73
70 71
70 69
71 74
74 75
72 75
72 76
77 80
77 78
77 76
78 81
81 82
79 82
79 83
84 87
84 85
84 83
85 88
88 89
86 89
86 90
91 94
91 92
91 90
92 95
95 96
93 96
93 97
97 98
98 99