19 84 10 55 13 66 23 94 57 9 54 0 26 18 79 17 76 14 68 3 34 11 60 21 88 4 39 7 48 82 89 78 64 69 46 38 15 71 53 12 61 35 81 22 91 5 41 83 27 36 67 47 8 50 25 90 42 49 80 2 32 99 93 65 20 86 1 28 24 72 16 74 51 59 56 6 44 85 30 87 40 37 31 77 97 29 92 33 98 73 96 70 45 43 75 58 62 63 52 95
19 84
19 82
19 83
84 54
10 55
10 57
10 56
55 89
13 66
13 64
13 65
23 94
23 96
23 95
94 30
94 80
9 54
9 53
54 98
0 26
0 25
0 27
18 79
18 81
18 80
17 76
17 78
17 77
76 46
14 68
14 69
14 67
68 35
3 34
3 35
3 36
34 27
34 43
11 60
11 59
11 58
21 88
21 89
21 90
88 65
4 39
4 38
4 37
7 48
7 46
7 47
89 62
69 77
38 45
15 71
15 72
15 70
12 61
12 63
12 62
35 40
22 91
22 93
22 92
91 65
91 52
5 41
5 42
5 40
83 87
83 58
83 95
67 99
67 90
8 50
8 49
8 51
2 32
2 31
2 33
99 24
20 86
20 85
20 87
1 28
1 30
1 29
28 31
24 97
24 98
16 74
16 73
16 75
51 98
59 75
6 44
6 43
6 45
87 70