9 89 33 59 78 83 0 73 37 64 43 54 13 40 98 3 95 20 55 75 22 50 92 69 96 27 17 93 15 90 86 94 23 56 62 38 26 39 81 21 76 60 5 11 52 63 84 10 74 82 70 46 2 29 72 30 71 14 57 48 19 65 41 66 44 58 97 88 47 25 8 31 80 45 53 99 32 24 4 67 68 79 91 6 49 51 28
9 89
9 37
89 60
89 80
33 59
33 64
33 92
59 55
78 83
78 75
83 39
83 72
83 15
83 67
0 73
0 23
0 38
0 14
73 90
37 65
64 13
64 28
43 54
43 60
13 40
13 27
40 93
40 66
98 3
98 76
98 58
3 63
95 20
20 41
55 17
55 52
55 88
55 26
55 4
75 50
22 50
22 48
69 96
69 56
69 79
69 32
96 10
27 81
17 74
17 47
17 6
93 15
90 2
86 94
94 26
94 46
94 51
23 39
23 21
23 44
56 62
56 53
62 58
62 8
38 57
26 49
81 82
81 70
81 24
21 19
5 11
11 46
84 10
84 14
10 30
2 29
30 71
71 31
48 97
48 25
48 80
41 66
41 45
88 91
99 32
67 68