40 20 21 35 2 47 19 38 13 14 49 43 0 6 11 12 16 44 28 4 7 41 42 27 10 45 17 36 8 25 34 9 67 3 15 50 46 31 29 22 33 32 30 1 51 26 76 84 48 23 18 63 95 68 77 69 37 24 52 39 99 93 75 61 91 62 5 86 83 90 98 65 66 60 97 73 74 55 80 71 70 72 89 57
40 20
40 0
40 31
21 35
21 42
21 27
21 63
35 46
2 47
2 16
2 5
47 83
19 38
38 22
38 43
38 76
13 14
13 9
13 95
13 10
13 60
14 12
14 17
14 61
49 43
49 23
49 37
0 41
0 67
0 76
0 77
0 52
0 62
0 66
0 73
0 74
0 55
0 71
6 11
6 7
6 32
11 51
11 93
16 17
44 28
44 39
44 7
44 80
28 69
4 7
7 18
7 24
42 34
27 68
10 45
10 26
10 24
10 50
10 57
17 36
17 99
8 25
8 50
9 15
9 91
3 15
50 46
31 29
31 1
29 70
22 33
33 72
32 30
30 48
1 51
1 86
1 90
1 98
1 97
1 89
84 48
37 75
24 65