0 1 8 11 10 25 26 20 21 32 35 33 34 49 44 45 70 71 50 51 58 61 60 75 76 82 85 83 84 99 94 95 5 6 7 14 23 24 16 18 17 22 38 29 30 31 36 47 40 42 41 46 48 55 56 57 64 73 74 66 68 67 72 88 79 80 81 86 97 90 92 91 96 98 2 27 19 3 4 15 39 28 12 13 37 43 87 9 69 52 77 53 54 65 89 78 62 63 93 59
0 1
0 2
0 4
1 98
8 11
8 5
11 12
10 25
10 12
10 9
25 26
25 20
25 27
25 28
20 21
20 19
20 3
32 35
32 29
35 33
33 34
34 49
34 36
34 42
44 45
44 19
70 71
70 27
70 69
70 53
71 79
50 51
50 52
50 54
50 55
58 61
58 55
60 75
60 62
60 59
75 76
75 77
75 78
82 85
82 79
85 83
83 84
84 99
84 86
84 92
94 95
94 69
5 6
5 7
7 15
7 39
14 23
14 24
14 13
23 22
24 38
16 18
16 15
18 17
18 2
38 47
38 37
29 30
29 31
47 46
40 42
40 39
42 41
42 43
46 48
55 56
55 57
57 65
57 89
64 73
64 74
64 63
73 72
74 88
66 68
66 65
68 67
68 2
88 97
79 80
79 81
86 87
97 96
90 92
92 91
92 93
96 98
12 13
62 63