17 18 37 39 23 24 26 95 96 98 52 54 25 27 16 55 69 70 71 75 77 57 59 48 49 61 63 83 84 5 6 60 62 92 93 14 15 45 47 74 88 90 41 42 10 12 67 89 28 78 80 0 2 19 21 72 22 11 13 30 50 58 8 91 7 9 32 33 51 76 40 73 97 20 31 64 3 34 79 4 44 43 29 81 65 66 68 99 53 1 86 94 46 82 36 87 85 56 35 38
17 18
17 15
18 16
18 20
18 19
37 39
37 36
39 40
23 24
24 26
24 25
24 22
95 96
96 98
96 97
96 94
98 99
52 54
52 51
54 55
54 53
25 27
27 28
55 57
69 70
69 71
69 67
69 68
70 72
75 77
75 74
75 73
77 78
57 59
57 58
57 56
48 49
48 50
48 47
61 63
61 60
63 64
63 65
83 84
83 81
84 86
84 82
84 85
5 6
5 3
6 8
6 4
6 7
60 62
60 58
92 93
92 90
93 91
93 94
14 15
15 13
45 47
45 44
45 43
45 46
74 72
88 90
88 87
90 89
41 42
42 40
42 43
10 12
10 9
12 11
12 13
28 30
78 80
78 76
78 79
0 2
2 3
19 21
21 22
30 29
30 31
50 51
7 9
32 33
33 31
33 34
3 1
34 36
79 81
65 66
66 68
36 35
36 38
87 85