18 93 81 41 98 87 23 14 79 13 75 88 55 7 49 22 45 31 77 64 84 37 68 50 73 43 82 70 19 27 80 34 2 76 9 95 62 65 78 83 99 1 4 20 11 51 91 35 54 40 58 94 67 47 61 60 57 69 59 3 10 15 53 33 24 38 72 52 30 74 17 56 66 0 44 8 26 25 39 36 32 48 6 12 42 5 85 28 96 92 71 46 63 90 29 21 89 97 86 16
18 93
18 45
18 17
18 26
18 27
81 41
81 23
41 52
98 87
98 62
87 70
87 99
14 79
14 10
13 75
13 19
88 55
88 1
55 19
55 22
55 60
55 46
55 63
7 49
7 3
49 8
22 45
22 53
31 77
31 26
64 84
64 34
64 33
84 72
37 68
37 69
37 54
50 73
50 91
50 12
43 82
43 44
43 21
70 83
70 66
19 15
27 80
80 94
2 76
2 0
76 3
9 95
9 20
9 3
62 61
65 78
78 59
78 85
1 4
4 48
4 11
20 21
11 51
51 10
35 54
35 36
35 25
54 67
40 58
40 26
94 32
67 57
67 86
47 61
47 42
61 60
59 36
3 10
3 92
15 96
53 33
24 38
38 56
72 52
52 36
30 74
30 28
17 28
56 66
8 6
8 12
25 39
48 89
6 5
6 16
5 90
28 29
96 71
96 97