50 38 51 88 18 1 37 69 60 84 11 86 63 66 57 45 15 54 21 17 96 27 44 75 34 3 62 58 80 82 67 81 14 72 29 47 78 35 2 61 99 76 49 90 73 56 74 89 9 20 93 22 98 25 5 28 94 40 19 85 91 4 13 23 24 87 16 26 10 6 12 64 36 71 97 33 70 39 53 7 65 43 68 77 0 52 79 55 46 42 41 83 30 31 59 8 92 95 32 48
50 38
50 18
50 1
50 37
50 11
50 45
50 15
50 21
50 17
50 27
50 44
50 34
50 3
50 14
50 29
50 47
50 35
50 2
50 49
50 9
50 20
50 22
50 25
50 5
50 28
50 40
50 19
50 4
50 13
50 23
50 24
50 16
50 26
50 10
50 6
50 12
50 36
50 33
50 39
50 7
50 43
50 0
50 46
50 42
50 41
50 30
50 31
50 8
50 32
50 48
50 51
51 88
51 69
51 60
51 84
51 86
51 63
51 66
51 57
51 54
51 96
51 75
51 62
51 58
51 80
51 82
51 67
51 81
51 72
51 78
51 61
51 99
51 76
51 90
51 73
51 56
51 74
51 89
51 93
51 98
51 94
51 85
51 91
51 87
51 64
51 71
51 97
51 70
51 53
51 65
51 68
51 77
51 52
51 79
51 55
51 83
51 59
51 92
51 95