0 27 24 98 12 62 2 33 6 44 19 82 16 74 3 36 63 1 29 73 4 39 43 26 11 59 9 53 21 89 34 32 7 47 22 91 5 42 23 94 20 87 58 13 66 25 54 92 96 15 72 28 41 90 10 57 61 86 14 68 52 30 83 65 8 49 56 45 40 35 18 79 50 97 88 99 38 95 76 60 48 64 80 81 17 93 85 78 84 55 75 51 70 67 46 69 31 71 77 37
0 27
0 26
0 25
24 98
24 97
24 99
12 62
12 63
12 61
62 74
2 33
2 32
2 31
33 47
6 44
6 43
6 45
19 82
19 83
19 84
82 35
16 74
16 73
16 75
3 36
3 34
3 35
36 38
36 69
63 68
1 29
1 28
1 30
73 94
4 39
4 38
4 37
39 47
11 59
11 58
11 60
59 34
9 53
9 52
9 54
53 48
21 89
21 90
21 88
32 81
32 64
7 47
7 48
22 91
22 92
22 93
5 42
5 41
5 40
23 94
23 96
23 95
20 87
20 86
20 85
13 66
13 65
13 64
25 76
25 45
54 92
96 70
15 72
15 70
15 71
90 86
90 51
10 57
10 56
10 55
61 56
14 68
14 67
14 69
30 45
83 99
83 78
8 49
8 50
8 51
56 46
40 97
18 79
18 80
18 81
97 88
76 17
17 78
51 77