37 53 18 48 42 39 13 21 6 55 50 41 29 46 19 25 54 4 47 23 43 51 7 5 56 2 16 27 38 24 31 45 17 12 8 35 20 0 28 33 15 74 14 44 62 11 30 75 82 52 26 79 9 36 58 10 83 61 1 93 49 98 81 77 64 34 73 3 65 92 66 72 76 32 86 68 78 96 71 84 67 40 90 87
37 53
37 48
37 49
18 48
18 35
42 39
42 54
42 31
42 79
42 43
39 77
13 21
13 16
13 64
21 50
21 14
6 55
6 46
55 44
50 25
50 34
50 87
41 29
41 5
41 78
46 19
46 28
46 4
46 83
19 68
54 12
4 47
4 51
4 7
47 84
23 43
23 38
7 5
5 45
5 30
5 58
56 2
2 24
2 92
16 27
16 66
27 72
24 20
31 74
45 82
17 12
17 33
17 10
12 15
8 35
8 33
35 26
20 0
20 11
20 3
0 62
0 75
0 10
0 66
0 82
0 76
0 86
0 71
0 67
0 90
33 36
14 65
44 52
44 81
30 73
52 32
9 36
9 61
1 93
1 98
1 96
1 40
1 92