47 64 18 17 37 15 5 27 87 96 23 44 77 45 73 1 58 50 21 4 22 83 62 40 13 34 86 97 10 24 76 98 82 39 8 9 65 92 71 56 29 80 43 70 95 53 89 32 42 85 51 88 12 68 14 78 94 30 69 54 48 81 72 46 6 26 61 33 38 84 55 11 52 79 41 7 74 60 67 66 28 0 31 20 75 57 63 36 19 49 25 59 16 3 35 90 99 91 2 93
47 64
47 82
47 4
64 10
64 89
18 17
18 61
18 46
18 69
18 35
17 98
37 15
37 45
15 81
5 27
5 67
87 96
87 66
87 63
96 30
23 44
23 7
44 58
44 85
77 45
77 34
45 51
73 1
73 0
73 90
1 89
58 39
58 29
58 76
50 21
50 20
21 56
21 33
4 22
22 8
22 34
83 62
83 72
62 28
40 13
40 46
40 34
34 55
34 71
86 97
86 72
97 29
24 76
9 65
9 31
9 42
92 71
71 78
71 11
71 42
56 12
56 78
29 67
29 80
80 43
80 70
43 2
95 53
95 68
95 7
53 25
89 79
89 60
32 42
42 59
85 99
51 88
88 84
88 52
88 36
12 74
68 14
68 81
14 93
94 30
94 79
69 54
54 48
6 26
26 52
33 38
38 16
79 41
74 57
67 91
20 75
57 3
19 49
19 2