8 9 29 44 79 78 95 92 3 4 16 17 26 28 63 64 69 75 67 72 21 24 25 49 50 51 93 74 83 5 60 10 13 39 47 27 43 31 30 41 42 48 81 82 7 36 40 56 57 61 84 76 77 19 18 37 38 35 70 71 23 11 73 20 0 32 66 80 58 12 59 91 6 45 46 14 15 86 22 1 2 88 90 34 33 55 62 65 52 89 53 54 87 85 94
8 9
8 5
29 44
29 26
29 43
79 78
79 70
79 80
79 95
78 72
95 92
92 91
92 94
3 4
3 2
4 21
4 5
4 20
16 17
16 15
17 27
26 28
26 27
26 18
63 64
63 59
64 69
69 75
75 84
75 88
67 72
67 66
67 65
72 73
21 23
24 25
24 23
25 13
49 50
49 48
50 51
51 93
74 83
74 87
83 82
5 60
5 7
5 6
60 61
10 13
39 47
39 48
47 46
27 31
43 42
31 30
30 32
41 42
42 45
81 82
81 77
7 58
36 40
36 37
36 11
40 14
56 57
57 58
61 59
84 73
84 86
76 77
77 80
19 18
18 23
37 35
38 35
38 52
35 46
70 71
23 22
11 12
0 32
0 34
58 55
58 62
14 15
1 2
88 90
90 89
34 33
55 54
52 53
87 85