76 92 77 79 36 44 57 59 21 53 19 51 27 31 14 30 20 23 0 1 12 52 60 54 62 68 69 71 22 11 17 25 32 33 55 2 6 46 97 61 65 24 99 80 81 56 64 40 29 16 58 34 38 37 39 49 89 26 28 84 4 5 47 83 87 42 93 18 82 66 9 10 74 15 41 48 3 88 50 13 73 98 35 91 70 96 95 67 63 43 72 75 78 8 7 90 85 94
76 92
76 68
92 84
92 93
77 79
77 93
36 44
36 32
36 52
57 59
57 56
59 51
21 53
21 20
21 23
21 17
53 61
53 52
19 51
51 55
51 49
27 31
27 11
27 26
27 91
31 23
31 29
31 95
14 30
14 12
14 46
14 15
14 78
30 22
30 26
20 4
23 55
23 87
0 1
0 16
1 9
12 13
52 60
52 48
54 62
54 22
62 63
68 69
68 64
69 71
69 85
22 6
17 25
25 24
25 89
32 33
32 40
33 97
33 41
55 39
2 6
2 66
2 3
6 70
46 47
97 65
97 99
65 67
24 88
80 81
80 88
56 58
40 42
29 28
34 38
34 35
34 50
37 39
89 73
89 93
26 90
4 5
83 87
18 82
18 50
82 66
66 98
9 73
10 74
10 8
74 72
74 90
3 7
98 96
35 43
67 75
78 94