16 43 28 57 35 38 76 77 58 59 0 1 13 10 24 19 27 26 41 45 60 3 15 56 30 74 79 17 21 48 47 40 49 82 81 53 7 6 8 12 29 34 83 5 11 64 66 51 73 63 65 75 84 93 87 85 69 68 86 44 42 90 97 98 2 9 31 20 23 37 33 46 88 99 32 78 89 72 96 18 52 67 71 25 54 55 61 14 80 36 39 94 22 62 91 70 4 95 50 92
16 43
16 37
43 17
28 57
28 21
28 22
57 56
57 58
35 38
35 34
35 32
38 50
38 48
76 77
76 72
77 93
77 86
77 94
58 59
58 30
59 60
0 1
0 7
1 3
13 10
13 51
13 4
10 15
24 19
24 23
24 14
27 26
27 20
41 45
41 40
45 52
60 72
60 61
60 69
60 64
3 5
3 14
15 12
15 21
56 53
56 62
30 80
74 79
74 71
17 21
17 9
21 29
48 47
47 49
47 82
40 42
40 34
40 36
49 73
82 81
81 83
81 84
7 6
7 8
8 32
12 11
11 33
64 66
66 89
66 91
51 18
63 65
63 54
65 67
75 84
93 96
87 85
87 78
87 95
69 68
69 90
44 42
42 46
90 97
90 98
90 92
97 70
2 9
2 31
20 23
88 99
99 89
78 80
18 25
52 80
67 71
25 54
54 55
36 39