24 87 13 63 27 28 58 67 61 62 69 73 15 16 29 72 38 39 74 75 1 2 68 95 96 43 84 46 94 57 79 56 20 70 52 77 65 76 80 25 33 93 97 6 30 17 18 42 48 49 85 53 91 92 8 83 35 90 40 32 41 14 64 54 55 59 66 31 82 26 45 88 19 7 9 44 4 5 37 81 98 12 51 89 47 60
24 87
24 82
24 89
87 65
87 88
13 63
13 14
13 12
63 62
27 28
28 8
28 52
58 67
58 81
67 68
67 53
67 66
61 62
69 73
69 96
73 72
15 16
15 14
16 68
16 57
16 17
29 72
38 39
38 79
38 37
38 98
39 70
39 40
74 75
75 76
75 80
1 2
1 25
2 19
68 4
95 96
95 94
96 97
43 84
43 42
43 44
84 85
84 83
84 49
46 94
46 64
94 93
57 79
57 56
79 80
79 7
56 55
20 70
52 77
77 76
65 66
80 93
25 33
25 26
33 32
33 45
93 35
93 92
97 59
97 85
6 30
30 31
17 18
18 19
48 49
48 47
49 60
91 92
91 90
8 9
40 41
32 31
14 51
54 55
4 5