26 27 68 69 3 4 23 24 11 12 31 32 50 51 0 1 21 63 28 25 36 56 45 46 72 73 7 8 19 20 41 70 52 10 22 35 44 58 77 74 76 9 29 59 64 62 71 18 38 37 33 34 40 48 49 75 53 54 60 2 6 15 16 43 66 67 14 47 65 55 61 39 5 13 17 57
26 27
26 25
26 60
27 28
27 33
68 69
68 77
69 70
69 74
3 4
4 5
23 24
23 22
23 35
11 12
11 10
31 32
32 33
50 51
50 75
51 58
51 65
0 1
0 15
0 49
0 35
1 2
21 63
21 41
21 77
21 22
63 62
28 29
28 37
25 38
36 56
36 35
56 55
45 46
45 44
72 73
73 74
7 8
7 70
7 6
8 52
8 9
19 20
19 18
20 9
41 40
70 71
10 9
22 38
44 43
58 57
77 76
74 75
59 64
59 60
18 17
38 39
33 34
48 49
48 47
53 54
54 55
60 61
6 5
15 16
15 14
15 43
66 67
66 65
14 13