36 9 48 23 49 43 42 24 92 17 89 5 83 38 55 4 10 93 6 21 85 94 1 53 68 27 59 13 41 39 52 29 72 97 56 25 75 51 84 90 76 64 70 28 14 54 18 80 19 3 86 11 95 57 65 81 46 73 88 16 15 69 74 50 82 60 8 37 58 32 44 77 87 7 26 20 67 31 98 61 62 0 2 96 30 22 66
36 9
36 23
36 56
36 84
36 74
9 4
9 41
48 23
48 46
23 55
23 6
23 85
23 25
23 75
23 51
23 54
23 95
23 88
23 16
23 28
23 15
23 64
23 10
23 66
49 43
49 98
43 81
43 44
43 57
42 24
42 87
24 6
92 17
17 3
17 86
17 6
89 5
89 26
83 38
83 13
83 14
4 60
4 59
4 7
10 93
6 14
6 20
21 85
94 1
94 68
1 75
53 68
68 67
27 59
59 61
13 8
41 39
41 22
39 58
52 29
52 64
29 90
72 97
72 11
72 75
25 76
90 19
70 28
14 82
54 30
18 80
80 98
19 81
19 37
19 2
86 73
57 65
46 31
73 50
15 69
69 77
37 0
32 44
32 96
7 26
61 62