8 50 3 35 20 85 18 81 34 51 14 67 1 28 23 95 22 93 11 58 15 72 16 74 9 53 21 88 60 2 32 54 4 38 24 97 12 61 7 47 46 63 52 19 82 13 65 0 26 96 29 73 64 98 69 90 6 43 66 25 10 55 48 99 83 84 70 57 33 79 5 42 68 45 78 89 94 49 36 56 80 87 75 17 76 27 77 31 71 39 44 40 92 86 91 41 30 62 59 37
8 50
8 51
8 49
3 35
3 34
3 36
20 85
20 87
85 51
18 81
18 79
18 80
34 28
51 28
14 67
14 69
14 68
67 48
67 31
1 28
1 29
1 30
23 95
23 96
23 94
95 86
22 93
22 92
22 91
93 59
11 58
11 60
11 59
58 94
15 72
15 70
15 71
72 87
16 74
16 73
16 75
74 53
9 53
9 54
9 52
21 88
21 90
21 89
60 78
2 32
2 33
2 31
32 42
54 96
54 87
4 38
4 39
4 37
24 97
24 98
24 99
12 61
12 63
12 62
61 55
7 47
7 46
7 48
47 80
19 82
19 83
19 84
13 65
13 64
13 66
0 26
0 27
73 33
64 68
98 69
90 76
6 43
6 45
6 44
43 25
10 55
10 57
10 56
99 44
83 70
84 37
57 33
5 42
5 40
5 41
78 89
49 27
17 76
17 77