9 52 3 36 17 76 14 67 10 56 23 96 21 88 6 44 5 40 20 85 12 61 0 25 26 29 27 55 35 2 33 87 41 62 11 58 7 48 8 51 16 73 82 46 13 65 39 90 19 83 15 70 24 97 1 30 69 74 28 59 45 75 53 57 71 22 91 66 77 64 89 34 78 60 4 38 18 80 94 92 68 95 31 63 42 50 37 47 84 43 86 54 32 79 49 72 99 98 93 81
9 52
9 53
9 54
52 86
52 76
52 58
3 36
3 35
3 34
36 38
17 76
17 78
76 82
76 42
14 67
14 69
14 68
10 56
10 55
10 57
56 77
56 72
56 27
23 96
23 94
23 95
21 88
21 89
21 90
6 44
6 45
6 43
5 40
5 41
5 42
20 85
20 87
20 86
85 43
12 61
12 62
12 63
0 25
0 27
0 26
26 29
29 1
29 35
2 33
2 31
2 32
41 99
41 93
62 78
11 58
11 59
11 60
7 48
7 46
7 47
8 51
8 50
8 49
16 73
16 74
16 75
82 19
46 66
46 81
13 65
13 66
13 64
39 90
39 4
39 47
39 75
19 83
19 84
15 70
15 71
24 97
24 99
24 98
1 30
1 28
69 71
71 63
22 91
22 92
77 92
77 50
78 92
60 94
4 38
4 37
18 80
18 79
18 81
31 63