57 59 27 88 77 79 20 73 70 72 21 76 8 49 94 96 14 61 65 67 66 68 15 63 37 39 11 55 41 43 13 75 6 46 31 95 86 56 51 7 47 48 5 4 42 18 25 84 45 2 38 69 71 9 52 90 92 16 30 44 62 19 0 34 36 22 23 3 40 17 50 12 29 28 1 35 82 26 85 24 87 10 54 78 93 83 64 80 32 97 81 58 91 53
57 59
59 13
27 88
27 22
27 10
88 86
77 79
79 23
20 73
20 0
73 75
70 72
70 18
72 19
21 76
21 75
8 49
8 50
8 7
49 51
94 96
94 30
96 31
14 61
14 62
61 63
65 67
67 17
66 68
66 16
15 63
15 7
15 64
37 39
39 3
11 55
11 56
11 30
11 1
41 43
43 5
13 9
6 46
6 45
46 48
31 95
31 0
95 93
7 47
7 5
7 29
47 45
5 44
5 19
4 42
4 17
4 29
18 25
18 16
25 84
25 83
84 82
2 38
2 9
69 71
71 19
9 52
52 50
90 92
90 28
16 30
16 32
30 12
0 34
34 36
22 17
22 78
23 80
23 24
3 40
3 28
3 26
17 24
17 26
12 58
29 91
1 35
26 85
85 87
24 81
10 54
10 53
32 97