17 76 16 75 74 22 93 13 65 78 10 56 77 18 80 14 69 6 43 5 41 55 45 8 50 15 71 44 66 51 67 57 2 33 81 23 95 7 46 4 39 19 84 40 21 88 49 42 3 34 0 26 9 52 91 54 94 11 59 35 27 12 62 1 28 89 64 37 63 29 90 96 24 98 20 86 92 38 97 73 83 72 36 31 58 87 32 60 70 61 48 99 53 79 25 47 68 82 30 85
17 76
17 78
17 77
16 75
16 74
75 39
74 55
74 60
22 93
22 91
22 92
93 40
93 88
13 65
13 66
13 64
65 80
78 89
10 56
10 55
10 57
77 26
18 80
18 81
14 69
14 67
14 68
69 71
6 43
6 45
6 44
43 81
43 52
5 41
5 40
5 42
8 50
8 51
8 49
15 71
15 72
15 70
71 46
51 82
67 61
2 33
2 32
2 31
81 28
23 95
23 94
23 96
7 46
7 48
7 47
4 39
4 37
4 38
39 83
19 84
19 83
19 82
84 54
21 88
21 89
21 90
3 34
3 35
3 36
0 26
0 27
0 25
26 96
9 52
9 54
9 53
11 59
11 60
35 97
35 53
27 73
12 62
12 63
1 28
1 29
1 30
64 63
29 79
24 98
24 99
24 97
20 86
20 87
20 85
97 31
73 83
73 68
58 87
87 79