0 7 91 14 84 21 28 35 42 49 56 63 70 77 2 9 93 16 86 23 30 37 44 51 58 65 72 79 1 3 8 10 92 94 5 4 6 15 17 12 11 13 22 24 19 18 20 29 31 26 25 27 36 38 33 32 34 43 45 40 39 41 50 52 47 46 48 57 59 54 53 55 64 66 61 60 62 71 73 68 67 69 78 80 75 74 76 85 87 82 81 83 89 88 90 96 95 97
0 7
0 91
0 1
0 3
0 2
7 14
7 8
7 10
91 84
91 92
91 94
14 21
14 15
14 17
84 85
84 87
21 28
21 22
21 24
28 35
28 29
28 31
35 42
35 36
35 38
42 49
42 43
42 45
49 56
49 50
49 52
56 63
56 57
56 59
63 70
63 64
63 66
70 77
70 71
70 73
77 78
77 80
2 9
2 93
2 5
9 16
9 12
93 86
93 96
16 23
16 19
86 89
23 30
23 26
30 37
30 33
37 44
37 40
44 51
44 47
51 58
51 54
58 65
58 61
65 72
65 68
72 79
72 75
79 82
5 4
5 6
12 11
12 13
19 18
19 20
26 25
26 27
33 32
33 34
40 39
40 41
47 46
47 48
54 53
54 55
61 60
61 62
68 67
68 69
75 74
75 76
82 81
82 83
89 88
89 90
96 95
96 97