70 22 31 9 81 21 33 54 75 51 60 65 45 4 11 34 85 50 15 71 36 62 47 86 73 84 6 64 7 12 76 32 30 16 53 24 48 37 2 88 8 42 69 18 5 74 59 72 89 77 46 1 93 3 49 27 63 61 28 56 87 0 43 35 14 90 19 67 40 20 58 57 79 55 39 78 44 10 83 26 41 17 66 94 25 68 82 92 52 13 80 29 23 91
70 22
70 31
70 19
70 42
31 72
31 28
9 81
9 32
9 13
81 18
81 79
21 33
21 74
33 69
54 75
54 4
54 94
75 68
51 60
51 3
51 24
51 52
60 86
65 45
65 2
45 49
45 16
4 61
4 87
11 34
11 18
11 44
11 52
11 23
85 50
85 25
50 84
15 71
15 90
15 39
15 82
71 93
36 62
36 7
36 43
62 35
47 86
47 37
73 84
73 46
73 28
6 64
64 82
64 63
7 92
12 76
12 8
32 30
30 8
30 59
16 53
53 61
24 48
24 83
48 49
2 88
2 93
42 69
42 14
42 40
5 74
5 1
5 78
89 77
89 55
89 23
77 80
1 0
49 0
27 63
56 87
56 20
0 26
35 40
35 58
14 67
90 57
90 10
40 17
26 41
26 91
41 66
41 29