4 12 13 16 21 15 25 99 98 41 44 52 55 65 64 90 93 0 2 3 10 6 17 19 20 32 31 39 38 95 96 50 78 79 88 89 85 87 1 53 57 58 71 77 82 83 35 73 72 66 68 86 94 26 49 59 67 91 92 24 70 76 81 84 97 60 63 62 9 33 42 43 7 46 47 37 27 28 48 11 75 22 5 80 45 14 51 34 23 36 18 29 69 56 30 40 61 74 54
4 12
4 13
4 3
12 16
12 18
13 21
13 10
13 14
21 17
15 25
15 27
25 26
25 24
25 23
99 98
99 89
99 97
41 44
41 35
41 40
44 45
44 54
52 55
52 50
52 53
52 61
55 56
55 59
65 64
65 68
65 67
64 62
90 93
90 91
93 94
93 92
0 2
0 1
2 3
10 6
10 11
6 9
6 7
6 5
19 20
19 33
19 22
19 18
32 31
32 18
39 38
39 34
39 42
38 37
95 96
96 97
50 49
78 79
79 82
79 77
88 89
88 77
89 85
85 87
87 86
57 58
58 59
71 77
71 70
77 73
82 83
82 80
35 33
73 72
73 67
72 69
66 68
66 60
86 91
49 51
24 22
70 76
76 81
76 74
81 84
81 75
63 62
63 61
33 34
42 43
46 47
46 48
46 45
27 28
27 29
45 51
34 36
18 30