30 84 14 22 47 23 72 34 8 25 13 21 15 11 12 43 9 7 1 86 42 6 93 53 57 38 33 70 27 41 31 98 2 66 67 97 81 87 26 36 5 48 95 44 92 64 49 45 29 59 0 46 52 71 39 20 28 90 10 32 61 78 16 80 65 18 75 88 40 58 35 96 17 82 3 99 74 85 89 83 55 69 51 54 77 73 19 37 56
30 84
30 70
30 73
84 1
14 22
14 6
14 44
14 47
22 96
47 23
47 21
47 83
23 9
23 88
23 40
72 34
72 90
72 77
8 25
8 93
8 36
8 13
8 82
25 5
13 21
13 15
21 66
21 56
15 11
15 87
15 20
15 55
11 92
11 32
11 80
12 43
12 59
12 69
9 59
7 1
7 2
7 10
1 49
1 5
1 65
86 42
42 95
6 26
6 64
6 17
53 57
57 81
57 90
38 33
33 44
27 41
27 31
27 48
41 95
41 52
31 98
2 39
2 35
2 85
66 71
67 97
97 45
5 48
49 99
45 29
29 10
59 90
0 46
0 18
46 61
46 37
71 18
28 90
28 16
10 89
32 74
61 78
78 75
40 58
35 19
3 99
99 51
54 77