26 27 77 46 37 99 97 2 57 73 56 33 40 91 42 86 20 55 10 35 36 41 3 17 8 32 7 79 89 74 6 31 62 44 16 96 21 66 76 68 11 52 98 28 88 48 72 82 15 22 23 80 85 25 51 1 5 38 9 43 54 47 53 92 60 24 67 14 69 61 95 81 65 75 63 12 0 58 18 59 39 70 19 90 83 29 30 84 49 78 50 13 64 87 93 34 4 45 71
26 27
26 11
26 50
77 46
77 33
77 89
77 91
46 25
37 99
37 6
99 56
99 44
97 2
97 15
2 74
57 73
57 89
73 45
33 30
40 91
40 10
42 86
42 74
42 19
42 4
20 55
20 62
20 54
20 23
55 92
10 35
10 38
10 24
10 83
35 47
36 41
41 14
41 17
3 17
3 7
17 85
8 32
8 82
32 52
32 93
7 69
79 89
79 52
79 58
79 18
89 53
89 21
89 90
74 0
6 31
6 80
62 82
62 71
44 21
44 81
16 96
16 88
16 85
96 68
96 82
96 66
66 76
66 59
66 29
11 49
52 98
28 88
88 0
48 72
48 65
72 15
82 49
15 64
22 23
22 70
80 78
25 51
1 5
5 61
9 43
9 54
47 67
92 60
67 34
61 95
95 64
65 75
63 12
63 4
0 13
39 70
30 84
30 87