3 4 8 17 2 12 11 22 46 45 48 57 66 65 67 98 76 77 80 90 81 82 83 0 1 71 72 10 41 51 20 50 60 5 14 6 7 15 21 49 59 25 31 86 96 26 35 30 40 74 84 93 94 27 37 62 70 75 36 9 28 38 19 29 23 24 16 44 52 47 33 32 39 54 55 64 42 53 63 85 95 34 43 58 69 89 88 92 13 73 61 68 79 91 78 18 56 87
3 4
3 13
3 2
4 14
8 17
8 27
2 12
2 1
11 22
22 21
46 45
46 35
46 56
45 44
48 57
48 58
57 67
66 65
66 76
66 55
67 98
67 56
67 68
98 87
98 88
76 77
76 86
76 75
80 90
80 81
80 71
81 82
82 83
83 93
83 92
0 1
0 10
71 72
71 60
71 62
71 70
72 84
10 20
41 51
41 50
41 31
41 30
41 40
41 52
41 32
20 21
50 60
5 14
5 6
14 15
14 23
6 7
15 25
15 26
15 16
49 59
49 39
59 69
25 35
25 24
86 96
74 84
74 64
93 94
94 85
27 37
27 36
27 16
27 18
27 28
62 61
9 28
9 38
9 19
9 29
38 47
24 33
44 53
52 43
33 32
32 42
54 55
54 64
54 73
53 63
85 95
34 43
58 69
89 88
89 78
92 91
68 79