0 5 1 53 9 38 49 11 88 15 19 16 94 18 91 32 80 37 66 46 74 47 85 52 95 79 97 82 50 96 70 10 54 36 89 83 8 12 26 62 22 44 24 23 35 76 40 84 48 58 69 90 67 2 77 65 78 20 13 56 73 68 34 4 75 86 59 71 72 14 25 45 30 3 55 17 51 27 6 81 39 41 64 60 33 92 28 93 87 63 21 43 57
0 5
0 95
5 83
5 88
1 53
1 30
53 96
9 38
9 49
9 55
38 16
38 50
38 22
49 91
11 88
11 85
88 14
15 19
15 62
15 79
15 85
15 10
19 82
19 71
16 94
16 8
16 63
18 91
18 12
32 80
32 36
37 66
37 75
66 56
46 74
46 47
46 86
47 85
52 95
95 26
79 97
79 43
50 20
96 70
96 92
10 54
36 89
36 76
36 56
36 25
83 72
83 28
8 3
8 84
8 87
12 26
62 90
22 44
22 30
24 23
23 72
35 76
35 68
76 48
76 67
40 84
84 45
58 69
69 75
69 41
69 93
90 57
67 2
67 27
77 65
77 78
65 72
20 13
13 51
73 68
34 4
34 81
34 72
75 59
86 60
59 64
71 21
25 45
25 39
17 51
27 6
6 33