17 80 59 7 79 4 51 92 20 9 49 86 84 25 57 46 48 99 40 6 67 93 89 23 31 39 50 72 55 5 85 35 52 15 3 77 44 88 56 62 94 34 78 11 43 76 90 26 83 36 63 54 65 24 64 8 68 37 0 19 41 61 73 12 14 21 70 69 87 53 97 18 13 60 66 71 38 28 81 95 22 2 10
17 80
17 53
80 3
80 15
80 35
59 7
7 9
79 4
79 51
4 49
51 43
51 35
92 20
92 9
92 18
20 71
20 19
9 49
9 56
49 85
86 84
84 90
25 57
25 35
57 88
46 48
46 44
48 11
99 40
99 77
99 83
99 22
99 10
40 31
40 61
40 63
6 67
6 76
6 8
93 89
93 36
89 24
89 90
23 31
23 94
31 5
31 69
39 50
39 72
39 36
50 52
50 81
72 55
72 64
85 87
35 28
52 15
52 77
52 8
3 26
44 88
56 62
34 78
34 13
78 0
78 19
76 38
90 95
26 14
83 65
63 54
65 60
64 66
8 68
68 37
19 41
73 12
73 60
12 21
21 70
53 97
2 10