95 73 17 21 72 23 9 92 68 18 55 58 24 53 54 83 38 39 3 77 62 8 0 94 51 61 13 29 27 12 65 86 36 56 42 69 71 10 30 88 41 1 15 50 44 48 7 20 16 98 22 28 82 57 85 81 60 31 19 34 45 93 67 63 79 35 33 2 64 46 76 97 90 66 25 4 91 74 43 80 59 37 78 84 49 5 14 89 75 32 47 87 96 70 40 11 26 6
95 73
95 50
95 35
95 71
73 51
17 21
21 48
72 23
72 57
23 9
9 92
9 20
68 18
68 57
18 53
18 78
18 89
55 58
55 0
58 16
24 53
24 27
24 94
24 76
53 91
54 83
54 41
83 44
83 14
38 39
39 10
39 0
39 5
3 77
3 63
62 8
62 41
8 10
0 94
0 33
0 4
51 61
51 22
51 42
13 29
13 10
13 80
29 12
29 60
12 15
65 86
65 81
86 36
86 93
36 67
56 42
69 71
71 87
10 66
30 88
88 79
88 82
41 28
1 15
1 84
1 26
48 7
7 31
20 11
16 97
98 22
98 31
22 34
22 64
28 82
82 81
57 85
57 90
85 19
60 59
31 19
31 6
19 63
45 93
45 43
93 74
33 37
2 64
2 49
46 76
97 25
59 40
37 70
78 96
84 32
89 75
32 47