48 50 19 23 63 68 81 82 30 35 3 2 57 61 43 46 47 49 20 91 94 87 92 45 42 44 9 15 95 74 76 53 28 31 54 36 41 71 34 39 32 33 56 21 22 78 64 7 8 4 73 75 67 72 13 14 51 98 40 86 85 12 17 66 69 38 79 77 6 59 60 96 99 84 27 65 16 89 93 5 18 10 70 83 37 55 97 11 88 0 90 58 24 80 26 25 29 1 52 62
48 50
48 46
50 53
19 23
23 20
23 26
63 68
63 62
68 64
81 82
82 78
82 83
82 79
82 87
82 86
30 35
30 34
30 31
30 29
35 36
35 40
3 2
3 7
3 0
57 61
57 53
57 54
57 56
57 58
57 62
61 65
61 60
61 66
43 46
46 42
47 49
47 45
20 16
91 94
91 95
91 86
94 98
87 92
87 88
92 97
45 44
45 40
42 39
9 15
15 10
15 11
74 76
74 71
76 79
53 52
28 31
28 27
54 51
54 55
36 41
41 37
71 72
34 39
34 33
32 33
33 38
21 22
21 17
22 24
78 77
78 75
7 8
7 4
7 6
7 12
8 5
4 1
73 75
73 69
67 72
13 14
13 12
13 18
86 85
86 90
85 84
12 17
66 69
66 70
79 80
59 60
96 99
99 97
27 24
16 11
89 93
93 88
26 25
25 29