57 6 78 5 30 77 28 37 1 25 76 87 17 39 32 93 34 29 2 50 18 4 58 27 7 16 31 13 14 83 47 38 90 65 8 81 21 15 45 56 66 55 91 43 24 62 48 80 52 72 36 0 61 88 42 49 46 92 41 59 3 9 23 35 67 64 85 51 33 69 98 26 11 12 70 86 84 74 96 22 79 82 73 54 97 63 95
57 6
57 28
57 14
6 21
78 5
78 42
78 33
5 24
5 67
5 29
30 77
30 27
28 37
28 8
28 36
28 24
37 13
1 25
25 11
25 63
76 87
76 80
76 49
87 21
87 48
17 39
17 26
39 31
32 93
32 65
32 98
34 29
2 50
2 18
2 90
2 4
50 52
50 27
18 62
18 55
18 46
18 73
4 58
27 88
7 16
7 51
7 26
7 11
13 81
14 83
47 38
47 43
38 92
65 45
65 12
21 26
15 45
15 43
15 64
56 66
56 69
66 22
55 91
24 96
80 92
52 72
0 61
61 41
61 67
49 46
92 59
41 82
3 9
3 69
3 95
9 84
23 35
23 12
64 85
69 98
26 54
26 97
11 79
70 86
86 79
84 74