76 75 54 44 59 72 37 26 28 86 60 97 90 7 1 8 89 5 49 45 39 13 67 79 4 57 36 33 68 64 51 14 40 15 91 99 32 63 82 47 24 98 35 48 10 94 42 17 73 25 34 92 20 23 53 93 88 69 85 61 27 12 80 81 29 66 56 50 77 22 19 16 2 6 87 18 65 96 41 11 21 71 38 3 84 0 43 70 62 30 55 74 83 31
76 75
76 92
76 68
76 12
54 44
54 1
44 4
59 72
59 93
37 26
37 47
26 5
26 30
28 86
28 48
28 10
86 32
86 23
86 27
60 97
60 73
97 43
97 70
90 7
90 15
90 42
7 41
1 8
1 67
8 69
8 51
89 5
89 64
89 99
5 16
5 38
49 45
49 71
39 13
39 27
13 98
13 55
79 4
79 93
57 36
57 0
36 47
36 61
36 15
33 68
33 50
68 64
68 21
64 51
64 10
64 94
64 18
51 20
14 40
14 24
91 99
91 83
99 34
63 82
63 94
63 71
47 19
47 62
24 53
98 35
48 85
17 73
73 11
73 66
25 34
20 88
23 6
53 61
88 87
85 96
80 81
80 29
80 22
80 6
81 77
29 66
56 50
77 31
22 65
16 2
2 3
41 84
0 74