14 79 46 73 10 99 60 9 90 41 49 89 18 13 1 22 17 59 58 92 81 11 45 35 82 96 66 37 97 80 30 87 85 72 23 50 63 2 39 95 7 53 29 64 20 8 71 67 68 12 40 25 75 26 84 88 54 48 86 3 76 70 43 27 4 16 93 5 52 31 62 36 34 6 21 65 32 56 98 38 15 57 19 51 33 83 42 94 28 61 91 74 69 55 0 44 47 78 24
14 79
14 67
14 19
46 73
46 81
46 38
10 99
10 66
10 12
99 82
99 88
60 9
9 53
90 41
90 32
49 89
49 17
89 63
89 48
18 13
18 7
18 1
1 22
1 34
22 62
22 32
17 59
17 2
17 33
59 96
58 92
58 85
58 16
92 97
81 11
81 40
81 67
81 24
11 50
45 35
35 31
82 96
96 68
96 98
37 97
37 74
97 23
97 43
80 30
80 70
30 38
87 85
87 83
87 28
87 47
85 93
72 23
72 7
72 76
50 15
2 39
39 61
95 7
7 64
7 88
7 71
7 6
53 29
53 84
53 98
20 8
8 54
8 3
8 57
8 55
71 67
71 26
71 56
25 75
25 5
48 86
3 62
76 65
70 51
70 78
43 27
43 94
27 91
4 16
93 52
5 98
52 31
36 34
36 42
6 21
32 69
98 0
33 44