29 91 17 68 1 35 11 55 31 95 28 89 22 77 21 75 70 72 61 63 53 9 52 26 86 51 14 62 19 71 20 74 76 56 34 36 88 46 48 27 87 3 40 73 85 6 2 37 23 80 7 47 5 43 30 94 64 8 50 49 69 24 81 0 12 13 60 82 25 45 10 54 15 42 44 83 58 4 65 67 32 97 16 66 41 79 57 59 84 78 96 18 90 92 93 33 39
29 91
29 22
29 6
29 18
17 68
17 67
17 20
1 35
1 3
11 55
11 56
11 5
11 8
11 28
11 2
11 0
55 53
31 95
31 25
31 23
28 89
28 3
28 13
28 25
28 90
22 77
22 9
22 78
21 75
21 76
75 73
70 72
72 19
61 63
61 14
9 52
9 51
26 86
26 85
26 12
86 88
51 49
14 62
14 12
14 24
62 64
19 71
19 13
19 10
19 20
71 69
20 74
74 76
34 36
34 0
46 48
46 6
48 7
27 87
87 85
3 40
3 24
3 39
6 45
6 32
2 37
2 16
23 80
23 79
7 47
7 12
5 43
5 44
43 41
30 94
30 13
30 93
94 96
64 15
8 50
24 81
24 82
81 83
0 33
12 58
13 60
13 59
82 84
10 54
42 44
42 4
65 67
32 97
16 66
57 59
90 92