46 22 66 96 33 54 43 75 10 51 87 42 26 2 68 11 4 45 82 3 92 55 81 89 40 91 73 53 79 74 14 80 62 64 15 90 58 23 0 69 71 6 19 59 67 38 16 97 20 60 52 70 29 21 30 37 12 78 34 1 28 39 93 8 36 44 41 83 27 9 7 17 98 61 47 94 95 49 56 32 85 5 72 24 76 25 65 18 77 86 99 50 48 35 84 63
46 22
46 17
66 96
66 74
33 54
33 23
33 50
43 75
43 12
10 51
10 89
10 8
51 87
87 11
87 97
42 26
42 55
26 62
2 68
2 36
68 11
68 44
4 45
4 8
45 82
3 92
3 53
3 37
92 58
55 25
81 89
81 79
81 35
89 77
40 91
40 80
40 1
91 73
73 38
53 0
79 64
74 14
14 80
14 86
80 60
62 64
64 6
15 90
15 39
15 49
90 16
90 78
58 29
23 12
0 98
0 44
69 71
69 29
6 84
19 59
59 72
67 38
67 28
67 8
16 9
97 34
20 60
20 41
52 70
52 17
70 28
21 30
21 27
21 94
30 37
34 7
39 93
93 99
36 83
44 95
41 63
83 5
27 72
7 48
98 61
61 76
47 94
49 56
32 85
32 84
5 18
72 50
24 76
25 65
86 99