17 18 97 98 63 64 32 33 61 62 5 6 50 51 16 7 13 14 31 99 45 46 67 68 88 89 41 42 53 54 56 57 52 85 86 90 91 92 82 83 37 38 36 12 93 24 25 71 72 84 29 30 95 43 44 26 27 9 11 58 10 23 73 74 60 34 35 96 87 75 77 40 48 49 1 2 55 78 79 47 28 94 69 70 0 80 76 65 66 8 39 21 22 81 3 20 59 19 4 15
17 18
17 16
17 15
18 19
97 98
97 96
98 99
63 64
63 62
64 65
32 33
32 31
32 30
33 35
61 62
61 60
5 6
5 4
6 7
50 51
50 49
51 52
7 8
13 14
13 12
14 15
45 46
45 44
46 47
67 68
67 66
68 69
88 89
88 87
89 90
41 42
41 40
41 39
42 44
53 54
53 52
54 56
56 57
56 55
57 58
57 59
85 86
86 87
86 84
90 91
91 92
92 93
82 83
83 84
83 81
37 38
38 36
38 39
36 35
12 11
93 95
24 25
24 23
24 26
71 72
71 69
72 73
29 30
29 28
95 94
95 96
43 44
26 27
27 28
9 11
9 10
9 8
23 22
73 74
74 75
60 59
34 35
75 77
77 78
77 76
48 49
48 47
1 2
2 0
2 3
78 79
78 80
69 70
80 81
65 66
21 22
21 20
3 4
20 19