0 1 2 3 56 93 4 89 84 5 12 13 20 6 10 11 7 31 60 8 9 14 32 54 45 65 67 76 48 15 69 72 16 17 18 19 21 28 23 22 24 34 78 85 25 26 27 29 30 33 68 96 99 35 36 37 38 39 40 41 42 43 44 57 46 47 49 50 51 52 90 53 55 58 59 61 62 63 64 66 80 70 71 73 74 75 77 79 81 82 83 86
0 1
1 2
1 99
1 72
2 3
3 4
56 93
56 45
4 5
4 20
4 57
4 90
89 84
84 83
5 6
12 13
12 11
13 14
20 21
6 7
10 11
10 9
7 8
31 60
31 48
31 30
31 32
60 61
8 9
9 85
14 15
32 54
32 33
54 55
45 65
45 44
45 46
65 66
67 76
76 29
76 77
48 49
15 16
69 72
69 70
72 73
16 17
17 18
18 19
21 22
28 23
28 29
23 24
23 22
23 96
24 25
34 78
34 33
34 35
34 80
78 79
85 86
25 26
26 27
29 30
68 96
35 36
36 37
37 38
38 39
39 40
40 41
41 42
42 43
43 44
57 58
46 47
49 50
50 51
51 52
52 53
58 59
61 62
62 63
63 64
80 81
70 71
73 74
74 75
81 82
82 83