45 47 70 72 90 92 57 59 31 95 6 46 28 50 52 17 68 29 91 32 98 30 93 12 22 77 62 64 97 89 27 88 18 9 2 38 94 96 82 84 10 53 66 33 35 73 75 21 76 16 65 54 56 5 44 3 51 7 8 25 78 14 61 20 19 71 40 13 60 0 23 11 15 79 24 81 69 58 41 43 48 42 80 26 86 4 63 87 83 1 67 74 36 49 37 39 34 85 55
45 47
45 6
47 7
70 72
70 18
90 92
90 28
57 59
57 12
31 95
31 11
31 96
6 46
6 25
28 20
28 89
28 14
28 23
50 52
50 8
52 9
17 68
17 2
17 29
17 13
17 24
17 67
17 27
17 10
68 66
29 91
91 89
32 98
32 97
32 24
30 93
30 0
30 94
30 4
12 19
12 0
22 77
22 78
77 79
62 64
62 14
64 15
27 88
27 87
27 26
18 69
9 51
2 38
2 3
2 37
38 40
94 96
82 84
84 25
10 53
10 54
53 55
66 16
33 35
35 1
73 75
75 21
21 76
21 7
21 8
76 74
16 65
54 56
5 44
5 43
44 42
7 48
8 0
8 49
25 23
25 1
14 61
19 71
71 69
13 60
60 58
23 79
23 80
15 63
24 81
81 83
41 43
41 4
26 86
87 85
1 36
36 34
37 39