26 49 93 16 25 34 46 45 48 70 69 95 88 28 61 52 81 9 99 20 18 76 71 17 44 42 33 10 39 87 51 19 58 21 37 27 31 53 64 90 2 13 23 96 94 22 40 54 3 92 77 72 7 86 1 97 56 91 78 73 41 66 11 15 4 68 62 60 32 14 6 65 36 38 30 82 84 67 74 79 80 57 29 98 55 12 5 43 59 35 75 47 24 85 63 50 83
26 49
26 88
26 41
49 13
93 16
16 61
25 34
34 62
34 57
46 45
46 76
45 31
45 9
45 13
45 62
45 65
48 70
48 10
48 29
48 84
70 77
69 95
95 81
28 61
28 52
61 90
61 41
52 47
81 31
81 15
81 20
81 60
81 30
9 99
99 71
99 27
20 18
20 5
18 74
76 85
71 94
17 44
44 78
42 33
42 22
42 14
33 40
33 12
10 39
10 2
10 13
87 51
87 77
87 98
19 58
58 77
21 37
37 64
37 36
37 7
27 75
31 53
31 1
31 54
31 55
90 92
2 32
2 6
13 63
23 96
23 82
96 73
96 36
94 78
22 86
40 1
54 3
54 43
3 50
72 7
72 79
1 97
97 59
97 83
56 91
56 38
91 36
78 73
66 11
11 55
4 68
68 60
68 35
84 67
79 80
47 24