24 5 99 72 81 48 33 97 87 53 64 41 90 92 20 23 26 93 4 11 74 49 95 68 13 25 28 91 22 82 12 89 71 10 67 86 6 18 77 39 83 2 36 38 34 40 37 80 56 60 76 84 98 75 54 96 94 65 78 1 9 32 35 63 29 57 69 21 44 3 52 88 8 79 17 66 61 62 73 0 47 70 46 55 15 43 42 85 51 14 45 50 19
24 5
24 62
99 72
99 87
99 62
72 22
81 48
48 68
48 76
48 35
48 75
33 97
33 53
33 4
33 71
97 64
97 93
97 83
87 28
87 26
87 56
87 29
87 55
53 23
64 57
41 90
41 1
41 38
92 20
92 83
23 91
26 93
26 17
93 2
93 84
11 74
11 13
11 96
49 95
49 82
95 12
95 60
95 21
13 25
25 89
91 39
91 98
91 61
22 86
82 44
12 69
12 70
12 0
89 71
89 6
71 36
71 85
10 67
67 6
67 54
86 88
86 66
6 75
6 42
18 77
18 47
77 0
38 34
38 65
40 37
37 9
80 56
56 9
60 9
84 63
75 46
75 45
96 94
94 78
65 78
65 52
9 32
9 15
57 79
69 14
3 52
3 19
88 8
88 73
79 51
15 43
50 19