0 27 2 31 19 83 23 96 7 48 20 86 9 52 14 69 3 34 35 13 66 11 58 22 93 33 36 82 24 99 60 10 56 21 90 4 38 37 54 16 75 89 17 78 6 43 8 50 15 70 45 95 67 59 46 1 28 74 87 18 79 12 62 32 49 5 42 63 51 30 97 85 44 29 72 73 25 80 81 47 92 68 76 91 65 88 84 77 61 40 41 53 94 71 64 26 98 39 55 57
0 27
0 25
2 31
2 33
2 32
31 44
19 83
19 82
83 86
23 96
23 95
23 94
96 73
7 48
7 46
7 47
48 62
48 91
20 86
20 87
20 85
86 43
9 52
9 54
9 53
14 69
14 67
14 68
69 76
3 34
3 35
3 36
13 66
13 65
13 64
66 41
11 58
11 60
11 59
22 93
22 92
22 91
93 56
36 84
36 60
24 99
24 97
24 98
10 56
10 55
10 57
56 81
21 90
21 89
21 88
4 38
4 37
4 39
37 61
54 77
16 75
16 74
16 73
75 46
89 80
17 78
17 77
78 25
6 43
6 45
6 44
43 46
8 50
8 51
8 49
50 53
15 70
15 72
15 71
59 64
1 28
1 30
1 29
74 49
18 79
18 80
18 81
12 62
12 63
12 61
32 76
5 42
5 40
5 41
42 25
30 68
97 25
72 26
61 26