6 52 89 58 65 53 49 92 37 48 38 61 56 69 72 59 64 29 67 90 35 74 28 73 33 68 40 18 96 12 36 7 22 50 91 80 3 39 71 10 60 2 27 19 21 70 20 78 54 87 41 76 16 15 88 86 95 23 32 97 26 34 24 1 84 17 46 62 30 47 25 79 99 93 83 57 75 31 77 66 0 5 82 43 42 4 94 11 51 63 9
6 52
6 18
52 71
89 58
89 80
89 2
89 54
89 16
65 53
65 9
53 33
53 59
49 92
49 15
92 90
37 48
37 30
48 74
38 61
61 90
56 69
56 35
69 57
72 59
72 67
72 40
72 46
64 29
64 15
64 20
64 46
29 22
29 76
29 60
29 63
90 23
90 94
28 73
28 7
73 36
73 32
73 84
33 95
68 40
18 96
96 87
12 36
12 97
12 25
12 93
36 27
7 76
50 91
50 87
50 88
50 42
91 3
3 39
39 19
39 84
10 60
60 77
2 88
27 41
19 21
19 70
19 5
20 78
20 57
20 82
78 43
76 62
86 95
86 66
23 30
23 11
32 0
26 34
34 25
24 1
1 77
84 47
84 75
84 79
17 46
25 31
79 99
93 83
77 51
4 94