8 49 13 66 6 45 14 68 4 39 44 23 94 22 91 18 80 21 88 3 34 89 16 75 81 20 86 69 19 83 5 42 17 77 93 7 46 85 1 29 40 0 27 10 55 95 12 61 28 15 70 79 73 71 9 54 72 25 43 98 67 74 51 37 11 60 24 97 36 62 57 50 76 2 32 48 31 90 52 87 96 33 35 64 56 59 99 26 92 65 30 63 82 78 38 47 53 58 84 41
8 49
8 51
8 50
49 64
13 66
13 64
13 65
66 53
66 84
6 45
6 44
6 43
14 68
14 69
14 67
68 93
4 39
4 37
4 38
23 94
23 95
23 96
94 70
22 91
22 93
22 92
91 56
18 80
18 81
18 79
80 42
21 88
21 89
21 90
88 43
88 99
3 34
3 36
3 35
34 70
16 75
16 73
16 74
75 60
81 87
20 86
20 85
20 87
69 76
19 83
19 82
83 98
83 26
5 42
5 40
17 77
17 76
17 78
7 46
7 48
7 47
1 29
1 28
1 30
40 55
0 27
0 25
0 26
10 55
10 57
55 61
95 28
12 61
12 62
12 63
15 70
15 71
15 72
79 59
9 54
9 52
25 65
25 47
98 24
98 74
51 33
37 59
37 78
11 60
11 58
24 97
24 99
97 35
62 52
62 41
57 32
2 32
2 31
2 33