42 49 13 63 58 68 53 60 15 64 50 29 70 62 45 19 25 39 22 67 27 56 37 5 52 47 55 54 17 0 31 21 74 43 30 57 10 32 16 24 46 71 69 23 44 59 38 65 35 72 9 3 73 66 48 2 11 36 61 28 20 12 33 4 8 41 7 26 6 1 18 14 40 51
42 49
42 37
42 44
49 70
49 19
49 56
49 62
49 58
13 63
13 29
13 37
13 41
63 31
63 35
63 3
63 11
58 68
68 72
53 60
53 57
53 48
53 20
53 7
60 59
60 40
15 64
15 19
64 16
64 57
64 73
50 29
50 46
29 66
29 52
70 1
70 18
62 45
45 4
19 25
19 71
25 17
39 22
39 44
22 38
22 69
67 27
67 5
67 37
27 61
56 54
37 65
5 32
52 47
52 0
52 43
52 10
52 9
55 54
54 2
21 74
21 32
43 8
30 57
10 26
16 28
24 46
69 23
65 12
72 14
9 36
3 6
33 4
18 51