20 22 57 59 71 73 61 56 58 48 50 51 53 27 29 26 28 24 18 81 83 52 54 5 7 31 86 88 60 62 21 23 64 66 8 10 44 46 76 78 38 40 33 35 85 87 6 55 90 45 47 79 12 14 68 1 3 96 98 42 25 72 74 94 82 84 0 36 70 30 32 13 15 37 65 67 9 11 91 93 19 34 16 80 92 69 89 17 75 77 41 43 39 2 4 97 99 63 95 49
20 22
20 18
22 24
57 59
57 55
59 61
71 73
71 69
73 75
61 63
56 58
56 54
58 60
48 50
48 46
50 52
51 53
51 49
53 55
27 29
27 25
29 31
26 28
26 24
18 16
81 83
81 79
83 85
52 54
5 7
5 3
7 9
31 33
86 88
86 84
88 90
60 62
62 64
21 23
21 19
23 25
64 66
66 68
8 10
8 6
10 12
44 46
44 42
76 78
76 74
78 80
38 40
38 36
40 42
33 35
35 37
85 87
87 89
6 4
90 92
45 47
45 43
47 49
79 77
12 14
14 16
68 70
1 3
1 0
1 99
96 98
96 94
98 0
72 74
72 70
94 92
82 84
82 80
0 2
36 34
30 32
32 34
13 15
13 11
15 17
65 67
65 63
67 69
9 11
91 93
91 89
93 95
19 17
75 77
41 43
41 39
2 4
97 99
97 95