5 21 46 30 26 38 8 32 4 34 43 22 31 23 70 68 13 15 16 42 37 33 64 20 25 36 59 29 1 2 45 72 58 7 18 17 47 63 9 44 41 61 0 60 57 40 19 66 35 54 39 49 28 56 55 3 11 84 52 90 67 10 6 24 65 69 77 50 48 99 51 98 75 79 97 86 71 81 87 62 27 74 14 89 96 95 93
5 21
5 43
46 30
46 4
30 70
26 38
38 37
38 31
38 36
38 95
8 32
8 23
8 67
8 3
4 34
34 33
43 36
43 28
22 31
22 87
23 44
70 25
70 2
70 18
68 13
68 42
68 61
68 0
68 63
13 45
15 16
15 1
15 63
15 81
16 60
42 40
37 48
64 20
64 9
20 47
36 41
59 29
59 57
59 58
59 27
59 6
29 7
2 49
72 58
58 14
7 18
18 84
17 47
17 6
47 65
44 99
41 62
61 51
0 77
0 98
0 79
0 97
0 86
0 35
0 90
0 75
0 74
0 89
0 96
0 93
19 66
19 39
19 10
19 71
66 56
35 54
54 55
39 52
28 90
28 56
3 11
3 50
11 24
67 6
6 75
65 69