51 74 5 30 1 6 4 59 34 40 54 57 17 22 25 82 0 20 9 55 28 47 61 8 46 44 81 14 29 92 2 39 23 63 32 11 35 53 88 71 98 12 13 24 15 76 3 99 48 49 7 64 33 96 90 41 69 18 62 45 86 97 10 16 31 56 94 26 95 36 37 75 67 38 91 87 85 52 83 70 72 73 19 60 79 66 27 42 21 77 89 93 80 43 78 65 84
51 74
51 13
74 99
5 30
5 24
5 33
5 78
30 81
30 76
30 85
1 6
6 88
6 9
6 2
4 59
59 28
59 91
34 40
34 46
34 24
34 47
40 96
54 57
54 11
54 33
57 56
57 89
17 22
17 3
25 82
25 81
0 20
0 7
0 42
0 21
20 95
20 36
20 67
9 55
9 10
9 27
55 14
55 79
55 80
28 41
28 70
47 61
47 53
47 65
8 46
8 49
8 62
46 32
46 71
44 81
14 63
14 12
14 15
14 3
14 18
29 92
29 88
2 39
2 16
23 63
23 94
23 93
63 13
11 35
11 26
11 43
88 90
71 98
71 66
13 76
13 60
24 67
99 41
48 49
7 64
7 69
90 86
90 19
41 52
69 45
69 73
18 87
86 97
10 37
16 31
56 38
26 77
37 75
52 83
72 73
60 84