85 87 7 48 21 75 16 66 6 45 27 20 74 89 91 38 40 23 79 68 65 13 60 1 35 8 50 41 43 4 54 56 61 63 46 33 0 34 47 80 26 36 58 10 77 24 81 53 15 32 31 96 86 9 12 95 29 25 83 5 49 3 30 93 19 72 44 11 55 51 69 71 82 76 52 18 70 17 67 37 39 59 84 88 90 92 42 22 78 94 57 14 62 73 97 64 28 2 98
85 87
85 26
87 27
7 48
7 47
7 29
48 46
21 75
21 76
16 66
16 65
66 68
6 45
6 46
6 23
27 88
20 74
20 4
20 18
20 73
74 76
89 91
89 28
38 40
38 2
23 79
23 80
23 11
79 77
65 67
13 60
13 3
13 59
60 58
1 35
1 29
1 36
35 33
8 50
8 29
8 49
8 3
8 5
41 43
41 4
43 5
4 26
54 56
56 11
61 63
63 15
0 34
0 10
0 9
34 36
80 78
26 86
58 12
10 53
24 81
24 82
24 3
15 32
32 30
32 3
32 97
32 98
31 96
31 95
31 5
31 19
9 52
12 57
29 25
29 92
25 83
25 2
5 44
49 51
30 93
30 94
19 72
44 42
11 55
69 71
69 18
82 84
18 70
17 67
17 22
17 28
37 39
37 2
90 92
22 78
14 62
14 28
62 64