9 52 7 48 0 26 18 79 12 62 2 32 5 40 21 90 23 96 24 97 4 38 20 86 31 10 55 6 44 1 29 14 68 54 81 39 47 41 15 70 13 65 27 8 50 64 43 22 91 88 66 71 16 74 3 36 94 11 60 93 87 73 37 53 67 28 34 17 77 80 99 57 25 98 42 78 61 69 35 83 19 84 75 95 82 58 49 63 45 46 92 33 72 56 85 30 76 89 59 51
9 52
9 54
9 53
52 32
52 75
7 48
7 47
7 46
48 78
0 26
0 27
0 25
18 79
18 81
18 80
12 62
12 61
12 63
2 32
2 31
32 56
5 40
5 41
5 42
21 90
21 88
21 89
90 80
23 96
23 94
23 95
24 97
24 99
24 98
97 68
97 63
4 38
4 39
4 37
20 86
20 87
20 85
86 49
10 55
55 66
6 44
6 43
6 45
44 37
1 29
1 28
29 59
29 36
14 68
14 67
14 69
81 51
39 94
39 85
47 36
47 67
15 70
15 71
15 72
70 75
13 65
13 64
13 66
27 95
8 50
8 49
50 28
64 57
43 93
22 91
22 93
22 92
88 46
71 57
16 74
16 73
3 36
3 34
3 35
36 73
11 60
11 58
11 59
17 77
17 78
17 76
25 42
98 83
61 75
69 33
83 19
83 30
19 84
19 82