45 48 50 82 11 39 79 85 62 88 3 80 21 67 53 46 87 49 58 25 27 23 37 55 94 42 93 71 75 7 18 81 38 28 65 0 99 97 36 40 60 34 66 56 47 26 9 1 98 91 22 24 14 69 31 72 8 5 64 54 52 74 20 59 83 41 73 44 17 15 70 30 2 6 32 68 43 76 95 89 4 13 51 63 84 61 12 90 78 77 33 86 10 35 92 29 16 57 96 19
45 48
45 41
45 71
48 7
48 55
48 35
48 64
50 82
50 55
50 63
82 97
82 80
11 39
11 12
39 38
79 85
79 95
85 87
85 26
85 88
85 44
62 88
62 58
62 15
62 68
62 13
88 21
88 94
88 81
3 80
3 67
3 34
80 43
21 8
53 46
53 19
87 89
87 10
87 91
49 58
25 27
27 65
23 37
37 36
37 0
37 33
42 93
93 68
71 75
71 76
71 78
75 2
7 18
7 56
7 4
81 5
81 54
38 72
28 65
65 69
0 99
0 47
0 6
0 14
99 92
40 60
40 31
40 43
34 66
34 30
47 64
47 59
47 22
9 1
9 43
98 91
91 96
22 24
24 20
24 54
14 69
14 17
69 83
72 74
54 52
54 84
52 51
74 73
74 70
74 44
74 16
59 32
17 29
15 19
84 61
61 57
12 90
78 77
33 86