26 27 50 52 72 77 90 92 30 35 48 53 66 71 60 62 0 4 40 37 17 18 36 89 85 6 34 5 88 80 81 20 22 74 75 42 44 84 86 41 94 95 87 78 83 59 68 69 91 76 73 82 24 29 23 32 33 54 25 16 70 12 38 13 55 64 19 65 49 47 43 2 3 51 14 67 46 61 56 57 31 58 11 7 28 10 1 79 8 9 39 93 15
26 27
26 24
50 52
50 51
52 53
52 49
72 77
72 71
72 74
72 76
77 78
90 92
90 89
92 94
92 93
30 35
30 34
30 29
30 32
35 31
35 36
48 53
48 47
53 54
66 71
66 68
66 65
60 62
60 59
60 64
0 4
0 5
0 2
4 6
40 37
40 36
37 41
17 18
17 16
17 12
18 20
36 38
89 85
89 84
85 88
6 11
6 8
5 1
80 81
80 82
20 22
22 23
74 75
42 44
42 47
42 46
42 41
84 86
84 83
86 87
94 95
94 91
78 83
78 82
59 55
59 58
68 69
68 70
76 73
82 79
24 23
24 29
24 28
29 25
23 19
32 33
54 56
16 13
70 67
12 14
12 11
38 39
64 65
65 61
47 43
2 3
14 15
56 57
56 58
11 7
7 10
8 9