92 17 31 59 74 84 72 21 0 81 65 11 14 45 20 46 12 22 34 53 54 1 37 32 66 47 19 27 29 8 71 90 26 73 24 44 48 83 91 61 3 95 30 51 80 41 93 43 28 68 97 57 5 33 62 86 88 76 25 60 42 70 98 38 52 39 87 13 18 10 15 82 16 6 78 4 49 99 75 85 96 69 40 56 35 50 7 64 67 2 63 23 94 89
92 17
92 91
92 93
92 52
17 11
31 59
31 26
31 35
59 16
74 84
74 8
74 10
84 90
72 21
72 86
72 96
21 20
0 81
0 56
81 61
81 25
65 11
65 71
65 41
14 45
14 44
14 32
14 62
14 13
45 82
20 22
20 3
20 43
46 12
46 95
46 80
12 34
12 60
12 3
34 70
53 54
53 66
53 86
54 19
54 76
1 37
1 89
37 28
32 66
32 63
47 19
19 24
19 26
19 5
27 29
27 70
27 85
29 42
29 28
8 71
8 99
71 61
26 73
26 51
26 57
24 98
24 6
44 7
48 83
48 3
61 67
3 87
30 51
51 64
41 38
28 68
28 15
28 49
28 69
68 18
97 57
5 39
33 62
86 88
25 60
87 23
13 94
16 2
78 4
4 56
75 85
85 40
50 7