81 17 54 83 22 31 57 12 25 11 5 61 19 47 72 21 44 73 56 64 27 15 38 48 24 0 82 37 62 92 4 36 7 16 63 45 88 32 14 85 89 99 1 68 41 80 18 65 29 13 84 86 55 49 58 76 33 52 60 79 28 8 20 91 10 75 67 40 30 35 53 50 96 69 66 97 71 9 95 98 87 23 46 51 34 94 74 42 93 70 26 78 59 90 6
81 17
81 0
54 83
54 82
83 45
22 31
31 61
57 12
57 99
25 11
25 71
11 66
11 9
11 49
5 61
61 72
19 47
19 56
19 4
47 21
47 41
47 65
47 38
72 41
72 73
44 73
73 64
64 27
64 23
27 92
15 38
15 48
15 69
38 98
48 24
48 85
48 46
24 55
24 67
0 65
82 37
82 92
37 76
62 92
62 90
92 51
92 7
36 7
16 63
16 60
16 8
63 50
88 32
88 20
14 85
14 86
14 28
89 99
89 1
1 68
1 76
1 35
68 26
41 79
41 70
80 18
80 28
18 33
65 29
29 74
29 59
13 84
13 66
86 20
49 58
49 52
49 75
76 60
52 10
79 10
79 96
79 34
28 78
20 91
40 30
40 6
40 98
35 53
35 93
50 97
69 94
69 42
9 95
98 87