14 90 45 24 72 54 71 6 98 99 35 57 34 18 91 4 32 87 7 62 55 25 29 53 19 92 79 49 69 37 0 83 70 67 1 50 74 17 68 61 56 8 66 27 5 28 40 94 93 58 80 12 73 48 11 75 36 81 46 22 3 38 21 26 60 78 85 2 76 51 86 44 9 10 39 33 41 64 13 16 88 31 77 20 42 84 43 52 63 23 30 15 59 65 89 82 95 47
14 90
14 79
90 81
90 59
45 24
24 46
72 54
72 1
72 56
54 27
54 6
54 26
71 6
71 53
6 22
98 99
98 25
35 57
35 85
57 34
57 37
57 94
57 38
34 49
18 91
18 63
91 25
4 32
32 67
32 40
32 2
32 1
87 7
7 81
62 55
62 79
55 83
55 28
55 64
25 29
25 9
29 46
53 77
53 65
19 92
92 58
79 70
79 17
79 5
79 41
49 69
49 93
69 33
37 68
37 13
0 83
0 3
83 80
83 39
1 82
50 74
74 86
17 76
68 61
68 31
56 93
8 66
8 85
66 73
5 48
28 40
58 33
80 12
12 23
11 75
11 10
11 30
36 81
36 16
46 26
38 21
60 78
60 39
2 42
2 43
51 86
51 23
51 47
44 9
9 20
10 41
13 88
88 15
31 89
42 84
43 52
82 95