42 44 86 88 54 56 89 91 49 51 33 35 85 87 23 28 3 39 4 32 69 71 9 10 11 27 24 81 31 95 13 60 21 76 61 63 2 37 41 52 8 82 84 15 50 79 5 17 68 19 22 65 67 14 62 77 1 45 47 43 96 53 55 7 48 29 98 90 92 20 73 78 80 64 34 36 40 75 12 70 72 26 0 30 57 93 18 58 25 83 6 16 38 46 66 97 59
42 44
44 5
86 88
86 26
88 27
54 56
54 10
89 91
89 28
49 51
49 8
51 9
33 35
35 1
85 87
87 27
23 28
23 79
28 1
28 20
28 90
3 39
3 32
3 29
3 40
3 15
39 37
4 32
4 41
4 9
32 10
32 98
32 97
69 71
71 19
9 52
10 11
10 53
11 21
27 13
24 81
24 82
24 13
31 95
31 96
31 19
31 16
95 93
13 60
13 1
13 17
13 59
21 76
61 63
63 15
2 37
2 19
2 38
41 43
52 50
82 84
15 30
15 64
5 43
5 12
17 68
19 22
19 18
22 77
22 78
65 67
65 16
14 62
62 64
1 36
45 47
45 6
47 7
53 55
7 48
7 26
7 25
29 92
90 92
20 73
73 75
78 80
34 36
12 0
12 57
12 58
70 72
70 18
25 83
6 46
16 66