9 51 54 56 20 73 62 64 19 72 21 75 32 97 42 44 2 27 5 81 83 43 58 60 26 85 3 40 74 76 13 59 22 77 57 98 78 17 67 8 49 24 33 35 12 6 45 87 38 28 89 10 18 70 69 16 65 0 91 14 53 46 48 90 92 37 39 7 47 1 15 11 55 50 82 93 95 31 25 88 23 96 4 84 61 29 30
9 51
9 20
54 56
54 10
20 73
20 74
20 24
73 75
62 64
62 14
64 15
19 72
19 17
21 75
21 18
21 8
32 97
32 98
32 31
42 44
44 5
2 27
2 38
27 87
27 88
5 43
5 4
5 14
81 83
81 24
58 60
58 12
26 85
26 7
26 6
85 87
3 40
3 10
3 39
40 38
74 76
13 59
13 0
13 16
13 25
59 57
22 77
22 78
22 8
57 12
17 67
17 28
8 49
8 28
8 50
8 7
8 1
24 82
24 29
33 35
35 1
6 45
6 46
6 23
45 47
28 89
28 90
89 91
10 53
18 70
18 69
18 0
16 65
14 61
46 48
90 92
37 39
1 15
11 55
11 25
82 84
93 95
93 30
95 31
31 23
31 96