0 27 8 51 1 28 7 48 24 99 4 38 25 37 16 74 19 84 13 64 5 42 6 43 3 34 83 66 40 65 98 9 52 2 31 23 95 39 15 70 45 62 54 41 35 75 59 20 85 33 17 76 49 18 79 78 77 10 56 90 22 91 44 32 12 63 61 36 50 26 55 72 71 11 60 14 68 94 82 89 21 97 92 46 80 93 96 88 81 58 53 86 67 73 30 29 69 47 57 87
0 27
0 25
0 26
27 74
8 51
8 49
8 50
1 28
1 29
28 32
7 48
7 46
7 47
24 99
24 98
24 97
4 38
4 37
4 39
37 54
16 74
16 75
16 73
19 84
19 83
19 82
84 90
13 64
13 66
13 65
64 89
5 42
5 40
5 41
6 43
6 44
6 45
3 34
3 35
3 36
34 89
66 40
65 59
9 52
9 54
9 53
2 31
2 33
2 32
31 49
23 95
23 94
23 96
39 44
15 70
15 72
15 71
70 76
45 62
35 57
59 11
20 85
20 86
20 87
85 97
85 79
85 29
17 76
17 78
17 77
18 79
18 80
18 81
78 47
10 56
10 55
90 21
90 92
22 91
22 92
22 93
12 63
12 61
61 67
26 55
55 58
72 89
11 60
11 58
14 68
14 67
14 69
68 29
94 93
82 67
21 88
81 30
58 53
53 86