15 50 33 94 24 73 82 72 52 49 19 65 17 80 26 40 88 46 78 21 39 28 98 96 44 56 54 20 70 4 22 68 37 12 83 99 75 45 67 32 23 84 16 43 47 74 86 55 66 97 53 9 61 10 7 6 8 35 92 30 87 41 90 91 48 2 76 29 63 93 60 85 64 42 34 11 27 36 69 18 58 1 57 13 25 38 79 59 71 81 31 51
15 50
15 33
50 93
50 36
33 94
33 20
33 42
94 52
94 61
24 73
24 63
24 76
73 17
82 72
82 18
72 22
52 49
49 84
19 65
19 83
19 16
65 75
65 98
17 80
80 23
26 40
40 38
88 46
88 4
46 86
46 61
46 60
78 21
21 70
39 28
39 97
28 44
28 90
98 96
56 54
56 48
56 68
54 99
70 4
70 29
70 71
22 68
22 35
68 32
37 12
12 75
99 13
45 67
45 10
32 63
23 69
84 55
16 43
16 87
16 2
16 91
43 92
43 59
47 74
47 81
74 91
86 58
86 6
55 66
97 53
97 9
97 30
53 11
9 85
61 90
61 31
10 60
7 6
8 35
92 25
92 38
30 87
41 90
91 57
2 76
63 34
64 42
34 27
1 57
57 79
25 51