11 60 21 88 0 27 16 75 13 66 8 51 14 68 64 20 86 85 59 4 38 6 43 9 53 5 42 40 1 28 41 7 47 22 91 19 83 74 3 34 25 44 10 55 12 61 17 77 46 30 48 24 97 52 73 49 56 90 36 26 2 33 18 80 15 72 99 70 54 65 81 29 79 37 67 71 39 82 93 23 96 76 63 87 89 58 78 31 35 84 92 62 45 69 32 57 95 50 98 94
11 60
11 59
11 58
21 88
21 90
21 89
88 38
0 27
0 25
0 26
27 70
16 75
16 74
16 73
13 66
13 64
13 65
66 90
8 51
8 49
8 50
14 68
14 67
14 69
68 74
20 86
20 85
20 87
86 33
4 38
4 37
4 39
6 43
6 44
6 45
9 53
9 52
9 54
5 42
5 40
5 41
40 84
1 28
1 30
1 29
28 26
41 47
7 47
7 46
7 48
22 91
22 93
22 92
19 83
19 84
19 82
3 34
3 36
3 35
34 58
34 62
10 55
10 56
10 57
12 61
12 63
12 62
61 50
17 77
17 76
17 78
24 97
24 99
24 98
97 33
97 45
52 49
73 94
56 92
2 33
2 31
2 32
18 80
18 81
18 79
80 29
15 72
15 70
15 71
65 81
37 98
67 71
71 78
39 82
93 76
93 63
23 96
23 95
23 94