77 38 30 82 16 87 2 24 65 53 0 7 69 34 52 54 80 9 57 92 10 96 50 3 20 6 72 14 58 93 15 71 76 13 91 25 98 45 59 5 61 35 78 63 18 1 8 84 49 99 31 47 23 64 37 12 36 75 97 40 56 68 94 70 55 89 32 28 43 41 26 33 46 86 62 27 60 66 42 39 88 85 29 95 79 83 22 74 90 17 48 19 67 11
77 38
77 28
77 88
38 93
30 82
30 58
30 94
30 63
82 76
16 87
87 52
87 55
87 60
2 24
2 54
2 49
24 18
65 53
65 80
65 35
53 69
53 58
0 7
0 33
0 76
0 19
69 25
34 52
52 78
80 12
9 57
9 92
57 14
57 99
57 17
92 10
92 84
10 96
96 50
96 70
50 25
50 39
3 20
3 45
3 55
6 72
6 61
72 37
14 47
93 37
15 71
15 98
15 63
13 91
13 36
13 95
91 43
91 90
91 66
25 61
25 11
45 59
59 31
59 68
59 27
59 5
5 61
61 86
78 97
63 26
63 22
18 75
18 89
1 8
1 84
49 99
47 23
47 46
64 37
12 36
12 41
36 79
36 74
40 56
40 32
56 70
56 85
68 67
94 83
70 29
86 62
66 42
29 48