84 93 2 76 92 73 94 53 22 1 6 58 17 54 72 96 60 45 20 95 75 69 82 29 47 30 91 42 28 32 90 19 49 71 18 50 78 65 41 9 11 68 31 3 83 14 87 56 5 10 99 24 44 16 48 40 81 23 88 74 98 67 7 35 46 43 97 8 13 62 89 36 27 66 80 61 86 63 85 0 79 37 51 15 64 12 25 57 4 26 33 55 21 52 77
84 93
84 45
84 22
93 12
2 76
2 92
2 11
2 96
2 56
76 58
92 20
92 31
73 94
94 49
94 82
94 74
94 98
53 22
53 41
53 0
22 17
1 6
6 46
6 99
58 9
58 78
58 25
17 54
17 72
17 33
54 82
54 88
96 60
96 80
96 27
60 88
60 62
60 63
95 75
75 69
75 82
75 3
75 30
75 37
29 47
29 5
29 30
29 7
29 52
47 67
47 15
30 91
30 24
91 42
42 28
42 48
32 90
32 87
90 71
90 83
19 49
71 18
71 11
71 10
18 14
18 43
50 78
50 51
65 41
9 81
11 68
68 23
31 97
83 4
5 40
10 61
99 24
44 16
44 8
48 13
40 21
23 36
88 8
88 64
74 89
67 85
67 79
7 35
97 57
8 86
27 66
27 55
27 77
4 26