1 36 13 59 77 79 33 35 90 92 19 72 26 86 5 43 28 89 14 61 85 87 50 52 23 32 2 38 54 56 58 60 69 71 62 24 81 25 4 31 97 29 74 76 8 49 27 88 22 45 47 83 63 7 48 80 18 70 0 12 57 3 40 20 41 11 34 17 68 21 75 78 82 9 51 67 93 95 15 53 55 96 16 65 94 46 44 66 30 6 10 98 84 73 64 37 39 91
1 36
1 12
36 34
13 59
13 60
13 27
77 79
77 22
33 35
33 0
90 92
92 29
19 72
19 11
72 70
26 86
26 32
26 85
86 88
5 43
5 29
5 4
5 44
43 41
28 89
28 29
28 10
89 91
14 61
14 62
14 2
14 32
61 63
85 87
50 52
50 8
23 32
23 80
23 0
32 97
32 22
32 98
2 38
2 37
54 56
54 10
56 11
58 60
69 71
69 18
24 81
24 25
24 82
25 83
25 22
25 20
25 15
25 29
4 31
4 21
31 96
31 9
31 16
31 95
74 76
76 21
8 49
49 51
27 88
27 7
22 78
45 47
47 7
7 48
7 30
48 46
18 70
0 34
12 57
3 40
3 9
3 39
20 17
20 73
11 55
17 68
17 67
68 66
21 75
82 84
9 51
93 95
15 64
53 55
96 94
16 65
46 6