0 5 80 83 90 95 50 57 10 14 52 70 71 20 22 54 59 40 48 47 94 23 56 81 72 60 66 4 6 30 31 26 89 33 98 25 65 21 32 41 8 7 96 1 19 55 97 58 64 86 38 88 79 53 44 84 51 12 29 15 63 75 27 37 39 92 74 46 62 36 28 34 49 17 77 99 68 2 18 93 69 35 87 11 24 13 3 42 9
0 5
0 50
0 4
0 6
0 40
0 10
0 8
0 7
0 1
0 70
0 80
0 30
0 20
0 2
0 90
0 3
0 9
0 60
80 83
80 81
80 89
80 86
80 88
80 84
80 87
90 95
90 94
90 98
90 96
90 97
90 92
90 99
90 93
50 57
50 52
50 54
50 59
50 56
50 55
50 58
50 53
50 51
10 14
10 19
10 12
10 15
10 17
10 18
10 11
10 13
70 71
70 72
70 79
70 75
70 74
70 77
20 22
20 23
20 26
20 25
20 21
20 29
20 27
20 28
20 24
40 48
40 47
40 41
40 44
40 46
40 49
40 42
60 66
60 65
60 64
60 63
60 62
60 68
60 69
30 31
30 33
30 32
30 38
30 37
30 39
30 36
30 34
30 35