0 1 3 4 5 6 35 36 42 43 8 9 15 47 18 19 21 22 26 27 33 34 44 53 54 63 64 2 11 12 49 17 20 28 29 39 40 55 56 66 67 69 45 23 24 30 57 59 60 61 7 10 13 50 37 38 52 65 68 48 25 31 32 51 16 58 62 14 41 46
0 1
0 69
1 2
3 4
3 2
4 5
5 6
6 7
35 36
35 34
36 37
42 43
43 44
8 9
8 7
9 10
15 47
15 49
15 45
15 50
15 48
15 16
15 14
15 46
18 19
18 17
19 20
21 22
21 20
22 23
26 27
26 25
27 28
33 34
33 32
44 45
53 54
53 52
54 55
63 64
63 62
64 65
11 12
11 10
12 13
17 16
28 29
29 30
39 40
39 38
40 41
55 56
56 57
66 67
66 65
67 68
69 68
23 24
24 25
30 31
57 58
59 60
59 58
60 61
13 14
50 51
37 38
52 51
31 32