17 77 76 5 42 12 61 10 56 0 26 18 79 16 73 24 97 14 68 11 58 15 70 29 59 1 28 78 35 54 69 20 86 13 66 19 82 7 47 4 37 57 38 27 6 44 22 91 46 23 94 83 72 85 45 92 99 30 60 3 21 88 63 8 49 89 64 9 39 84 93 75 71 62 36 52 80 95 25 51 67 50 53 2 31 48 55 34 43 74 32 81 96 90 40 65 87 41 33 98
17 77
17 76
17 78
77 38
77 64
77 98
5 42
5 40
42 88
12 61
12 63
12 62
10 56
10 57
56 93
0 26
0 27
0 25
18 79
18 80
79 48
79 89
16 73
16 75
16 74
24 97
24 99
97 38
14 68
14 69
14 67
11 58
11 59
11 60
58 86
15 70
15 72
15 71
70 49
29 59
29 1
1 28
1 30
35 54
35 3
54 9
20 86
20 85
20 87
13 66
13 64
13 65
19 82
19 83
19 84
82 92
7 47
7 46
7 48
4 37
4 38
4 39
57 32
57 99
6 44
6 45
6 43
44 40
22 91
22 92
22 93
91 55
23 94
23 95
23 96
45 84
45 95
92 51
30 74
3 36
3 34
21 88
21 89
21 90
63 67
8 49
8 51
8 50
64 34
9 52
9 53
62 53
52 81
52 25
51 41
2 31
2 32
48 74
87 33