28 54 0 36 32 64 58 42 37 20 29 60 51 38 7 46 57 52 3 43 49 12 26 63 4 19 18 30 2 21 35 44 23 6 10 11 1 15 27 9 14 13 31 16 65 59 39 55 17 22 66 67 33 62 47 87 48 98 8 24 25 34 53 41 92 97 45 5 40 93 56 89 91 85 68 99 96 69 78 76 61 86 95 82 50 94 70 79 88 73 77 75 72 90 71
28 54
28 37
28 12
54 56
0 36
0 32
0 87
0 98
0 38
0 92
0 89
0 91
0 99
0 69
0 95
0 94
0 70
0 79
0 77
0 72
0 90
0 71
0 34
36 42
36 18
36 6
36 31
36 51
36 93
64 58
64 38
37 4
37 40
20 29
20 46
20 8
20 82
60 51
60 16
38 7
38 65
38 25
57 52
57 59
57 62
57 22
52 49
3 43
43 21
12 23
12 47
26 63
26 23
26 86
4 19
4 48
4 50
30 2
30 44
30 1
2 67
21 35
35 33
35 92
44 61
23 85
10 11
10 75
11 55
11 41
11 45
11 76
1 68
15 27
15 59
9 14
9 66
14 13
14 39
14 78
31 88
59 66
39 55
39 5
39 95
17 22
67 33
62 48
48 8
8 73
24 25
34 53
41 97
40 96