86 78 70 49 50 23 32 87 43 77 44 37 2 96 99 33 7 89 74 3 46 53 90 27 40 13 80 26 97 35 55 63 85 52 36 91 42 71 30 95 45 16 60 59 41 62 88 56 69 76 68 54 84 61 6 79 64 48 66 24 29 72 5 73 19 31 82 34 58 4 18 67 51 93 1 20 39 92 65 38 8 14 25 11 10 98 94 0
86 78
86 2
78 26
78 91
70 49
70 24
70 19
49 53
49 1
50 23
50 63
23 26
32 87
32 62
32 59
32 68
87 36
87 52
43 77
77 3
77 52
44 37
44 48
37 97
37 42
37 33
2 96
96 64
96 20
99 33
99 74
99 40
33 71
7 89
7 69
89 45
74 59
74 29
74 39
74 92
3 34
3 38
46 53
90 27
90 95
13 80
80 35
80 24
97 55
97 65
35 42
85 52
52 54
91 42
42 95
71 30
71 94
95 60
95 41
95 66
95 51
45 16
45 66
41 18
62 61
88 56
56 66
69 73
76 68
68 31
54 84
6 79
79 8
48 82
66 72
24 10
72 5
73 14
19 58
82 8
58 4
58 67
93 1
1 11
92 25
8 98
11 0