19 71 82 84 89 91 27 88 15 63 34 36 6 46 13 59 70 72 29 21 75 0 26 85 60 4 42 9 52 74 76 5 25 8 10 54 87 20 30 93 17 68 28 32 48 18 69 90 86 50 24 12 58 31 95 49 51 56 53 55 57 77 79 16 65 98 66 1 22 14 3 40 2 67 73 44 11 38 23 78 80 7 97 64 41 43 39 47 33 35 45 94 96
19 71
19 20
19 7
19 4
71 69
82 84
82 24
84 25
89 91
89 28
91 29
27 88
27 87
27 25
27 13
15 63
15 5
15 64
34 36
34 0
6 46
6 22
46 48
13 59
13 60
59 57
70 72
70 18
29 25
29 2
21 75
21 0
21 11
0 3
0 33
26 85
26 86
26 22
4 42
4 9
42 44
9 52
9 8
9 51
74 76
74 20
5 25
5 43
25 18
8 50
10 54
10 53
54 56
20 30
20 73
30 93
30 11
30 23
93 95
17 68
17 24
17 67
68 66
28 32
28 90
32 98
32 97
48 7
18 69
18 1
18 14
12 58
12 1
31 95
31 96
49 51
56 11
53 55
77 79
77 22
16 65
65 67
1 35
22 78
3 40
3 39
40 38
78 80
7 47
41 43
47 45
94 96