12 96 98 29 3 84 42 86 81 36 99 15 56 61 19 21 24 14 59 2 23 27 35 28 34 54 57 82 5 60 16 90 10 77 11 71 78 70 88 20 31 51 79 73 26 50 37 4 44 22 93 85 45 72 63 74 97 33 95 75 25 41 39 52 17 69 83 80 7 68 49 91 13 92 62 1 94 55 65 66 64 32 58 40 18 8 6 30 48 46 67 53 76 9 0 38
12 96
12 82
12 8
96 90
96 69
98 29
98 35
98 61
29 79
3 84
3 11
42 86
42 61
42 59
86 82
81 36
81 7
81 26
36 19
36 71
36 54
99 15
99 82
15 56
56 80
61 75
19 21
19 93
19 67
21 22
21 83
24 14
24 1
14 25
59 2
59 20
2 31
23 27
23 16
23 70
27 28
27 26
35 9
28 34
34 11
34 31
34 6
54 57
54 38
5 60
5 44
5 49
16 49
10 77
77 88
11 58
71 13
71 37
78 70
70 85
88 55
20 51
20 73
73 18
73 55
26 50
26 97
26 52
50 94
37 4
37 64
44 68
44 76
93 95
93 74
45 72
45 49
72 32
63 74
33 95
33 30
25 68
41 39
41 83
52 46
17 69
83 91
80 0
13 92
92 66
62 1
65 66
64 40
48 46
48 53