51 11 36 68 80 91 16 25 82 46 44 99 84 20 29 48 33 49 76 87 1 75 54 56 23 12 2 69 81 65 89 95 88 98 77 21 79 78 57 62 94 4 52 64 55 18 39 7 72 70 14 42 53 47 15 30 13 28 93 83 24 86 59 71 63 17 37 5 85 8 35 6 74 34 9 10 27 38 45 31 0 90 32 40 22
51 11
51 54
36 68
68 42
68 13
68 32
80 91
80 44
80 0
91 48
91 14
16 25
16 27
25 48
25 17
82 46
82 2
46 64
46 88
44 88
44 76
44 42
44 38
44 98
99 84
99 12
99 69
20 29
20 76
20 71
20 39
33 49
33 42
33 40
76 87
76 6
76 90
87 1
87 74
75 54
75 56
54 69
56 23
56 47
12 77
12 21
69 89
69 28
69 10
81 65
81 98
81 22
89 95
89 30
98 77
77 52
77 37
21 79
21 70
21 34
21 9
78 57
78 64
78 24
62 94
62 64
4 52
64 55
18 39
39 15
7 72
72 15
42 85
53 47
30 83
30 8
93 83
24 86
86 45
59 71
63 17
37 5
35 6
34 31