0 90 1 49 62 9 28 54 3 21 42 94 92 30 11 39 22 73 24 25 59 60 61 5 2 12 69 87 26 91 29 83 84 58 70 77 75 4 27 88 82 6 74 7 38 13 32 81 10 31 23 93 86 52 67 66 63 15 85 64 71 16 17 18 19 20 40 56 79 8 48 35 33 34 36 53 80 43 51 44 55 89 14 57 46 37 68 41 72 47 78 50 76 45 65
0 90
90 38
1 49
1 62
1 5
1 4
1 80
1 29
62 55
9 28
9 54
9 5
54 53
3 21
3 2
21 42
94 92
94 30
94 2
94 23
94 47
92 15
92 51
11 39
11 10
11 12
11 52
39 41
22 73
22 27
22 52
22 56
22 48
24 25
24 71
24 26
25 87
59 60
60 61
61 19
2 12
2 69
2 4
12 8
26 91
91 29
91 13
83 84
83 36
83 37
84 58
70 77
77 75
75 85
88 82
88 64
6 74
6 93
74 71
7 38
7 66
7 8
13 44
13 76
32 81
32 63
32 23
10 31
31 57
93 86
93 50
86 19
52 67
63 89
15 85
64 79
64 36
16 17
16 72
16 78
17 18
18 19
19 20
20 40
20 35
79 45
35 34
35 36
33 34
80 46
43 51
55 14
57 68
78 65