7 25 75 89 14 27 68 88 83 1 82 2 70 4 54 42 26 84 35 63 21 49 64 69 9 56 32 72 46 71 90 22 10 91 17 86 36 80 98 55 45 81 65 67 50 18 29 23 37 62 24 8 5 19 96 44 39 41 31 20 28 43 0 52 12 6 40 79 15 58 74 60 48 59 77 16 47 85 11 38 61 3 94 34 30 93 97 33 87 78 76 95 13 57 66 53 51 73
7 25
7 42
7 9
7 2
7 15
25 83
75 89
75 46
14 27
14 50
14 31
14 9
68 88
68 26
1 82
1 8
1 6
1 40
1 48
1 5
1 0
2 70
2 55
2 19
2 3
2 32
2 0
4 54
4 12
4 94
4 11
4 23
4 0
54 95
42 56
26 84
26 23
84 97
35 63
35 24
35 44
35 47
63 74
21 49
21 22
21 61
21 3
49 65
49 77
64 69
64 32
69 73
9 16
9 18
32 72
72 78
46 58
46 85
46 45
71 90
71 8
22 28
10 91
10 5
91 98
17 86
17 0
17 39
36 80
36 3
45 81
45 20
45 87
65 67
67 93
18 29
18 51
29 33
23 37
37 62
37 79
24 11
24 66
19 96
39 41
41 53
31 60
31 59
20 15
28 43
28 52
28 30
6 34
15 76
15 57
11 38
3 13