65 67 32 98 78 80 11 55 20 74 57 59 62 64 24 81 30 94 23 79 10 18 70 4 41 2 37 6 31 54 56 14 26 86 58 60 66 68 1 36 72 12 49 51 85 87 25 0 34 17 21 75 42 45 15 27 88 76 73 22 89 91 46 48 16 8 7 47 50 9 29 3 13 33 93 53 77 35 19 63 90 92 52 5 28 82 39 84 83 40 44 69 71 43 95 96 97
65 67
67 17
32 98
32 24
32 16
32 1
32 97
78 80
78 22
11 55
11 56
20 74
20 10
20 26
74 76
57 59
57 12
62 64
62 14
64 15
24 81
24 13
24 82
30 94
30 23
30 93
94 96
23 79
23 27
23 1
79 77
10 54
10 53
18 70
18 25
18 12
18 69
18 4
70 72
4 41
4 42
2 37
2 12
2 14
6 31
6 45
6 21
31 95
54 56
26 86
26 85
26 5
58 60
58 12
66 68
66 16
1 36
36 34
72 19
49 51
49 8
51 9
85 87
25 13
25 84
25 83
0 34
0 33
17 22
21 75
21 76
75 73
42 44
45 47
15 63
27 88
27 7
22 77
89 91
91 29
46 48
48 7
8 50
7 47
7 29
9 3
9 52
9 28
29 92
3 13
3 39
3 40
33 35
90 92
5 43
69 71