6 43 23 96 5 42 17 76 4 39 45 18 80 10 57 8 50 44 12 62 19 83 11 59 24 97 22 93 16 75 14 68 98 51 7 48 95 92 13 66 20 87 63 15 72 9 54 55 71 21 88 0 27 37 46 67 30 58 90 99 70 1 69 94 85 26 52 78 60 28 49 74 41 77 40 65 25 81 84 2 31 56 47 32 3 35 34 61 79 64 82 53 73 36 91 29 38 89 33 86
6 43
6 45
6 44
43 81
23 96
23 95
23 94
5 42
5 41
5 40
17 76
17 78
17 77
4 39
4 37
4 38
18 80
18 81
18 79
10 57
10 55
10 56
57 25
8 50
8 51
8 49
12 62
12 63
12 61
62 90
19 83
19 84
19 82
83 99
11 59
11 58
11 60
59 66
24 97
24 98
24 99
97 32
22 93
22 92
22 91
16 75
16 74
16 73
75 72
14 68
14 67
14 69
98 38
51 82
7 48
7 46
7 47
92 74
13 66
13 64
13 65
66 69
20 87
20 85
20 86
15 72
15 71
15 70
9 54
9 52
9 53
54 29
71 77
21 88
21 90
21 89
0 27
0 26
0 25
46 74
30 58
30 1
90 99
99 60
1 28
1 29
94 26
74 25
77 79
40 65
2 31
2 32
2 33
3 35
3 34
3 36
35 86
61 36
73 36