38 45 84 66 58 61 12 86 60 74 65 93 62 21 67 24 11 79 73 20 26 3 39 89 76 2 52 36 78 14 48 27 6 92 50 57 83 87 91 55 22 8 69 35 77 71 47 99 70 28 18 95 40 81 37 41 82 7 30 9 72 96 13 10 51 54 98 1 17 53 31 23 32 25 4 88 16 15 94 97 46 49 56 44 0 75 43 34 5 64 29 85 90
38 45
38 3
38 53
45 17
45 0
84 66
84 48
66 7
58 61
58 56
58 54
61 13
61 37
12 86
12 24
86 83
86 65
60 74
60 27
60 89
74 78
74 96
65 93
65 82
93 22
93 76
62 21
62 32
62 29
67 24
67 73
67 3
67 95
11 79
11 37
11 7
11 27
11 23
79 49
79 4
79 75
20 26
26 88
3 70
3 99
3 41
3 8
39 89
39 88
76 2
52 36
52 43
36 27
14 48
14 30
27 6
6 8
6 32
92 50
92 32
92 81
57 83
57 9
57 34
87 91
91 55
91 99
91 98
8 44
69 35
69 10
77 71
77 10
71 96
47 99
70 97
28 18
18 4
95 5
40 81
41 1
9 72
72 46
96 16
13 15
13 85
51 54
17 31
23 25
23 64
94 97
56 90