20 86 11 58 8 51 5 42 14 67 41 9 54 12 62 6 44 45 7 48 40 4 38 22 93 47 0 25 15 70 27 13 64 2 31 69 17 77 32 18 81 3 34 10 57 85 52 49 92 33 91 78 35 19 83 46 65 39 36 16 74 26 99 30 60 61 24 50 97 43 66 79 21 90 1 29 98 75 37 88 59 87 82 23 95 94 76 84 80 89 53 63 28 56 73 72 68 55
20 86
20 85
20 87
11 58
11 60
11 59
58 95
8 51
8 49
8 50
5 42
5 41
5 40
14 67
14 69
14 68
67 65
9 54
9 53
9 52
12 62
12 61
12 63
6 44
6 45
6 43
44 59
7 48
7 47
7 46
40 47
4 38
4 39
4 37
38 52
38 98
22 93
22 92
22 91
93 29
47 30
47 57
0 25
0 27
25 35
15 70
15 72
70 77
13 64
13 65
13 66
64 85
2 31
2 32
2 33
31 78
31 50
69 33
17 77
17 78
17 76
77 88
18 81
18 79
18 80
81 60
3 34
3 35
3 36
34 61
10 57
10 56
10 55
78 46
19 83
19 82
19 84
83 37
65 43
36 95
16 74
16 75
16 73
26 99
99 24
30 1
24 97
24 98
21 90
21 88
21 89
1 29
1 28
29 73
75 53
23 95
23 94