99 88 57 85 80 96 50 42 59 48 33 67 13 52 60 73 44 27 8 79 21 91 2 95 10 92 37 94 20 97 89 40 5 76 83 32 86 66 11 81 3 70 1 29 39 45 12 35 68 78 36 93 0 25 74 56 15 82 53 22 14 90 7 51 72 23 17 71 58 75 30 18 6 98 63 49 87 19 54 34 55
99 88
99 57
99 85
99 80
99 96
99 59
99 67
99 52
99 60
99 73
99 79
99 91
99 95
99 92
99 94
99 97
99 89
99 76
99 83
99 86
99 66
99 81
99 70
99 68
99 78
99 93
99 74
99 56
99 82
99 53
99 90
99 51
99 72
99 71
99 58
99 75
99 98
99 63
99 87
99 54
99 55
99 50
50 42
50 48
50 33
50 13
50 44
50 27
50 8
50 21
50 2
50 10
50 37
50 20
50 40
50 5
50 32
50 11
50 3
50 1
50 29
50 39
50 45
50 12
50 35
50 36
50 0
50 25
50 15
50 22
50 14
50 7
50 23
50 17
50 30
50 18
50 6
50 49
50 19
50 34