96 66 85 69 93 43 21 38 64 44 54 31 86 34 13 42 84 16 18 73 4 61 80 8 74 32 62 91 35 58 5 46 72 82 59 20 41 87 76 40 63 83 1 25 17 94 19 30 99 95 56 67 60 70 71 50 92 6 47 97 51 39 57 10 55 36 65 11 78 90 88 75 53 22 27 2 26 79 24 89 9 33 37 52 48 23
96 66
96 25
96 84
96 34
66 35
85 69
85 94
69 18
69 65
93 43
93 32
43 18
43 86
21 38
21 27
38 34
38 20
38 48
64 44
44 70
54 31
54 63
86 34
86 58
34 1
13 42
42 5
42 10
42 56
84 16
73 4
73 46
4 53
61 80
61 33
80 36
8 74
74 71
74 24
74 50
62 91
91 59
35 19
35 6
58 5
58 50
46 40
46 55
72 82
72 25
59 1
59 51
20 41
41 99
87 76
87 40
76 83
76 19
76 75
40 67
63 10
1 26
17 94
30 99
99 2
95 56
56 47
56 88
56 89
67 60
70 53
50 92
50 23
92 57
92 37
47 97
51 39
10 22
36 65
11 78
78 90
90 75
53 79
2 9
24 52