66 74 29 39 33 3 70 40 95 81 99 25 22 90 47 30 61 8 48 98 28 17 26 97 88 84 63 6 41 42 20 36 0 82 35 24 1 11 4 21 78 71 12 50 85 16 91 38 77 19 34 37 51 31 62 58 89 54 9 57 94 27 96 92 46 43 15 69 45 53 52 32 93 72 68 67 2 10 64 14 75 13 73 5 79 80 56 87 44 23 60 7 55 59
66 74
66 29
66 43
66 20
74 52
29 39
29 6
29 15
39 96
33 3
33 70
3 92
70 40
70 1
70 41
40 98
40 17
95 81
95 77
81 10
99 25
99 12
99 21
25 16
22 90
22 50
90 54
47 30
47 32
47 93
61 8
61 11
61 12
8 35
8 71
48 98
48 31
28 17
26 97
97 32
88 84
88 38
84 45
63 6
63 16
41 42
41 35
20 36
36 68
0 82
82 96
82 56
35 24
24 23
4 21
78 71
50 85
85 91
85 94
16 37
16 67
16 9
91 60
38 77
38 53
38 93
19 34
34 54
37 51
37 2
31 73
62 58
62 9
62 14
89 54
89 27
54 46
9 69
9 53
57 94
57 80
94 55
27 96
43 13
69 64
93 72
72 44
64 75
64 7
75 87
5 79
5 59
79 44