0 1 6 7 5 10 11 12 13 19 26 22 23 17 16 24 31 30 29 34 35 41 28 36 37 42 43 44 52 46 47 48 54 58 62 98 65 68 86 90 80 88 64 67 74 78 82 85 61 25 53 56 63 92 97 94 51 33 32 38 95 39 50 93 96 91 79 14 20 71 2 8 9 3 4 15 21 18 76 77 83 84 49 81 87 66 57 27 40 45 89 55 75 73 72 60 69 70 59
0 1
0 6
0 7
6 12
7 2
5 10
10 11
11 4
12 13
12 19
12 18
13 26
26 33
26 32
26 31
22 23
22 17
22 29
22 21
17 16
24 31
24 30
24 25
30 36
29 34
29 35
29 50
29 51
34 41
35 28
41 52
41 40
36 37
36 42
36 43
37 44
44 95
46 47
46 39
46 45
47 48
54 58
54 51
54 49
58 57
58 75
62 98
62 61
98 94
98 74
65 68
65 66
68 64
68 69
86 90
86 82
90 93
90 89
80 88
80 79
80 83
64 67
64 61
67 71
74 78
82 85
82 81
61 60
53 56
56 63
56 50
63 60
92 97
92 91
94 93
33 27
32 38
38 39
95 96
96 91
91 87
14 20
14 9
20 15
2 8
8 9
9 4
3 4
15 21
76 77
76 73
77 81
83 84
84 87
87 55
73 72
60 59
69 70