48 59 22 75 39 61 58 30 15 47 12 71 95 79 24 9 87 63 6 31 94 54 14 19 91 53 84 36 4 82 35 20 42 34 80 40 38 90 21 7 1 13 33 17 77 72 88 57 37 32 89 46 96 97 49 98 2 3 29 74 92 81 73 41 26 10 85 16 66 50 69 60 67 5 8 70 44 83 86 51 11 45 23 25 56 43 55 99 78 52 93 68 27 28 0 76 64 65 18 62
48 59
48 94
48 6
48 2
22 75
22 63
22 52
75 40
75 37
39 61
39 58
39 87
61 64
58 30
58 12
15 47
15 95
12 71
12 77
12 16
95 79
95 96
95 2
24 9
24 19
24 77
24 53
87 88
87 25
87 27
6 31
94 34
54 14
54 57
54 51
54 97
14 90
19 91
91 70
53 84
53 72
53 44
36 4
36 80
36 13
36 3
36 33
4 23
82 35
82 7
82 74
82 89
82 41
82 83
20 42
20 10
34 80
80 90
40 38
40 3
38 21
38 60
21 73
1 13
13 32
33 17
17 66
17 67
77 2
77 76
89 46
89 8
96 43
96 0
97 49
97 86
98 2
2 92
2 26
3 29
3 74
29 85
29 50
29 11
81 73
41 28
26 93
26 62
10 5
10 68
10 93
85 69
85 78
8 56
45 23
55 99
99 93
99 18
93 65