21 88 18 79 15 72 22 92 7 47 93 6 45 10 56 12 61 16 73 1 30 0 26 19 83 13 65 25 9 52 54 23 96 53 4 39 5 42 24 99 37 81 70 74 86 11 58 46 17 78 98 2 32 62 41 8 50 48 14 69 40 3 35 20 85 59 84 44 43 95 91 51 87 80 34 60 76 55 27 75 49 90 63 66 89 33 82 36 64 29 57 28 94 77 31 71 68 38 67 97
21 88
21 90
21 89
88 86
18 79
18 81
18 80
79 51
15 72
15 70
15 71
22 92
22 93
22 91
7 47
7 46
7 48
47 84
47 54
93 95
6 45
6 44
10 56
10 55
10 57
56 25
12 61
12 62
12 63
61 98
16 73
16 74
16 75
73 29
1 30
1 29
1 28
30 34
30 68
0 26
0 25
0 27
26 87
19 83
19 82
19 84
13 65
13 66
65 62
9 52
9 54
9 53
23 96
23 95
23 94
4 39
4 37
4 38
5 42
5 41
5 40
42 64
42 77
42 74
42 31
24 99
24 98
24 97
37 60
70 69
70 27
74 86
86 20
11 58
11 59
11 60
58 80
46 62
17 78
17 76
17 77
2 32
2 33
2 31
8 50
8 51
8 49
14 69
14 67
40 60
3 35
3 36
3 34
20 85
20 87
85 44
59 91
43 95
66 89