21 76 54 56 5 44 31 95 18 70 10 1 36 4 42 26 85 3 39 20 73 58 60 62 64 30 94 61 63 50 52 43 86 27 88 37 87 7 48 0 29 92 38 40 11 55 2 24 82 13 89 91 75 28 90 65 67 34 33 35 9 14 22 77 17 12 25 83 57 59 6 78 53 15 81 16 66 96 45 47 19 71 8 68 74 46 93 69 32 98 41 23 80 84 72 51 49
21 76
21 6
76 74
54 56
54 10
5 44
5 43
5 2
44 42
31 95
31 96
31 2
95 93
18 70
18 69
18 23
70 72
10 28
1 36
1 25
4 42
4 28
4 41
4 17
26 85
26 86
26 0
26 24
85 87
3 39
3 13
3 12
3 30
3 15
39 37
20 73
20 12
20 19
73 75
58 60
58 12
62 64
62 14
30 94
30 7
61 63
63 15
50 52
50 8
86 88
27 88
37 2
7 48
48 46
0 13
0 34
0 33
29 92
92 90
38 40
38 2
11 55
11 17
11 14
11 16
55 53
24 82
24 81
24 22
24 8
82 84
13 6
13 32
13 59
89 91
89 28
28 90
65 67
67 17
33 35
9 14
9 51
22 77
22 78
12 23
25 83
83 81
57 59
6 45
16 66
66 68
45 47
19 71
32 98
23 80
51 49