46 92 0 23 82 71 20 3 76 31 86 39 80 79 13 4 33 5 75 10 43 28 19 9 38 27 16 36 2 22 63 88 52 15 59 58 81 34 6 45 65 78 17 68 42 25 69 30 53 54 98 73 64 47 57 26 37 41 49 99 50 95 51 85 91 18 93 29 87 97 89 40 66 32 72 60 7 24 77 94 1 55 74 67 83 56 61 62 48 14 70 35 21
46 92
46 97
92 0
92 33
0 13
0 88
0 7
23 82
23 79
23 88
71 20
71 10
20 36
20 37
20 66
3 76
3 67
76 4
76 38
31 86
31 63
31 9
86 33
86 98
39 80
80 13
79 41
4 62
5 75
5 28
5 15
5 2
75 43
75 73
10 6
10 69
43 45
43 51
43 60
28 19
28 27
28 1
19 47
19 37
9 38
9 78
9 2
27 58
16 36
16 61
2 22
2 17
63 59
88 49
88 70
52 15
15 93
15 94
81 34
34 95
34 77
6 53
45 65
45 72
65 42
78 56
17 68
17 40
42 25
42 87
25 24
25 35
69 30
69 26
54 98
73 64
64 18
64 89
64 91
57 26
57 14
57 48
99 50
50 97
95 18
85 91
29 87
66 32
55 74
55 48
67 83
70 21