25 84 61 63 18 70 77 79 16 66 1 36 74 76 30 94 14 62 73 75 15 38 40 90 92 32 98 11 55 19 71 57 59 9 51 46 48 8 49 65 67 23 22 27 88 33 35 58 60 7 17 68 45 47 24 81 28 89 6 4 42 72 29 31 10 69 87 5 0 3 12 53 95 82 43 86 78 80 26 85 34 13 20 93 44 91 2 21 50 64 56 41 37 96 52 83 54
25 84
25 14
25 15
61 63
63 15
18 70
18 7
18 1
18 20
18 9
77 79
77 22
79 23
16 66
16 65
66 68
1 36
1 35
1 24
1 13
1 27
74 76
76 21
30 94
30 93
30 20
94 96
14 62
14 13
62 64
73 75
75 21
38 40
38 2
90 92
92 29
32 98
32 5
11 55
11 20
11 22
11 56
19 71
19 72
19 8
71 69
57 59
57 12
59 13
9 51
9 5
9 29
51 49
46 48
46 6
48 7
8 49
8 50
8 0
65 67
23 28
23 80
22 21
27 88
27 87
88 86
33 35
58 60
60 13
7 17
7 47
17 10
17 68
45 47
24 81
24 82
81 83
28 89
89 91
4 42
4 21
4 41
29 31
31 95
10 53
87 85
5 43
5 44
0 3
0 34
12 2
78 80
26 85
2 37
50 52
56 54