0 26 17 77 3 36 21 89 2 31 13 65 18 80 10 57 12 62 88 79 78 16 73 27 23 96 22 92 95 7 47 8 49 14 67 76 5 40 37 39 68 35 41 56 25 50 90 19 83 24 99 91 51 53 75 6 43 74 9 52 93 45 82 11 59 48 15 71 44 55 60 34 58 1 30 81 70 4 66 69 61 33 20 86 87 42 84 32 97 46 64 38 54 28 94 72 63 98 29 85
0 26
0 27
0 25
26 42
17 77
17 78
17 76
3 36
3 35
3 34
36 39
21 89
21 88
21 90
89 72
2 31
2 33
2 32
31 35
31 44
13 65
13 66
13 64
18 80
18 79
18 81
80 74
10 57
10 56
10 55
12 62
12 61
78 90
16 73
16 74
16 75
27 86
23 96
23 95
23 94
22 92
22 91
22 93
95 87
95 35
7 47
7 48
7 46
47 85
8 49
8 50
8 51
49 71
14 67
14 68
14 69
67 41
76 84
5 40
5 41
5 42
40 61
37 39
37 4
56 91
19 83
19 82
19 84
83 98
24 99
24 97
24 98
99 93
99 29
91 48
53 75
53 9
6 43
6 45
6 44
74 70
9 52
9 54
45 63
82 94
11 59
11 58
15 71
15 70
55 60
58 30
1 30
1 28
81 42
4 38
61 64
20 86
20 87
38 28