0 1 4 5 2 7 3 9 11 13 6 14 23 8 21 10 19 12 17 15 16 24 18 20 22 40 74 51 50 52 57 54 55 53 59 61 63 56 64 73 58 71 60 69 62 67 65 66 68 70 72 49 26 25 27 32 29 30 28 34 36 38 31 39 48 33 46 35 44 37 42 41 43 45 47 99 76 75 77 82 79 80 78 84 86 88 81 89 98 83 96 85 94 87 92 90 91 93 95 97
0 1
0 4
0 5
1 2
1 7
4 13
5 6
5 14
2 3
2 9
7 8
3 11
9 10
11 12
6 23
14 15
8 21
21 22
10 19
19 20
12 17
17 18
15 16
15 24
18 49
40 74
40 39
40 41
74 73
51 50
51 52
51 57
50 54
50 55
52 53
52 59
57 58
54 63
55 56
55 64
53 61
59 60
61 62
56 73
64 65
58 71
71 72
60 69
69 70
62 67
67 68
65 66
65 99
49 48
26 25
26 27
26 32
25 29
25 30
27 28
27 34
32 33
29 38
30 31
30 39
28 36
34 35
36 37
31 48
33 46
46 47
35 44
44 45
37 42
42 43
99 98
76 75
76 77
76 82
75 79
75 80
77 78
77 84
82 83
79 88
80 81
80 89
78 86
84 85
86 87
81 98
89 90
83 96
96 97
85 94
94 95
87 92
92 93
90 91