27 28 33 34 80 82 43 45 65 67 66 68 1 3 20 22 40 42 48 49 62 64 93 94 6 8 11 13 36 37 38 54 56 14 29 31 71 74 75 10 12 46 83 98 24 2 5 9 51 79 89 91 53 59 57 60 72 81 17 25 26 76 23 52 21 39 63 16 18 30 0 97 44 87 90 95 32 77 41 69 92 50 78 7 73 84 47 70 85 96 58 88 61 55 86 19 4 35 15
27 28
27 26
27 29
33 34
33 32
33 31
33 35
34 36
80 82
80 79
80 78
82 83
82 84
43 45
43 40
43 44
45 48
45 46
65 67
67 68
66 68
66 64
68 70
68 69
1 3
1 98
1 97
1 4
20 22
20 18
22 24
22 25
22 23
22 21
40 42
42 41
48 49
48 51
48 50
62 64
62 63
62 60
93 94
93 92
93 96
6 8
8 9
8 7
11 13
11 14
13 12
13 15
36 39
37 38
38 39
38 41
54 56
54 53
54 57
56 59
56 58
14 17
29 31
31 30
71 74
71 69
74 75
74 72
74 76
75 78
10 12
10 9
83 81
83 86
98 0
98 2
2 5
5 7
51 53
89 91
89 86
53 52
57 60
57 55
60 61
72 73
17 16
26 23
76 77
16 18
18 19
97 95
97 96
87 90
87 88
90 92
50 47
84 85