25 50 6 39 7 48 3 12 43 18 44 47 54 21 52 13 37 42 49 32 5 20 46 0 29 1 99 2 28 38 26 8 85 34 40 53 36 24 17 19 45 9 16 78 41 59 35 4 30 31 62 77 23 55 22 79 11 97 69 88 96 14 74 58 66 64 98 86 10 15 91 33
25 50
25 53
25 35
25 41
25 74
50 44
6 39
6 52
6 5
39 22
7 48
7 40
7 24
48 32
3 12
3 4
3 98
12 41
12 23
12 54
43 18
43 1
43 17
43 9
18 38
18 69
18 30
44 47
54 21
13 37
13 53
13 15
13 33
42 49
42 5
49 16
5 8
5 59
20 46
20 40
46 91
0 29
0 85
0 77
0 55
0 88
0 59
0 58
0 66
0 64
0 69
0 86
29 78
1 99
1 97
2 28
2 19
28 77
38 26
26 34
26 36
40 86
53 96
36 45
45 41
9 62
35 14
30 31
30 79
23 11
14 10