2 75 7 8 76 13 16 44 18 72 26 50 54 84 1 86 74 59 70 10 6 0 58 30 20 81 40 77 79 3 66 83 19 25 65 31 71 33 49 39 51 41 80 48 67 89 87 43 11 73 22 9 47 53 28 52 55 14 82 29 88 15 85 63 62 37 64 38 23 34 78 32 46 27 4 24 69 57 68 12 56 17 35 36 5 61 60 42 45 21
2 75
2 0
2 9
75 7
7 58
7 29
8 76
8 53
8 70
76 44
76 64
13 16
13 30
16 61
18 72
18 30
18 49
72 3
72 57
26 50
26 22
50 20
50 41
50 27
54 84
54 79
1 86
1 43
86 70
86 37
74 59
74 46
74 35
59 55
59 89
70 10
70 47
70 5
10 19
10 0
6 0
0 3
0 11
0 12
58 39
58 25
30 71
20 81
81 62
81 34
40 77
40 51
79 71
79 14
3 52
66 83
66 22
19 73
19 56
25 65
65 45
31 71
33 49
33 78
39 42
51 80
51 67
41 80
41 73
41 4
48 67
89 87
43 46
47 82
53 28
28 85
14 88
29 60
15 85
63 62
63 23
62 38
62 32
78 21
46 68
4 17
4 36
24 69
24 35