66 3 60 9 92 47 4 58 23 33 98 93 11 99 5 96 36 6 62 38 65 80 17 43 81 18 75 27 15 70 26 49 41 61 24 21 37 51 97 71 59 86 73 52 29 55 16 56 1 42 19 20 0 12 54 25 28 50 40 14 10 78 89 84 35 44 88 13 32 46 69 48 7 57 31 77 39 34 68 79 94 82 8 83 87 67
66 3
66 35
60 9
60 50
60 39
9 70
92 47
92 71
47 84
4 58
4 5
4 12
4 44
58 41
23 33
23 37
33 5
33 24
33 78
98 93
98 0
98 82
93 56
11 99
11 20
99 21
99 49
99 48
5 31
96 36
96 6
96 50
96 40
96 68
96 87
62 38
62 17
38 56
38 86
65 80
80 56
17 43
81 18
81 42
81 16
18 94
75 27
75 40
27 19
27 84
15 70
70 61
26 49
26 29
26 46
49 14
61 24
24 67
21 7
21 83
37 51
51 10
97 71
97 59
71 25
86 73
86 54
73 52
73 28
29 88
55 16
56 1
1 42
1 35
1 10
12 79
50 14
10 57
10 13
78 69
89 84
13 32
31 77
34 68
34 8