0 6 86 69 80 88 1 61 58 40 72 87 18 3 13 4 57 12 83 89 17 77 36 31 48 55 75 76 5 49 79 45 56 30 82 53 38 27 43 52 10 85 95 39 66 73 98 24 14 21 22 37 63 44 71 65 47 64 78 96 25 62 19 50 51 93 84 35 74 32 33 99 92 34 59 67 94 97 8 42 41 7 23 91 28 29 68 90 54 2 15 60 81 46 20 26
0 6
0 86
0 69
6 38
69 80
69 88
80 10
80 39
1 61
1 8
58 40
58 72
58 87
58 60
40 18
40 2
72 79
18 85
18 25
18 62
3 13
13 12
13 83
13 89
4 57
4 17
57 55
57 75
57 76
57 89
57 94
57 97
12 24
17 77
77 64
36 31
36 48
31 32
48 43
48 68
55 30
55 82
75 74
5 49
5 79
49 45
49 56
79 53
82 43
38 27
43 52
52 44
52 71
10 85
10 95
85 66
95 73
95 98
95 91
39 41
66 14
66 78
66 96
66 15
98 51
24 14
24 21
14 63
21 93
22 37
22 63
22 46
71 90
65 47
65 64
47 54
78 19
96 50
96 20
62 29
50 67
93 84
35 74
32 33
32 99
33 92
99 42
34 59
59 54
8 42
42 81
42 26
41 7
7 23
28 29