0 37 3 24 7 14 15 28 12 2 13 40 23 10 30 36 19 44 32 6 41 11 25 43 9 18 72 20 16 22 27 35 17 1 87 21 8 26 5 91 29 38 4 82 70 33 34 42 71 47 49 52 39 79 60 31 92 85 64 74 98 51 57 88 81 83 95 89 94 99 97 78 76 90 61 59
0 37
0 38
0 47
0 20
0 60
0 64
0 57
0 59
37 18
37 7
3 24
3 12
3 43
24 89
7 14
7 27
7 26
15 28
15 23
15 51
15 83
28 92
12 32
12 23
2 13
2 23
2 5
2 74
13 9
40 23
40 36
40 1
10 30
30 25
30 61
36 42
36 31
19 44
19 4
32 95
6 41
6 8
41 22
41 70
11 25
11 16
11 1
43 72
43 29
43 39
9 35
9 49
20 16
20 21
16 52
35 17
35 97
17 33
17 85
1 87
1 82
1 98
1 88
1 81
1 99
1 78
1 90
8 39
8 79
26 91
29 4
4 76
33 34
42 71
31 94