69 71 89 91 54 56 23 80 31 95 12 57 59 1 35 74 76 0 34 65 67 11 55 15 63 78 26 85 33 58 60 94 96 24 82 36 6 45 30 93 86 88 7 32 98 87 10 14 79 16 66 90 92 49 51 28 5 44 29 21 75 27 68 53 3 40 19 62 2 38 37 39 72 22 9 4 13 97 18 42 70 20 73 52 41 43 61 77 47 17 25 8 81 84 46 48 50 83
69 71
69 18
71 19
89 91
89 28
54 56
54 10
56 11
23 80
23 79
23 0
80 78
31 95
31 14
12 57
12 19
12 15
57 59
1 35
1 22
1 15
1 27
74 76
74 20
0 34
0 33
0 7
0 18
34 36
65 67
67 17
11 55
11 16
15 63
15 29
26 85
26 14
26 32
85 87
58 60
60 13
94 96
94 30
24 82
24 19
24 28
24 25
24 81
6 45
6 30
6 46
45 47
30 93
86 88
88 27
7 47
32 98
32 97
10 14
10 53
14 62
14 18
14 61
79 77
16 66
66 68
90 92
92 29
49 51
51 9
5 44
5 19
5 2
5 43
44 42
21 75
21 17
75 73
27 3
3 40
3 8
19 72
2 38
2 37
37 39
22 4
9 52
9 25
4 13
4 20
18 70
20 73
52 50
41 43
25 84
25 83
46 48