85 87 21 76 22 77 93 95 17 67 49 51 78 80 2 37 53 55 65 28 90 29 92 39 73 75 10 13 59 16 23 79 14 61 4 41 5 44 63 54 1 36 24 15 25 9 60 19 71 3 40 31 8 50 46 48 20 11 56 86 88 32 68 18 70 38 26 0 7 69 27 33 35 42 66 74 57 12 47 52 43 72 97 6 64 30 83 34 81 98 89 91 82 84 58 96 45 94 62
85 87
87 27
21 76
21 16
21 32
21 29
22 77
22 78
22 17
93 95
93 30
95 31
17 67
17 68
67 65
49 51
49 8
78 80
2 37
2 38
37 39
53 55
53 10
65 16
28 90
28 9
28 31
28 89
29 92
29 14
29 20
39 3
73 75
73 20
10 54
10 16
10 12
13 59
13 60
13 19
59 57
16 24
16 66
23 79
23 1
14 61
14 7
61 63
4 41
4 19
4 9
5 44
5 11
5 43
5 9
44 42
63 15
1 36
1 24
1 8
15 25
15 6
15 64
25 3
25 83
25 84
9 7
9 52
60 58
19 71
19 72
19 18
3 40
31 26
31 27
31 96
8 50
46 48
46 6
20 74
11 56
11 0
86 88
88 27
32 97
32 98
18 70
18 69
0 33
0 34
7 47
33 35
6 45
64 62
83 81
89 91
82 84
96 94