14 67 21 89 10 55 18 81 57 19 82 16 73 7 46 3 36 15 70 4 38 9 52 23 94 39 24 99 47 17 77 6 43 71 2 32 45 35 5 41 74 34 44 8 49 11 60 97 13 66 20 85 56 83 96 72 78 76 0 27 90 93 58 98 12 62 86 25 26 64 79 50 65 63 87 88 42 48 22 91 40 31 69 80 28 53 75 54 68 29 59 51 1 33 95 84 61 30 37 92
14 67
14 69
67 49
21 89
21 88
21 90
89 25
10 55
10 57
55 93
18 81
18 80
18 79
81 35
81 91
19 82
19 84
82 73
82 44
16 73
16 74
16 75
73 54
7 46
7 47
7 48
3 36
3 35
3 34
36 39
15 70
15 71
15 72
4 38
4 39
4 37
9 52
9 53
9 54
23 94
23 96
23 95
94 30
39 28
24 99
24 97
24 98
99 83
17 77
17 78
17 76
77 31
6 43
6 45
6 44
71 68
71 95
2 32
2 31
32 27
45 56
5 41
5 42
5 40
8 49
8 50
8 51
11 60
11 58
11 59
13 66
13 64
13 65
20 85
20 86
20 87
85 95
56 93
83 88
96 29
0 27
0 26
0 25
90 93
93 22
12 62
12 63
12 61
62 42
64 79
50 80
65 42
48 28
22 91
22 92
28 1
53 33
29 1
59 95