55 98 82 35 54 8 23 86 5 38 56 32 92 76 63 11 43 9 27 83 49 87 72 53 69 31 22 17 28 74 94 79 62 80 46 78 30 75 89 91 40 60 93 1 19 96 44 36 45 18 84 50 48 73 33 41 51 13 65 39 14 7 2 12 0 70 97 20 71 37 24 61 25 47 52 57 34 42 26 10 81 3 95 85 77 59 15 21 29 68 67 6
55 98
55 54
55 2
98 43
98 40
82 35
82 86
82 97
82 96
82 67
54 18
54 75
54 37
8 23
23 19
23 25
5 38
5 20
38 13
56 32
56 0
56 26
56 27
92 76
92 33
92 7
76 75
76 9
63 11
63 53
63 49
63 6
11 36
43 73
43 21
9 27
9 19
27 22
27 74
27 41
83 49
87 72
72 70
69 31
31 45
31 81
22 79
17 28
17 46
28 74
94 79
94 1
94 42
62 80
62 2
78 30
78 71
78 47
78 61
75 12
89 91
91 60
91 93
91 84
91 70
60 44
19 96
19 95
96 15
44 51
36 45
18 77
50 48
50 73
41 14
51 14
13 61
13 29
65 39
65 15
7 3
2 85
0 59
71 57
37 24
61 25
25 81
52 57
34 42
10 81
21 68