94 18 87 25 27 40 53 60 47 58 65 23 43 67 35 36 71 89 75 79 44 34 49 61 73 29 95 42 39 30 63 38 51 50 57 21 64 88 15 37 93 48 98 74 26 92 8 99 96 33 81 24 3 10 76 45 59 78 2 54 4 83 69 20 12 6 11 7 85 41 9 14 5 84 28 16 22 77 17 62 91 80 32 19 68 97 82 52 86 55 72 13 56 46 1 66
94 18
94 3
94 11
87 25
87 67
25 92
25 16
25 68
27 40
27 49
27 37
27 96
27 45
27 97
53 60
60 96
47 58
47 61
47 33
58 30
58 62
58 51
65 23
23 89
43 67
43 88
43 35
43 61
67 57
35 36
35 26
36 91
71 89
71 39
89 33
75 79
75 11
79 6
44 34
34 59
49 15
49 26
61 76
61 17
73 29
73 84
29 24
95 42
95 84
30 48
63 38
63 2
38 48
38 11
51 50
51 21
50 80
21 64
64 7
64 56
64 66
88 10
15 99
37 59
93 48
98 74
74 85
92 8
92 77
8 81
33 69
24 5
10 54
76 78
76 9
45 4
45 13
59 12
59 22
2 5
4 83
20 12
12 14
6 41
85 41
85 52
41 28
41 86
16 1
62 19
62 82
32 19
32 46
82 55
72 13