60 40 84 24 6 16 8 30 98 15 99 62 87 70 4 72 7 78 45 11 42 39 56 31 74 92 77 64 85 55 18 80 25 13 50 48 61 67 91 20 1 52 35 88 95 41 46 90 23 26 28 93 51 68 17 83 65 75 0 38 34 59 19 89 10 22 97 21 86 29 49 32 5 81 12 63 96 3 44 71 27 79 69 53 94 82 58 43 33 73
60 40
60 84
60 24
40 97
84 11
24 6
24 85
24 17
6 55
6 26
16 8
16 89
8 83
8 10
30 98
30 1
15 99
15 80
15 52
15 22
99 94
62 87
62 70
62 5
62 42
87 68
70 46
4 72
4 7
72 20
7 25
7 45
78 45
45 52
42 39
42 56
42 53
31 74
31 92
31 85
31 12
92 68
92 65
92 75
77 64
77 94
64 18
64 50
64 0
85 69
25 13
25 19
13 17
13 44
13 33
48 61
48 22
67 91
91 20
20 1
20 49
52 43
35 88
88 46
88 58
95 41
95 63
41 28
46 90
46 96
90 23
28 93
28 51
51 71
17 81
83 65
75 59
0 38
0 34
97 21
21 32
86 29
29 27
12 63
12 27
96 3
96 82
71 79
53 73