0 4 1 31 8 33 10 29 34 54 97 56 89 57 88 59 84 60 67 61 72 76 62 91 75 87 81 93 92 95 98 17 5 38 9 47 12 25 46 13 40 14 18 42 35 39 52 55 58 79 63 83 68 82 85 99 2 27 3 41 11 24 36 15 23 49 70 74 78 86 94 7 16 21 30 44 48 43 96 64 77 65 69 66 20 22 32 50 51 80 37 71 90 19 45 6 26 53 73 28
0 4
0 50
4 12
4 41
1 31
1 17
1 19
31 35
31 46
8 33
8 38
8 36
33 10
33 23
33 27
33 37
10 5
29 34
29 46
29 16
29 48
29 32
29 26
54 97
54 62
56 89
56 72
89 92
89 69
57 88
57 53
88 98
59 84
59 95
84 58
84 51
60 67
60 79
60 95
60 96
61 72
61 76
61 58
61 93
72 52
76 68
76 91
62 91
91 80
75 87
87 55
87 94
81 93
81 63
81 70
95 98
98 74
17 38
5 9
9 47
9 3
12 25
12 46
12 15
12 13
25 49
46 39
13 40
40 14
18 42
42 43
42 32
42 6
35 7
39 30
55 58
79 85
63 83
63 50
83 99
83 66
82 85
82 86
2 27
27 44
3 45
3 28
11 24
11 36
74 78
74 73
21 30
44 20
48 22
96 90
64 77
77 50
65 69
51 71