22 25 35 80 41 94 10 20 24 32 33 29 97 66 99 13 79 3 4 49 50 43 65 36 60 55 56 78 68 70 85 44 53 48 63 74 19 64 40 52 38 75 37 46 69 42 83 84 9 17 27 57 30 31 61 21 71 82 73 86 2 1 88 93 76 77 95 98 0 54 18 6 15 16 91 34 92 7 89 14 58 8 12 47 72 62 67 87 39 26 11 23 28 5 81
22 25
22 21
22 23
25 24
25 17
35 80
35 36
35 79
35 85
41 94
41 40
41 67
94 93
10 20
10 60
10 9
20 52
20 21
24 43
32 33
32 55
32 31
33 68
29 97
29 95
97 12
66 99
66 69
99 98
13 79
79 50
3 4
3 2
3 56
3 52
49 50
50 78
43 65
43 42
65 38
65 37
36 75
36 87
60 71
55 56
55 54
78 88
78 77
68 48
68 27
68 69
68 67
68 26
70 85
85 6
85 92
85 19
44 53
44 47
53 57
53 61
53 86
63 74
63 81
74 9
19 64
38 86
37 46
37 76
37 95
46 34
83 84
83 82
83 91
84 73
17 18
27 28
57 58
30 31
30 62
31 11
2 1
1 0
88 89
88 8
76 77
95 91
98 72
18 14
6 7
6 5
15 16
15 34
58 39