39 75 79 62 21 72 35 28 15 44 76 84 5 46 43 82 54 81 86 49 11 57 9 67 78 74 87 3 47 4 34 25 32 6 52 71 10 59 61 83 33 88 29 24 23 7 51 85 27 63 2 48 17 65 20 8 70 89 64 60 14 80 56 66 55 37 12 1 53 69 0 58 18 36 77 22 50 68 45 31 16 40 30 41 73 42 19
39 75
39 83
39 62
75 49
75 4
79 62
21 72
72 76
35 28
35 76
35 52
35 46
28 59
15 44
44 86
76 77
76 18
84 5
5 47
5 9
46 43
46 33
46 85
43 25
43 2
43 50
82 54
82 61
82 73
81 86
81 52
86 89
49 80
11 57
57 29
57 51
57 37
9 67
67 71
67 65
78 74
74 61
87 3
3 40
3 70
4 8
34 25
34 70
25 65
25 64
32 6
32 29
52 1
52 45
71 10
61 70
33 88
88 17
29 24
29 85
23 7
23 12
7 64
51 80
27 63
27 55
2 48
17 41
65 60
20 8
70 66
70 55
60 14
60 56
80 31
66 30
37 58
1 16
53 69
53 58
0 58
18 36
18 19
77 22
50 42
68 45