22 75 56 57 23 84 65 66 34 42 35 49 5 64 6 3 91 4 30 20 21 63 88 28 73 83 7 8 10 39 37 71 33 60 92 93 44 97 98 14 38 11 1 72 78 79 94 90 15 82 59 0 17 70 32 74 58 61 27 86 13 29 36 41 46 24 52 16 43 48 9 81 85 95 25 19 45 53 18 54 51 76 87 2 31 69 68 77 47 50 80 99 12 26 62 89 55
22 75
22 21
75 90
56 57
56 39
57 4
23 84
23 73
84 63
84 46
65 66
65 0
65 64
65 85
66 1
66 92
34 42
34 58
42 83
35 49
35 19
35 48
49 51
49 80
5 64
5 6
5 68
5 77
5 26
64 63
6 7
3 91
3 95
3 2
91 44
4 30
20 21
20 11
20 97
63 88
63 48
88 70
28 73
83 76
7 8
10 39
10 41
10 46
39 94
37 71
37 44
37 97
37 0
71 72
33 60
60 61
60 29
92 93
44 43
44 82
44 45
97 98
14 38
14 59
38 53
1 58
72 16
72 74
78 79
79 70
94 36
94 69
94 55
90 89
15 82
0 17
0 99
17 18
32 74
32 54
58 25
27 86
86 87
86 45
13 29
29 18
36 12
46 47
24 52
52 25
9 81
81 80
95 62
53 54
2 31
50 80