55 56 22 23 36 37 24 25 30 31 28 29 32 35 43 44 77 78 54 12 13 20 21 14 71 72 0 1 5 6 7 8 17 18 19 27 34 38 45 46 47 48 57 63 64 65 66 74 75 82 83 84 90 91 93 94 95 40 41 42 51 52 2 15 16 39 50 99 58 59 60 61 62 73 76 85 92 96 33 10 11 49 53 3 69 70 86 26 4 9 67 89 97 98 68 81 87 88
55 56
55 54
56 57
22 23
22 21
23 24
36 37
36 35
37 38
24 25
25 26
30 31
30 29
31 32
28 29
28 27
32 33
35 34
43 44
43 42
44 45
77 78
77 76
54 53
12 13
12 11
13 14
20 21
20 19
14 15
71 72
71 70
72 73
0 1
1 2
5 6
5 4
6 7
7 8
8 9
17 18
17 16
18 19
27 26
34 33
38 39
45 46
46 47
47 48
48 49
57 58
63 64
63 62
64 65
65 66
66 67
74 75
74 73
75 76
82 83
82 81
83 84
84 85
90 91
90 89
91 92
93 94
93 92
94 95
95 96
40 41
40 39
41 42
51 52
51 50
52 53
2 3
15 16
50 99
50 49
99 98
58 59
59 60
60 61
61 62
85 86
96 97
10 11
10 9
3 4
69 70
69 68
86 87
67 68
89 88
97 98
87 88