20 85 6 43 8 51 19 84 9 52 13 64 24 99 10 56 16 73 18 79 12 61 3 34 2 33 7 47 0 27 82 31 21 88 36 81 22 92 93 26 66 14 69 62 45 32 5 42 87 29 44 23 95 80 50 83 97 90 96 65 77 94 4 39 54 53 59 40 11 58 38 1 17 75 74 98 15 71 37 49 76 91 60 57 89 68 70 30 35 72 28 63 55 86 78 25 41 48 67 46
20 85
20 87
20 86
6 43
6 45
6 44
43 78
8 51
8 50
8 49
51 30
51 71
19 84
19 82
19 83
9 52
9 53
9 54
52 96
13 64
13 66
13 65
24 99
24 97
24 98
10 56
10 57
10 55
16 73
16 75
73 42
18 79
18 81
18 80
12 61
12 62
12 63
61 93
3 34
3 36
3 35
2 33
2 31
2 32
7 47
7 48
7 46
47 44
0 27
0 26
0 25
82 59
31 40
31 49
21 88
21 90
88 57
88 30
36 81
81 83
22 92
22 93
22 91
92 54
26 45
26 62
66 59
14 69
14 68
14 67
5 42
5 40
5 41
87 25
29 44
29 1
23 95
23 96
23 94
95 80
50 38
97 58
90 89
77 94
77 17
4 39
4 38
4 37
59 11
59 75
11 58
11 60
1 28
17 76
74 98
15 71
49 72
68 70
70 30