31 28 6 10 4 80 14 54 16 95 35 17 72 1 78 8 97 21 5 83 23 27 64 75 18 24 65 29 77 57 13 84 68 92 38 43 50 36 51 60 81 42 86 87 25 58 22 41 40 66 9 59 71 39 15 69 3 26 73 79 88 76 74 93 2 33 44 20 82 61 63 45 7 30 12 85 90 55 48 67 32 47 89 46 0 19 11 70 49 56 94
31 28
31 51
31 61
31 89
28 65
28 88
28 27
28 56
6 10
6 4
6 20
6 55
6 48
10 66
10 14
10 9
4 76
80 14
80 69
80 47
14 21
54 16
54 24
54 75
54 0
16 32
95 35
95 22
95 12
35 78
35 79
17 72
72 23
72 42
1 78
1 11
8 97
8 64
5 83
5 23
5 63
83 89
27 64
27 66
27 82
64 25
75 18
75 90
75 49
24 36
24 46
24 19
65 58
29 77
29 74
29 12
77 58
57 13
57 20
13 60
84 68
68 36
68 85
92 38
92 45
38 15
43 50
43 2
36 51
36 7
51 93
60 15
60 86
81 42
86 87
25 40
41 40
9 59
71 39
39 20
3 26
3 76
26 44
73 79
76 33
2 33
63 94
7 30
30 67
12 70