65 20 2 85 73 48 63 77 0 80 34 75 24 79 86 5 8 26 58 29 83 14 17 82 46 10 21 47 43 74 9 40 69 19 84 45 1 64 78 55 39 30 62 66 18 61 12 52 25 67 54 53 4 16 49 68 11 42 70 71 57 35 3 31 15 22 56 23 41 6 81 28 7 60 76 92 91 38 59 51 32 13 72 44 50 87 37 36 89
65 20
65 34
65 41
20 42
2 85
2 55
2 13
85 24
85 7
73 48
73 45
48 61
48 83
63 77
63 3
77 54
77 53
77 16
0 80
0 79
0 84
80 75
80 43
34 75
34 60
75 58
24 29
79 86
86 82
86 18
5 8
8 46
8 22
26 58
29 83
29 23
83 32
14 17
14 78
14 11
17 15
46 10
46 81
21 47
47 66
47 78
43 74
9 40
9 4
40 18
69 19
69 53
84 25
45 92
45 50
1 64
1 67
1 28
64 11
64 72
55 39
55 59
30 62
30 6
66 56
18 38
61 12
12 6
52 25
67 68
54 6
53 51
16 49
49 35
11 91
42 70
71 57
71 41
57 28
57 76
3 31
3 89
22 56
23 41
23 36
38 44
59 87
51 37