46 58 9 53 27 29 2 44 5 11 19 52 13 15 3 41 25 51 18 56 8 54 59 12 39 22 20 50 35 31 6 21 0 23 17 16 49 60 48 36 40 32 24 7 28 57 34 37 43 26 1 33 79 14 45 99 55 4 82 68 47 10 30 77 42 90 65 86 85 38 66 80 84 74
46 58
58 52
9 53
9 32
9 4
53 17
53 7
27 29
29 59
2 44
2 13
44 90
5 11
5 33
11 59
19 52
19 17
19 54
19 15
13 15
15 31
3 41
3 8
3 40
41 6
25 51
25 59
25 77
25 50
18 56
56 54
56 60
8 47
8 65
54 57
54 1
54 23
59 99
12 39
12 68
22 20
22 48
22 10
20 45
20 34
20 43
50 35
50 21
31 16
31 24
6 28
21 24
21 43
21 55
0 23
0 36
0 82
0 68
0 86
0 66
0 80
0 84
0 74
16 49
40 32
24 26
28 79
57 30
34 37
37 85
43 38
1 14
4 42