5 18 8 63 98 11 13 12 38 62 14 67 20 34 22 85 31 33 69 35 79 36 72 39 81 40 41 42 49 66 50 87 58 61 90 70 78 92 95 0 3 10 60 9 88 15 51 93 19 24 55 21 53 25 96 28 56 45 52 91 76 64 75 83 2 37 73 17 43 80 84 89 68 71 94 32 74 54 44 59 97 16 47 30 48 29 4 6 26 86
5 18
18 44
8 63
8 98
8 60
8 12
63 40
63 58
11 13
11 73
11 30
13 62
12 38
12 88
12 17
12 68
38 85
38 10
62 31
62 90
62 84
14 67
14 51
67 21
67 59
20 34
20 55
20 43
34 96
22 85
85 97
33 69
33 21
33 95
69 40
69 35
69 32
35 79
36 72
36 56
36 42
36 64
36 74
39 81
39 51
40 80
40 54
41 42
49 66
49 17
66 52
50 87
87 83
87 2
58 61
58 90
90 28
90 45
70 78
70 9
70 88
92 95
92 44
0 3
0 10
0 16
0 29
3 4
60 56
9 37
9 86
88 89
15 51
15 93
51 25
19 24
19 71
55 76
21 53
25 96
25 94
96 83
52 91
64 75
2 47
89 71
54 48
29 6
6 26