0 26 3 10 37 6 7 14 16 28 29 33 34 35 36 39 44 45 46 8 12 15 17 18 20 41 43 72 47 5 38 19 21 25 27 73 55 58 68 59 71 63 77 75 66 70 1 9 13 11 32 30 56 4 2 50 22 54 48 40 31 42 52 69 74 23 60 57 62 64 65 49 53 61 24 51 67 76
0 26
0 3
26 33
26 11
26 32
3 10
3 37
3 6
3 47
3 4
3 51
37 62
6 7
6 8
6 12
6 9
6 13
7 15
14 16
14 17
14 18
14 19
14 5
28 29
28 27
29 30
29 56
29 57
33 34
34 35
35 36
36 39
39 44
39 66
44 45
45 46
45 60
46 72
46 69
8 59
15 20
15 21
15 22
15 25
15 24
20 54
41 43
41 25
41 42
43 52
47 55
5 38
5 4
38 73
38 58
21 48
25 40
27 1
27 11
55 74
58 68
59 71
63 77
77 75
75 61
66 70
1 2
1 49
9 65
30 31
56 61
2 50
31 23
60 67
62 64
49 53
49 76