10 58 90 49 47 3 51 93 17 54 0 86 68 24 95 55 83 78 46 41 75 5 43 2 6 22 16 66 84 60 61 37 14 48 72 20 52 87 39 11 81 57 13 32 63 94 29 67 25 69 80 19 85 53 50 40 38 92 23 18 28 73 21 31 44 98 7 8 30 70 59 76 65 33 64 45 34 82 4 71 36 9 74 15 91 26 79 27 12 88 1 97 77 89 42
10 58
10 51
10 91
58 94
90 49
90 67
49 14
49 37
47 3
47 61
47 2
47 32
47 34
3 37
3 8
51 27
93 17
93 95
93 16
93 9
54 0
0 4
0 88
0 20
86 68
86 55
24 95
24 19
55 81
83 78
83 73
83 87
46 41
46 60
46 21
46 44
46 65
41 22
75 5
75 6
75 29
75 72
75 33
5 16
5 74
43 2
2 92
2 72
2 1
22 69
16 66
16 23
16 76
66 31
84 60
84 81
84 79
84 12
60 30
61 18
37 7
48 72
48 63
72 45
20 52
20 87
20 77
39 11
39 50
39 25
11 67
57 13
13 82
13 19
63 94
29 73
25 69
69 64
80 19
85 53
53 8
40 38
40 7
92 28
23 98
30 70
30 36
70 97
59 76
4 42
71 36
74 15
91 26
77 89