73 75 77 43 62 93 92 30 33 48 24 20 26 63 66 39 44 50 90 45 70 10 11 41 35 34 56 64 55 67 85 8 5 87 4 84 13 47 12 97 61 86 32 25 9 51 1 53 96 59 81 14 18 31 6 99 15 91 2 46 82 95 68 89 57 29 80 19 22 3 60 79 54 78 37 52 7 40 42 16 71 38 69 58 36 27 83 21 65 94 72 98 28 76 74 49 0
73 75
75 16
75 74
77 43
77 66
43 10
43 18
43 98
62 93
93 35
93 90
93 55
92 30
92 34
92 15
92 1
30 91
33 48
33 70
33 64
33 94
24 20
24 35
24 0
20 51
20 81
20 82
26 63
26 45
26 12
26 64
26 42
26 58
63 44
63 46
63 87
63 36
63 57
66 39
66 55
39 41
39 21
50 90
50 91
70 27
10 11
41 71
35 31
34 99
56 64
56 13
64 68
55 84
55 67
67 85
67 7
8 5
8 99
8 54
87 4
4 32
4 60
13 47
13 97
47 1
12 53
61 86
61 60
25 9
25 18
51 80
96 59
59 37
59 16
81 14
81 52
18 3
31 79
31 38
6 99
6 89
99 40
91 2
82 95
57 29
29 28
19 22
19 7
54 78
54 16
54 72
52 65
52 49
16 83
38 69
58 76