11 80 33 53 18 45 24 72 94 2 58 73 70 84 10 86 6 56 30 97 77 32 29 42 88 31 85 59 96 5 71 25 40 78 41 82 67 75 16 8 48 46 38 7 20 23 44 55 68 98 28 83 17 93 34 69 66 39 90 65 60 50 81 43 35 14 79 27 57 26 19 92 13 4 54 37 74 22 47 61 49 9 64 12 3 21 89 51 0 63 87 15 62 95
11 80
11 33
11 53
11 69
18 45
18 24
18 22
18 39
24 77
24 72
24 54
24 92
72 94
72 73
2 58
58 14
58 37
58 12
73 70
73 47
70 67
84 10
10 25
10 20
86 6
86 56
86 30
86 97
86 59
86 14
86 61
6 13
56 42
30 48
30 55
97 31
77 5
77 71
32 29
32 49
29 92
88 31
88 85
31 75
59 96
71 69
25 35
40 78
40 41
40 82
82 39
67 83
75 21
16 8
16 23
16 89
48 46
48 38
48 7
46 68
46 26
38 69
7 20
23 44
23 51
44 49
68 98
68 28
17 93
17 34
93 15
34 69
34 66
66 4
90 65
90 14
65 0
60 50
60 81
81 19
81 54
43 35
43 95
14 79
79 62
27 57
27 37
26 63
13 9
4 87
54 74
9 64
12 3