24 63 3 11 22 37 16 15 13 36 46 42 52 32 23 26 64 49 47 2 54 57 66 31 14 21 59 58 65 27 51 8 7 28 39 56 5 43 33 9 0 10 29 53 67 19 12 55 38 44 4 1 41 62 34 61 91 30 98 84 50 35 17 76 6 18 70 25 48 60 20 93 89 72 40 80 81 71 74 87 77 86 96 78 83
24 63
24 65
63 41
3 11
3 70
11 19
11 30
11 77
22 37
22 23
37 52
37 43
37 93
37 42
16 15
16 0
16 35
13 36
13 27
13 51
46 42
46 12
52 8
52 35
32 23
32 54
32 51
32 53
32 18
26 64
26 31
64 38
49 47
49 44
47 98
2 54
2 17
54 4
57 66
57 7
66 21
31 14
31 5
31 1
14 33
21 59
59 58
58 38
27 40
27 86
51 48
8 25
8 34
7 28
7 55
7 19
28 67
28 29
28 87
39 56
39 9
39 40
33 20
0 91
0 98
0 84
0 89
0 72
0 81
0 71
0 74
0 78
0 83
10 29
10 76
67 50
19 44
41 62
41 6
41 34
41 96
34 61
17 80
25 60