5 43 77 79 17 67 28 89 1 35 25 84 33 7 47 32 97 98 90 92 48 16 66 14 61 82 24 0 34 44 8 49 20 73 36 19 3 39 91 6 15 58 60 68 12 9 51 11 23 22 81 83 86 88 57 70 72 2 37 29 10 53 21 75 4 13 59 30 18 69 71 46 94 96 27 31 63 40 42 52 56 38 62 54 87 65 78 93 95 41 45 50 26 80 64
5 43
5 44
5 11
5 26
43 41
77 79
77 22
17 67
17 68
17 27
67 65
28 89
28 90
28 20
28 12
89 91
1 35
35 33
25 84
25 83
84 82
33 0
7 47
7 48
47 45
32 97
32 98
32 22
32 16
90 92
48 46
16 66
14 61
14 22
14 62
14 18
61 63
82 24
24 81
24 18
24 4
0 34
0 19
0 4
0 8
34 36
8 49
8 29
8 27
49 51
20 73
19 72
19 71
3 39
3 27
3 40
91 29
6 15
6 46
15 31
15 2
15 63
15 21
58 60
58 12
12 57
9 51
9 52
11 23
11 56
11 29
23 80
22 78
86 88
88 27
57 59
70 72
2 37
10 53
10 54
21 75
21 30
4 42
13 59
30 93
69 71
94 96
96 31
27 87
40 38
52 50
56 54
62 64
93 95