13 25 58 17 70 85 49 42 4 15 11 95 88 29 40 74 78 51 6 75 19 32 27 50 41 14 59 3 90 37 63 67 22 1 44 28 80 34 61 69 84 89 35 91 52 93 87 43 36 81 79 10 60 31 20 0 54 33 94 7 76 5 73 45 21 77 8 2 55 46 16 62 18 66 48 26 57 12 86 53 38 71 39 30 83 23 97 72 96 9 56 24 47 64 99 92
13 25
13 88
13 1
13 67
25 43
58 17
58 28
58 23
17 80
17 24
70 85
70 77
70 49
70 26
85 7
49 42
49 19
49 31
42 59
42 81
42 45
42 55
4 15
4 76
4 47
15 37
15 20
11 95
11 0
95 34
88 29
88 87
29 84
29 92
40 74
40 19
40 32
74 61
78 51
78 63
51 77
6 75
6 30
6 47
32 57
27 50
27 26
41 14
41 59
41 38
14 35
59 12
59 56
3 90
3 44
3 10
37 60
63 20
67 22
22 79
80 35
34 10
34 62
34 86
61 69
69 46
84 89
84 0
35 93
35 72
91 52
91 7
52 97
52 9
87 54
87 2
87 16
87 53
87 64
43 36
81 79
81 18
10 21
33 94
94 57
7 8
5 73
73 8
8 48
18 66
18 83
48 71
53 39
83 99
72 96