3 40 38 23 79 78 80 11 55 5 43 1 35 32 97 8 50 82 84 44 28 90 86 88 14 62 56 33 4 42 16 66 6 18 10 54 20 21 75 27 31 2 29 91 30 93 25 26 85 58 60 70 22 74 76 73 69 37 39 61 63 7 48 68 9 53 45 47 95 19 72 24 81 92 65 89 41 67 17 13 96 51 12 34 36 15 94 77 52 0 64 83 71 57 87
3 40
3 20
3 39
40 38
38 2
23 79
23 32
23 19
79 77
78 80
78 22
11 55
11 56
11 7
11 25
11 27
5 43
5 44
5 14
43 41
1 35
1 29
35 33
32 97
32 2
8 50
8 25
50 52
82 84
84 25
44 42
28 90
28 22
28 89
28 12
86 88
86 26
88 27
14 62
14 61
62 64
56 54
4 42
4 25
16 66
16 65
66 68
6 18
6 45
18 70
18 69
18 9
10 54
10 53
10 21
20 31
20 73
20 74
21 75
21 76
27 87
31 96
29 91
29 92
29 19
30 93
30 7
30 9
30 0
93 95
25 83
26 85
58 60
58 12
60 13
22 9
74 76
37 39
61 63
63 15
7 48
68 17
9 51
45 47
19 72
19 71
24 81
81 83
65 67
17 12
96 94
12 57
34 36
34 0