0 45 1 94 37 61 20 65 73 35 4 23 12 53 15 56 39 89 2 57 77 55 95 22 5 68 80 62 88 18 93 40 46 49 13 33 85 96 19 34 54 67 78 43 8 44 9 17 63 81 76 82 60 91 6 14 71 26 32 52 59 72 98 21 10 7 28 87 42 36 66 64 48 11 90 79 47 24 30 70 69 41 83 97 29 84 50 3 38 27 25 92 75
0 45
0 80
0 10
0 42
0 30
45 73
45 70
1 94
94 35
94 67
94 60
94 72
37 61
37 98
37 6
37 67
37 75
20 65
20 22
65 2
65 19
73 91
73 64
73 50
35 2
35 7
4 23
4 69
23 96
12 53
53 26
15 56
15 78
39 89
39 77
39 55
39 84
89 40
2 82
57 77
55 95
55 71
95 36
22 43
5 68
5 21
68 9
68 91
80 66
62 88
62 79
18 93
18 17
40 78
46 49
49 9
13 33
33 26
33 32
33 7
85 96
85 64
96 8
96 52
19 44
34 54
34 63
34 17
34 24
54 28
78 90
63 81
76 82
6 14
6 38
14 47
14 41
26 59
26 21
52 36
10 97
7 48
28 87
42 27
36 24
64 3
11 90
11 92
79 25
83 97
83 25
29 84