16 75 3 34 1 30 18 80 2 32 20 85 5 41 7 48 21 88 24 97 90 99 19 84 47 14 68 22 92 23 95 0 25 17 78 13 65 86 87 11 59 8 51 67 9 54 40 35 42 74 52 83 98 10 56 81 15 72 55 27 66 6 44 94 60 50 69 4 38 53 37 45 76 29 82 26 91 43 46 31 33 64 89 12 61 77 93 28 79 49 63 57 39 58 71 62 70 36 96
16 75
16 74
3 34
3 35
3 36
1 30
1 29
1 28
30 99
18 80
18 81
18 79
2 32
2 31
2 33
20 85
20 86
85 41
85 63
5 41
5 40
5 42
7 48
7 47
7 46
21 88
21 90
21 89
88 81
24 97
24 99
24 98
90 51
19 84
19 83
19 82
14 68
14 67
14 69
68 40
22 92
22 91
22 93
92 89
23 95
23 94
23 96
0 25
0 27
0 26
25 52
17 78
17 76
17 77
78 69
78 56
13 65
13 66
13 64
86 87
86 50
11 59
11 60
11 58
8 51
8 50
8 49
9 54
9 52
9 53
35 69
42 60
74 57
74 89
83 27
98 64
10 56
10 55
15 72
15 71
15 70
55 33
6 44
6 45
6 43
94 60
4 38
4 37
4 39
38 49
38 71
45 89
29 82
43 46
12 61
12 62
12 63
28 79