9 51 17 68 29 92 18 70 7 48 72 30 93 15 63 62 64 31 96 5 44 91 26 86 94 52 24 82 81 83 27 87 13 59 22 3 39 38 40 49 16 65 25 84 42 8 41 43 45 47 32 97 66 12 23 61 4 20 21 76 73 58 60 14 90 89 0 88 46 69 95 57 74 11 79 56 55 77 54 1 28 6 53 19 85 71 78 80 67 2 98 10 35 37 50 34 36
9 51
9 52
9 22
9 4
51 49
17 68
17 67
17 1
68 66
29 92
29 91
29 18
92 90
18 70
18 8
18 69
70 72
7 48
7 47
7 11
48 46
30 93
30 25
15 63
15 64
15 21
63 61
62 64
31 96
31 95
31 6
96 94
5 44
5 14
5 1
5 28
5 6
44 42
91 89
26 86
26 23
26 14
26 85
26 2
24 82
24 22
81 83
83 25
27 87
27 12
27 23
27 88
13 59
13 60
13 20
22 77
3 39
3 40
3 32
38 40
38 2
49 8
16 65
16 66
25 84
25 20
25 0
8 50
41 43
41 4
45 47
32 97
32 98
12 0
12 57
23 79
23 80
61 14
4 20
4 10
20 73
21 76
76 74
58 60
0 11
11 56
11 55
56 54
55 53
1 35
1 36
28 19
19 71
78 80
2 37
34 36