10 56 7 46 22 92 59 88 4 38 1 29 21 11 0 26 90 2 31 14 69 12 61 55 15 70 24 98 47 97 18 80 17 78 79 37 8 50 43 25 41 9 52 48 99 28 68 19 82 54 49 62 3 35 72 84 30 6 44 23 96 34 16 74 91 73 87 81 13 66 71 20 85 57 45 76 36 53 27 60 77 95 63 75 65 64 93 83 86 5 42 32 58 39 94 51 89 40 67 33
10 56
10 55
10 57
56 76
56 67
7 46
7 47
7 48
22 92
22 91
22 93
92 71
59 88
59 11
88 21
4 38
4 37
4 39
1 29
1 28
1 30
21 90
21 89
11 60
11 58
0 26
0 25
0 27
90 57
2 31
2 32
2 33
31 60
31 45
14 69
14 68
69 41
12 61
12 62
12 63
61 27
55 53
55 79
15 70
15 72
15 71
24 98
24 97
24 99
47 43
18 80
18 79
18 81
80 40
17 78
17 77
17 76
78 95
37 49
8 50
8 49
8 51
43 6
41 5
9 52
9 54
9 53
52 66
99 62
28 87
68 62
68 35
19 82
19 84
19 83
49 96
3 35
3 34
3 36
84 96
6 44
44 83
23 96
23 95
23 94
16 74
16 73
16 75
91 32
73 57
87 45
87 20
13 66
13 65
13 64
20 85
20 86
27 77
5 42