8 93 97 24 44 33 82 75 79 85 89 57 28 50 58 80 27 29 54 83 96 12 13 81 64 88 67 60 34 56 38 22 94 43 35 10 40 39 20 49 36 25 1 23 5 68 2 74 18 76 65 92 55 62 6 32 98 30 70 78 53 42 45 14 73 72 86 87 48 61 41 3 95 63 15 0 4 31 71 21 9 26 84 99 19 16 37 17 77 59 91 47 66 7 51 90
8 93
8 62
8 64
97 24
97 22
97 9
97 74
24 54
24 36
44 33
44 89
33 99
82 75
82 57
82 67
75 40
75 34
79 85
79 95
79 17
79 59
79 92
85 57
89 43
89 23
89 21
89 77
28 50
28 61
58 80
80 70
27 29
27 87
27 90
29 30
29 36
29 31
54 96
83 96
96 72
12 13
12 32
13 88
81 64
81 94
81 78
88 67
60 34
60 1
56 38
56 36
38 39
22 76
94 43
94 19
43 49
43 51
35 10
35 65
35 76
10 0
40 86
39 61
20 49
20 25
49 45
49 53
25 98
5 68
68 76
2 74
74 41
18 76
65 37
92 55
6 32
32 87
32 70
70 78
70 48
53 42
53 3
53 66
14 73
14 61
73 63
72 7
48 47
41 84
63 15
15 71
0 4
0 91
26 84
16 37