52 49 96 14 42 93 83 88 51 65 25 20 66 37 0 34 38 56 15 31 17 1 68 8 47 36 95 10 23 98 28 86 30 67 39 45 69 77 89 44 55 32 59 94 21 24 90 87 9 74 35 26 78 33 16 4 27 76 41 19 71 54 50 80 84 57 29 99 48 73 58 62 53 2 70 7 6 85 91 11 61 40 12 64 75 3 63 18 22 13 79 97 5 46 81 82 43 92
52 49
52 90
52 94
49 9
96 14
96 86
96 44
96 62
14 21
42 93
93 51
93 70
93 61
83 88
88 15
88 29
88 92
51 1
51 33
51 38
51 32
65 25
65 34
25 53
20 66
66 87
37 0
0 10
0 87
34 39
38 56
38 41
56 84
56 64
15 68
15 22
31 17
17 9
1 10
1 45
1 59
68 63
68 81
8 47
47 24
36 95
36 16
36 3
95 6
10 77
10 97
23 98
23 28
98 58
28 76
28 18
30 67
30 39
67 79
39 84
45 76
69 77
77 73
89 44
89 74
44 57
55 32
59 29
59 85
94 21
21 78
24 6
87 78
35 26
35 27
78 71
16 4
16 73
4 75
27 76
19 71
54 50
50 64
80 84
84 46
99 48
99 12
53 2
53 13
70 7
7 40
91 11
11 40
40 43
12 63
22 5
97 82