10 21 12 42 27 59 20 78 16 35 31 46 89 18 51 49 67 80 4 74 68 2 29 93 81 22 84 87 43 37 8 61 65 39 75 38 23 25 50 45 63 26 9 11 28 55 54 47 82 36 1 40 69 77 30 83 32 56 94 52 33 76 17 53 7 48 79 73 44 0 91 97 85 3 24 98 64 58 6 90 62 71 14 70 5 57 19 66 72 96 95 88 15 92 60
10 21
10 23
10 73
10 96
21 68
21 48
21 98
21 72
12 42
12 4
12 69
12 28
12 95
42 54
42 90
42 19
27 59
59 20
59 93
59 77
59 5
78 16
78 53
16 8
16 51
35 31
31 24
31 7
46 89
89 56
89 22
18 51
49 67
49 80
49 40
67 87
4 9
74 68
74 1
2 29
2 7
93 39
93 64
81 22
81 83
81 91
22 6
84 87
84 94
43 37
43 62
61 65
61 26
61 40
65 30
39 11
39 17
39 56
75 38
75 24
75 5
23 50
25 50
50 15
45 63
45 32
9 11
28 55
28 33
28 48
54 76
47 82
47 32
47 3
47 30
36 1
36 0
36 14
30 83
56 71
56 70
94 52
52 62
53 85
7 60
48 79
73 44
97 85
97 58
85 70
5 57
19 66
96 92
95 88