57 41 49 12 7 33 58 61 56 18 9 60 53 17 5 37 11 46 0 10 25 15 35 14 54 26 1 51 3 21 38 22 24 59 2 27 6 39 28 64 50 20 47 30 29 13 63 62 31 55 45 23 16 48 66 90 94 40 4 43 44 42 34 72 8 65 81 32 74 82 92 36 19 69 83 87 76 77 93 86 71 80 97 91
57 41
57 26
41 94
49 12
49 24
49 11
49 34
49 62
7 33
33 20
33 43
33 50
58 61
58 9
61 29
56 18
56 26
56 4
56 40
18 59
9 60
9 48
60 14
60 31
53 17
53 25
53 28
53 6
5 37
5 24
11 46
46 44
0 10
0 90
0 72
0 81
0 74
0 82
0 69
0 83
0 76
0 86
0 71
0 77
0 91
10 3
25 32
15 35
15 22
35 28
54 26
54 20
1 51
1 40
1 8
1 65
3 66
3 13
21 38
21 23
21 19
38 45
38 29
2 27
2 62
6 39
39 16
39 93
64 50
64 29
50 42
20 55
20 13
20 80
47 30
47 13
29 36
13 63
62 31
31 87
16 77
44 97
92 36