76 62 0 31 90 66 35 75 69 81 72 57 73 44 77 5 18 12 17 7 9 64 70 21 68 52 91 67 16 83 19 79 80 45 22 10 86 56 54 2 1 15 49 65 41 78 71 92 37 46 84 48 29 28 63 25 23 61 58 74 20 88 50 36 60 39 3 51 55 53 6 87 47 33 11 82 13 14 85 42 4 32 27 8 34 43 30 89 40 59 26 38
76 62
76 2
62 1
62 22
62 87
0 31
0 49
31 21
90 66
90 83
66 59
35 75
35 6
75 69
75 85
81 72
81 10
81 30
72 56
72 15
72 64
57 73
73 52
73 29
73 68
73 18
44 77
44 65
77 60
77 61
5 18
5 67
18 58
12 17
12 37
12 26
17 38
7 9
9 67
64 70
64 86
21 68
21 19
68 48
68 54
52 91
16 83
16 54
83 86
83 78
83 88
19 79
79 33
80 45
80 41
45 22
45 13
10 3
56 65
56 84
56 51
1 15
1 40
15 47
15 32
49 46
49 50
65 25
65 74
65 11
71 92
92 61
92 39
92 42
37 89
46 23
46 20
46 8
84 82
28 63
28 34
63 36
63 25
25 53
50 89
51 55
51 43
53 6
13 14
42 4
32 27