85 59 11 12 16 21 23 13 6 48 40 93 49 97 18 64 8 83 65 22 24 55 60 14 1 69 7 3 71 0 95 61 47 20 74 35 34 78 73 30 32 62 67 92 77 80 79 91 44 29 89 53 17 82 39 68 96 88 33 99 58 87 15 43 94 56 37 75 81 5 51 98 76 86 9 46 70 72 36 90 66 41 4 54 27 26 42 28 63 25 52
85 59
85 89
85 56
11 12
11 6
12 80
16 21
16 93
16 61
21 43
23 13
23 37
13 58
48 40
48 34
93 74
93 35
93 34
93 67
49 97
49 73
97 92
18 64
18 92
18 29
64 79
64 37
8 83
8 7
8 39
83 41
65 22
22 0
22 81
24 55
55 73
60 14
60 70
60 90
14 95
14 80
14 54
1 69
1 30
1 37
69 26
7 77
3 71
3 91
71 79
71 42
71 98
95 62
61 77
61 52
47 20
47 44
47 46
20 51
74 86
34 78
34 33
30 32
62 87
67 68
79 15
91 27
29 89
29 9
29 72
53 17
17 33
17 4
82 39
39 87
39 81
96 88
96 36
88 15
88 63
33 99
99 58
58 5
87 28
43 94
37 75
37 51
5 25
98 76
90 66