2 21 68 16 54 94 28 46 20 64 41 93 69 81 62 92 27 34 87 23 15 71 38 51 63 86 95 58 67 59 30 9 72 85 37 14 91 82 78 29 76 50 25 42 44 17 80 99 6 40 19 79 8 88 24 49 84 39 4 55 98 96 32 65 7 36 53 22 43 70 90 73 45 31 83 61 89 97 3 77 1 26 5 75 74 18 60 57 52 47 56 35 11
2 21
2 95
21 80
68 16
68 88
68 96
68 46
16 3
54 94
94 78
28 46
28 49
28 76
46 14
20 64
20 40
64 53
41 93
93 8
93 43
69 81
69 25
62 92
62 38
92 95
92 50
92 32
27 34
27 17
87 23
87 37
87 14
23 56
15 71
15 90
71 82
38 51
38 82
63 86
63 58
86 91
86 60
95 57
95 35
58 67
58 85
67 47
59 30
59 85
9 72
9 7
85 26
37 24
37 44
37 22
37 91
91 78
91 45
82 88
29 76
29 39
50 84
25 42
25 19
44 17
99 6
99 98
99 61
6 5
40 45
40 7
19 79
79 97
8 7
24 18
49 75
39 73
39 1
4 55
4 77
55 61
98 96
96 89
32 65
32 74
36 53
43 70
90 83
90 97
45 31
3 11
5 52