86 90 98 6 4 51 43 37 62 38 97 13 55 45 5 14 1 39 22 3 46 17 52 68 42 91 82 9 47 28 49 79 88 0 2 18 26 54 36 21 40 92 34 24 85 63 15 81 93 89 69 64 72 76 77 44 7 23 58 50 73 16 61 32 74 71 27 53 29 59 20 19 10 95 94 25 83 96 99 65 31 11 87 41 67 48 66 8 80 56 30
86 90
86 28
98 6
98 79
98 63
6 36
6 69
6 72
6 21
6 48
4 51
4 93
4 64
4 19
4 27
4 52
51 50
43 37
43 81
43 67
62 38
62 44
38 76
38 68
38 39
97 13
13 23
55 45
55 32
45 81
5 14
5 89
5 54
5 10
14 22
14 82
1 39
39 66
22 3
3 19
46 17
46 52
46 87
46 56
17 74
52 68
42 91
42 7
42 89
82 73
82 32
9 47
9 25
47 63
28 49
49 89
79 77
79 20
79 23
88 0
88 92
0 18
2 18
2 29
18 71
26 54
21 40
21 96
40 83
92 34
24 85
24 61
24 73
24 63
24 11
15 81
69 59
64 80
44 41
23 58
50 16
32 8
27 53
29 65
59 65
19 31
10 95
95 94
96 99
8 30