30 39 69 77 73 74 80 81 91 92 4 5 6 9 20 21 27 93 96 14 66 41 42 64 72 34 35 44 54 26 33 40 49 84 90 76 13 75 83 88 98 0 58 95 7 12 32 52 62 71 78 79 87 86 2 3 68 85 89 10 28 25 59 67 94 8 70 16 23 97 82 11 17 19 99 47 57 51 22 29 43 60 18 31 36 45 55 38 56 63 1 15 50 61 65 48 46 24 37 53
30 39
30 29
39 49
39 31
39 48
69 77
69 70
77 76
77 78
73 74
73 80
74 66
74 75
80 81
91 92
92 95
92 87
92 96
92 88
4 5
4 7
6 9
6 3
9 14
9 8
20 21
20 14
20 26
20 19
21 27
21 28
21 15
93 96
96 97
14 13
14 10
66 58
41 42
41 32
41 40
41 33
42 52
64 72
64 54
34 35
34 33
35 36
44 54
44 36
44 45
54 63
26 33
33 25
40 49
40 50
49 59
84 90
84 83
90 85
90 89
90 94
76 75
76 83
13 18
75 68
75 82
83 88
98 0
98 99
7 12
7 8
52 62
52 51
52 43
71 78
78 79
87 86
2 3
2 1
68 59
68 60
59 67
16 23
16 22
23 17
97 99
11 17
47 57
47 56
47 38
47 46
57 65
51 61
22 29
29 38
29 37
43 53
31 24
45 55