4 37 9 52 24 98 2 31 16 74 12 61 38 18 81 15 72 39 22 92 13 65 91 19 83 8 51 7 48 62 49 75 1 28 21 90 59 46 23 96 30 32 50 89 94 14 68 33 99 0 26 79 54 5 41 25 47 78 93 10 56 6 43 3 36 67 55 20 85 66 17 97 82 57 77 42 88 63 87 64 53 45 73 80 29 34 40 95 11 86 84 71 69 76 60 70 44 27 58 35
4 37
4 38
4 39
9 52
9 54
9 53
24 98
24 97
24 99
98 39
2 31
2 32
2 33
31 91
16 74
16 75
16 73
12 61
12 62
12 63
61 89
18 81
18 79
18 80
81 64
15 72
15 71
22 92
22 91
13 65
13 66
13 64
19 83
19 84
83 79
8 51
8 49
8 50
7 48
7 46
7 47
48 59
48 26
48 70
49 42
75 56
75 25
1 28
1 30
1 29
21 90
21 89
21 88
59 11
46 88
46 69
23 96
23 94
23 95
32 99
32 87
89 71
14 68
14 67
14 69
33 47
0 26
0 25
0 27
54 82
5 41
5 42
5 40
47 40
78 93
78 17
10 56
10 55
10 57
56 76
6 43
6 45
6 44
43 97
3 36
3 34
3 35
36 29
20 85
20 87
20 86
66 53
17 77
17 76
82 34
42 95
53 73
11 60
11 58