51 52 80 81 36 37 40 41 49 50 84 85 92 93 97 98 45 46 75 76 87 88 96 86 55 56 77 20 21 53 89 90 0 1 94 19 54 61 62 79 95 2 3 74 28 29 60 99 22 67 68 48 59 57 25 26 33 34 44 12 13 16 17 38 73 35 5 6 7 8 39 27 18 23 24 58 70 71 31 32 14 82 83 9 11 30 10 15 66 4 65 72 69 78 63 43 42 91 47 64
51 52
51 50
52 53
80 81
80 79
81 82
36 37
36 35
37 38
40 41
40 39
41 42
49 50
49 48
84 85
84 83
85 86
92 93
92 91
93 94
97 98
97 96
98 99
45 46
45 44
46 47
75 76
75 74
76 77
87 88
87 86
88 89
96 95
55 56
55 54
56 57
20 21
20 19
21 22
53 54
89 90
90 91
0 1
0 99
1 2
94 95
19 18
61 62
61 60
62 63
79 78
2 3
3 4
74 73
28 29
28 27
29 30
60 59
22 23
67 68
67 66
68 69
48 47
59 58
57 58
25 26
25 24
26 27
33 34
33 32
34 35
44 43
12 13
12 11
13 14
16 17
16 15
17 18
38 39
73 72
5 6
5 4
6 7
7 8
8 9
23 24
70 71
70 69
71 72
31 32
31 30
14 15
82 83
9 10
11 10
66 65
65 64
63 64
43 42