18 81 7 46 21 88 14 69 9 53 19 84 54 48 5 40 47 20 86 15 70 71 16 74 22 92 8 49 24 99 6 44 50 3 36 23 94 52 89 42 0 25 68 1 28 87 11 58 41 72 96 26 75 17 76 91 27 97 79 12 63 2 32 93 10 56 4 37 77 59 13 65 66 31 95 45 82 39 64 57 80 29 43 60 34 33 30 55 85 62 78 90 51 35 67 73 38 98
18 81
18 79
18 80
81 50
81 99
81 71
7 46
7 48
7 47
21 88
21 89
21 90
14 69
14 68
9 53
9 54
9 52
19 84
19 82
5 40
5 42
5 41
47 71
20 86
20 87
20 85
86 68
86 59
15 70
15 71
15 72
16 74
16 75
16 73
74 37
22 92
22 93
22 91
8 49
8 50
8 51
49 89
24 99
24 97
6 44
6 45
6 43
44 73
3 36
3 34
3 35
36 45
36 64
23 94
23 96
23 95
52 27
0 25
0 26
0 27
25 39
1 28
1 29
1 30
28 34
87 91
11 58
11 59
11 60
58 41
96 51
26 82
17 76
17 77
17 78
97 45
12 63
63 39
2 32
2 31
2 33
32 29
93 43
93 98
10 56
10 57
10 55
56 80
4 37
4 39
4 38
13 65
13 66
13 64
57 62
30 67
55 78