37 39 74 76 30 93 19 71 38 40 26 85 0 34 5 44 94 2 7 47 15 63 1 35 3 62 64 27 36 87 89 91 4 42 24 81 50 52 31 96 95 88 28 90 33 10 53 22 73 75 70 72 54 56 16 8 25 83 23 11 55 66 68 21 32 14 61 12 49 51 29 17 13 6 46 18 9 58 60 20 57 59 69 98 41 43 86 48 78 80 92 65 97 45 82 79 67 77
37 39
37 2
39 3
74 76
76 21
30 93
30 94
30 22
19 71
19 72
38 40
38 2
26 85
26 23
26 25
0 34
0 33
0 28
34 36
5 44
5 16
5 13
44 42
94 96
2 27
2 18
2 13
7 47
7 10
7 48
47 45
15 63
15 64
15 1
1 35
1 32
35 33
3 20
62 64
27 87
27 88
89 91
91 29
4 42
4 41
24 81
24 32
24 82
50 52
50 8
52 9
31 96
31 95
31 29
88 86
28 90
28 29
90 92
10 53
10 54
10 16
22 78
22 77
73 75
75 21
70 72
70 18
54 56
16 12
16 32
16 65
25 83
23 20
23 79
11 55
11 21
66 68
68 17
21 32
32 98
32 97
14 61
14 17
14 9
12 58
12 17
12 57
49 51
51 9
17 67
6 46
46 48
18 69
58 60
57 59
41 43
78 80