25 49 84 90 34 66 15 83 12 32 13 97 65 69 51 55 68 80 57 58 5 98 73 87 27 47 23 88 37 86 40 11 81 50 52 43 70 91 1 0 9 22 53 61 60 67 71 85 96 6 17 26 77 42 14 93 72 74 56 41 4 10 24 48 33 39 62 20 46 28 95 92 44 45 19 30 2 31 54 75 8 63 94 21 59
25 49
25 81
25 61
49 5
49 42
84 90
84 72
84 98
90 23
90 66
90 8
34 66
34 88
34 86
66 47
15 83
15 53
83 23
12 32
32 51
32 68
32 40
32 73
13 97
13 92
65 69
65 94
69 93
69 31
51 55
68 80
68 17
80 22
80 56
80 28
80 2
57 58
58 96
58 41
58 9
58 5
5 98
5 92
98 1
73 87
27 47
27 54
47 37
47 91
37 11
40 48
40 62
81 67
81 33
50 52
52 14
52 95
43 70
43 44
91 95
1 39
0 9
9 62
53 10
61 24
60 67
67 26
71 85
85 4
85 45
96 74
6 17
6 44
26 77
93 4
4 46
24 20
24 19
20 46
20 30
28 59
45 21
54 75
63 94