39 14 38 46 85 27 31 92 68 12 24 72 43 83 67 53 84 11 10 47 34 0 76 21 4 87 74 63 37 61 42 25 59 8 89 91 22 16 5 6 45 54 64 78 32 18 41 1 23 2 49 80 57 82 3 79 56 20 70 81 44 65 33 15 86 77 60 35 30 75 28 48 62 58 7 55 71 13 69 73 26 90 52 19
39 14
39 91
38 46
38 31
38 21
38 76
38 60
46 49
85 27
85 90
27 78
31 92
31 84
31 68
68 12
68 11
68 20
12 32
24 72
24 91
24 57
24 81
24 7
72 67
43 83
43 91
53 84
53 44
11 10
11 55
11 47
47 34
34 58
0 76
0 62
76 4
76 35
76 30
21 15
4 79
4 8
87 74
74 22
74 23
74 28
63 37
37 56
61 42
61 54
61 71
25 59
25 22
25 62
59 80
8 89
91 70
91 65
91 69
16 5
5 26
6 45
6 18
45 48
45 52
54 64
54 52
78 80
78 56
41 1
41 44
1 77
23 33
2 49
49 75
82 3
82 70
56 19
81 71
44 86
65 15
15 26
28 73
48 13