12 14 4 5 1 2 15 16 0 11 10 3 9 35 38 53 54 8 44 49 67 70 64 65 57 58 28 29 40 41 24 25 6 19 20 7 66 55 51 22 17 60 68 63 61 37 52 59 32 23 47 31 27 71 46 21 34 13 69 48 56 62 18
12 14
12 0
4 5
4 3
4 31
4 29
5 6
5 35
5 37
5 32
5 34
1 2
1 0
1 16
2 3
2 19
2 17
2 21
2 18
15 16
0 11
0 13
11 10
11 68
11 71
11 70
11 69
10 9
10 66
10 63
10 65
3 22
3 23
3 27
3 24
9 8
9 60
9 61
9 59
9 56
9 57
9 62
35 38
53 54
54 8
8 7
8 55
8 51
8 52
44 49
44 7
67 70
64 65
57 58
28 29
40 41
41 6
24 25
19 20
7 47
7 46
7 48