85 26 78 69 4 36 17 92 46 40 43 81 55 93 84 30 6 95 83 67 53 1 2 11 39 19 29 75 88 13 33 51 87 48 82 8 65 77 97 56 22 31 27 47 3 73 0 25 7 59 44 99 71 91 20 52 94 5 42 79 35 70 74 49 72 54 64 24 12 90 10 34 28 57 68 41 50 23 21 9 45 15 98 14 80 61 76 60 96 66 86 63 16 89 37 18 38 32 58 62
85 26
85 81
26 51
78 69
78 47
78 10
69 46
69 50
4 36
4 43
4 29
4 60
36 24
17 92
92 67
92 63
46 40
46 83
46 13
46 29
46 90
40 30
40 57
43 59
81 55
81 83
93 84
93 29
93 33
93 54
84 77
84 89
6 95
6 87
95 52
83 96
83 18
67 53
67 75
67 22
53 47
1 2
1 19
2 16
11 39
11 94
39 77
39 97
39 86
19 65
19 62
29 88
29 42
75 76
88 52
13 3
33 9
51 34
87 48
48 71
48 91
48 5
48 74
48 23
82 8
82 28
8 31
65 35
65 74
97 56
97 25
31 27
31 44
27 72
47 20
47 58
73 0
73 54
25 7
7 70
59 44
44 80
44 14
99 71
91 49
20 12
20 38
94 79
79 68
49 64
54 66
24 37
10 45
68 41
23 21
23 61
21 32
45 15
98 14