10 15 61 69 30 77 46 49 47 48 54 60 66 71 35 16 14 50 51 55 56 58 53 2 5 74 57 62 63 64 12 44 52 65 70 59 68 72 67 28 13 6 73 76 0 8 78 4 3 29 40 23 18 79 7 75 1 19 11 32 31 36 42 41 37 17 9 26 38 43 34 24 45 33 21 20 22 27 39 25
10 15
15 75
61 69
69 71
30 77
30 35
30 19
30 34
30 29
77 2
46 49
46 17
47 48
48 72
54 60
54 55
54 58
66 71
66 67
66 64
71 72
35 36
16 14
14 19
50 51
50 55
51 75
55 6
56 58
56 53
56 57
56 73
53 74
53 52
2 5
2 1
5 12
5 13
57 70
57 59
62 63
62 64
62 65
62 59
12 65
12 11
44 52
70 68
70 76
67 78
28 13
28 27
6 0
6 8
6 9
76 23
0 3
0 17
78 79
78 32
4 3
4 7
29 40
29 39
23 21
23 25
18 79
18 41
1 26
32 31
36 37
42 41
42 43
37 38
17 45
38 24
38 22
34 33
21 20