16 65 17 67 15 28 42 44 90 92 77 79 63 1 36 82 84 66 68 3 26 23 80 14 62 4 41 9 51 2 7 8 50 20 74 24 40 38 29 91 33 35 39 85 86 31 95 64 93 89 54 56 49 88 13 59 96 25 81 19 27 11 60 46 48 73 75 5 43 10 53 0 34 32 98 87 58 22 30 6 18 12 21 78 37 83 52 94 45 47 61 57 55 70 72 69 71
16 65
16 66
65 67
17 67
17 30
15 28
15 63
28 89
28 22
42 44
44 5
90 92
92 29
77 79
77 22
63 61
1 36
1 35
1 30
1 5
1 21
82 84
82 24
84 25
66 68
3 26
3 40
3 39
3 19
26 85
26 86
23 80
23 30
14 62
14 29
62 64
4 41
4 5
4 24
9 51
9 20
9 52
9 22
2 7
2 8
2 38
7 48
7 25
8 50
8 49
8 22
20 74
24 81
40 38
29 91
29 6
91 89
33 35
39 37
85 87
86 88
31 95
31 96
31 13
95 93
54 56
54 10
56 11
88 27
13 59
13 60
13 30
25 10
81 83
19 71
19 72
11 32
11 55
60 58
46 48
73 75
75 21
5 43
10 53
0 34
0 30
32 98
58 12
22 78
30 94
6 18
6 45
12 57
45 47
70 72
69 71