61 30 92 67 99 9 34 53 0 12 57 93 29 48 56 85 80 8 38 74 89 25 88 11 83 50 39 14 77 10 23 32 37 15 76 97 51 73 33 45 4 64 79 84 66 81 41 19 82 69 27 72 47 96 7 54 87 46 78 5 20 94 1 36 6 65 43 75 2 60 90 62 44 52 28 17 86 95 59 22 26 16 70 13 21 35
61 30
61 8
61 65
92 67
92 38
92 4
67 69
99 9
99 79
99 7
99 70
99 35
34 53
53 29
53 48
53 41
53 82
53 27
0 12
0 85
12 56
12 15
12 81
12 88
57 93
57 39
93 11
29 38
56 54
56 44
80 8
80 13
8 43
8 75
38 1
74 89
74 7
89 32
89 19
25 88
25 51
88 2
11 72
11 27
83 50
83 96
50 76
14 77
14 6
77 64
10 23
10 84
10 60
10 21
23 45
32 37
32 87
32 94
15 28
76 97
73 33
73 36
73 41
73 44
33 90
33 59
45 79
64 66
84 69
66 81
41 62
19 96
27 86
47 96
47 22
54 46
54 26
46 52
78 5
78 17
5 28
20 94
36 95
6 65
26 16