0 13 43 59 25 63 18 57 7 54 51 29 31 32 40 45 60 56 42 8 10 61 30 15 37 16 48 35 53 44 47 38 50 58 55 36 33 23 94 39 20 26 1 3 4 9 46 28 11 49 34 62 81 6 21 2 17 14 95 12 5 78 96 64 74 98 90 19 85 52 72 70 41 71 99 88 87 84
0 13
0 42
0 94
0 46
0 81
0 35
0 78
0 96
0 74
0 90
0 85
0 99
0 88
0 87
13 12
43 59
43 30
59 61
25 63
25 58
18 57
18 39
18 1
18 36
7 54
7 30
51 29
51 14
29 31
29 52
31 45
32 40
32 56
32 44
32 49
45 60
45 55
42 50
42 62
42 98
8 10
8 33
10 71
10 39
61 36
61 58
61 6
30 3
30 17
15 37
15 64
16 48
16 58
48 19
35 53
44 21
44 17
47 38
47 14
38 95
50 9
50 6
55 33
33 23
33 5
20 26
26 28
26 84
3 2
4 9
9 70
28 11
11 2
49 34
12 72
12 64
19 41