97 93 78 23 41 37 25 27 4 5 44 30 84 90 70 60 52 53 50 76 0 57 79 95 2 3 43 10 86 62 18 49 29 17 69 59 34 9 40 58 15 14 65 73 12 47 7 45 51 68 80 31 63 42 13 81 66 87 61 98 74 26 82 35 75 28 88 89 77 56 11 19 91 33 16 1 38 72 96 20 85 32 22 39 67 55 21 36 8 94 92 64 54 48 24 71
97 93
97 5
78 23
78 47
78 45
78 17
78 58
23 51
23 71
41 37
41 28
41 31
37 70
37 60
25 27
25 53
25 5
25 94
27 47
27 88
27 38
4 5
44 30
30 77
84 90
84 0
84 89
84 28
90 96
60 52
60 68
52 67
53 86
50 76
50 63
76 51
0 57
57 21
79 95
79 66
95 73
95 48
2 3
2 11
3 58
43 10
43 20
43 96
10 82
86 62
86 33
18 49
18 80
18 73
29 17
69 59
69 87
69 1
69 77
59 15
59 61
34 9
9 31
40 58
40 81
40 16
58 31
14 65
65 7
73 12
12 7
7 81
7 74
68 26
42 13
13 38
13 36
81 85
61 98
98 54
74 75
26 1
35 75
28 91
88 72
88 22
77 56
77 39
11 19
96 92
85 32
22 55
22 8
22 24
64 54