45 90 36 87 56 20 12 44 27 33 58 28 79 0 3 11 21 37 81 14 77 1 89 5 59 70 72 15 99 65 98 73 17 4 93 18 82 92 48 84 80 69 47 46 52 13 2 53 63 41 9 97 16 39 61 34 75 26 19 6 31 51 91 66 68 22 55 8 71 86 35 62 7 76 57 67 23 10 95 30 42 54 38 64 43 78 85 25 83 29 50 49 74 96 88 94 32 60 24 40
45 90
90 69
36 87
36 56
36 29
87 26
56 80
20 12
20 21
12 33
12 31
12 76
44 27
44 13
27 98
27 37
27 41
27 35
27 62
27 40
33 58
58 5
28 79
28 0
28 6
28 38
28 83
28 94
0 3
0 72
0 23
3 59
3 48
3 75
3 43
11 21
11 15
11 34
11 49
21 70
21 4
21 74
37 81
37 92
37 46
37 91
37 55
14 77
14 99
14 5
14 78
14 32
14 60
14 63
77 73
77 57
1 89
1 5
1 17
1 52
1 42
5 16
5 19
5 51
5 22
59 82
70 69
72 98
15 2
15 30
99 65
99 8
4 93
4 18
4 7
4 24
18 82
18 54
82 96
92 10
84 80
69 9
47 46
46 86
46 85
13 66
13 39
53 63
9 97
97 26
39 61
26 25
19 67
66 68
8 71
8 95
8 88
86 50
38 64