1 37 14 15 19 20 6 8 35 36 21 11 46 48 9 44 55 3 7 4 5 10 27 12 2 26 29 60 58 18 23 28 38 75 31 32 41 64 17 24 25 13 0 39 40 30 68 50 43 22 33 16 34 66 80 45 52 78 49 53 72 42 65 79 77 59 67 69 73 57 70 62 54 76 71 63 56 61
1 37
1 3
1 2
1 0
37 33
14 15
14 11
14 10
15 16
15 24
19 20
19 18
20 21
20 22
6 8
6 7
6 5
6 39
8 9
35 36
35 33
11 12
46 48
46 44
9 28
44 55
44 41
55 43
55 63
3 4
7 27
4 5
4 29
27 31
12 13
26 29
26 18
60 58
60 75
60 57
60 71
58 59
18 23
18 17
28 38
75 78
75 68
31 32
31 30
32 34
41 64
41 40
64 76
24 25
25 40
39 16
40 68
68 77
50 43
50 42
66 80
66 45
45 52
45 72
45 49
45 54
49 53
53 56
65 79
79 59
59 67
59 61
69 73
69 62
57 56
70 62
70 61