8 74 49 91 18 34 19 52 31 55 76 61 14 94 67 53 15 32 11 60 6 63 62 73 16 28 80 78 48 82 90 39 27 21 2 47 45 97 54 0 99 46 83 13 20 22 5 58 12 41 89 69 44 29 88 72 51 71 68 86 64 66 93 79 9 24 59 37 65 40 38 4 92 98 84 1 70 96 17 30 42 7 81 35 23 50 43 87 56 26 57 85 3 10 75 95 25
8 74
8 58
8 18
8 30
49 91
49 0
49 25
91 70
18 34
18 19
18 1
34 99
34 38
19 52
52 50
31 55
31 11
76 61
61 99
14 94
14 90
94 46
67 53
67 64
67 42
67 56
53 17
15 32
15 39
32 84
11 60
11 48
60 84
6 63
6 27
62 73
73 47
73 54
16 28
28 82
28 54
80 78
80 68
48 12
82 41
82 44
82 38
90 39
90 85
39 37
27 21
21 71
21 86
2 47
2 66
45 97
45 81
97 83
97 88
97 72
54 35
46 83
13 20
20 66
22 5
22 3
22 75
5 68
58 89
12 44
12 70
41 7
89 69
44 29
72 51
72 64
71 98
71 68
86 64
93 79
79 7
79 10
9 24
9 59
24 30
65 40
65 1
65 23
65 87
65 57
4 92
92 98
70 96
17 43
23 26
85 95