36 20 0 70 55 31 1 33 83 52 59 77 74 73 23 65 39 37 49 67 14 51 85 58 34 9 44 64 22 11 38 95 26 43 27 3 82 91 15 12 69 7 57 93 29 42 17 71 92 45 41 81 48 87 46 5 25 79 19 50 80 54 86 97 4 30 40 47 78 75 89 16 10 8 68 53 99 84 24 90 61 76 32 13 63 56 60 72 88 96 18 28 98 6 62 21 35 2 66 94
36 20
36 16
36 37
36 90
20 58
20 52
0 70
0 58
0 54
70 49
70 68
55 31
55 3
55 50
55 48
31 39
1 33
1 87
1 40
83 52
83 27
59 77
77 85
77 89
77 64
74 73
74 11
74 26
23 65
23 9
23 54
23 29
39 37
37 35
49 67
49 7
67 44
14 51
14 15
14 9
85 8
58 34
58 11
58 92
9 79
64 22
64 63
64 17
64 2
22 78
22 82
11 10
38 95
95 57
26 43
27 21
82 91
82 5
82 96
12 69
69 21
57 93
57 13
29 42
29 99
42 45
42 56
42 72
17 71
17 62
71 46
92 80
45 41
81 48
81 19
87 46
87 32
46 86
25 79
79 76
19 97
50 88
86 94
4 30
4 40
4 28
40 47
40 6
47 84
78 75
78 13
75 60
89 98
16 53
16 61
68 2
24 90
60 18
96 66