38 97 60 69 33 22 70 27 47 31 7 64 76 3 73 18 39 46 88 54 13 9 4 17 23 24 28 99 45 32 51 10 65 81 98 40 71 96 35 36 82 48 72 14 62 53 66 67 41 52 21 85 49 25 78 56 77 43 0 90 2 93 5 16 19 91 42 59 1 79 57 15 89 20 63 84 83 94 8 44 12 68 87 26 86 30 37 11 50 61 34
38 97
97 60
60 69
60 1
60 26
60 59
69 33
69 13
69 35
69 67
69 19
22 70
22 46
22 99
22 49
22 87
70 16
27 47
47 96
31 7
31 52
31 91
31 30
7 77
7 4
64 76
76 46
3 73
3 99
73 51
18 39
18 46
18 96
18 68
39 37
46 9
88 54
88 53
54 90
13 17
13 65
13 24
13 45
9 4
9 85
9 63
9 93
4 48
23 24
23 12
23 50
28 99
28 78
28 62
28 86
28 61
45 32
51 10
51 40
10 71
10 56
65 81
81 14
98 40
36 82
36 43
48 72
48 67
14 34
62 53
62 43
62 89
53 66
53 25
53 57
66 11
41 52
21 85
85 15
25 5
0 90
2 93
5 94
42 59
42 8
42 83
79 57
20 63
84 83
8 44