65 67 61 63 1 35 2 37 25 83 30 93 20 73 12 31 8 49 94 38 40 6 58 53 55 26 86 23 11 77 79 57 39 50 21 76 10 27 88 51 0 33 84 17 68 32 9 41 43 13 18 4 14 22 45 16 66 5 47 80 82 15 64 7 29 91 42 59 92 95 62 87 56 85 90 28 19 72 96 52 89 60 78 3 69 71 36 34 46 48 54 24 70
65 67
67 17
61 63
61 14
1 35
1 6
1 17
1 36
2 37
2 4
2 30
2 38
37 39
25 83
25 84
30 93
30 94
20 73
20 12
20 5
12 31
12 58
12 57
31 23
31 95
31 27
31 96
8 49
8 50
8 4
8 24
49 51
38 40
6 10
6 45
6 7
6 11
6 46
53 55
55 11
26 86
26 85
26 15
86 88
23 80
23 79
11 32
11 56
77 79
77 22
57 59
50 52
21 76
21 29
10 4
27 88
27 4
27 87
51 9
0 33
0 34
0 17
84 82
17 68
17 16
41 43
43 5
13 18
13 60
18 5
18 29
4 14
4 42
14 19
45 47
16 66
80 78
82 24
15 64
64 62
7 3
29 91
29 92
92 90
56 54
90 28
28 89
19 72
19 71
72 70
69 71
46 48