5 14 45 51 90 91 99 98 92 93 94 95 96 97 10 11 13 19 18 12 15 16 17 40 41 49 48 42 43 44 46 47 0 20 9 29 30 39 50 59 60 69 70 79 80 89 81 88 82 83 84 85 86 87 66 77 27 52 58 53 54 55 56 57 1 2 3 4 6 7 8 22 31 21 26 28 23 24 25 61 65 64 68 62 63 67 32 38 33 34 35 36 37 71 76 78 72 73
5 14
5 6
14 13
45 51
45 44
45 46
51 52
90 91
90 80
91 92
99 98
98 97
92 93
93 94
94 95
95 96
96 97
10 11
10 0
10 20
11 12
13 12
19 18
19 9
19 29
18 17
15 16
15 27
16 17
40 41
40 30
40 50
41 42
49 48
49 39
49 59
48 47
42 43
43 44
46 47
0 1
20 30
20 21
29 39
39 38
50 60
59 69
59 58
60 70
60 61
69 79
69 68
70 80
70 71
79 89
80 81
89 88
81 82
82 83
83 84
84 85
85 86
86 87
66 77
66 65
66 67
77 76
77 78
27 26
27 28
52 53
53 54
54 55
55 56
56 57
1 2
2 3
3 4
6 7
7 8
22 31
22 21
22 23
31 32
23 24
24 25
61 62
65 64
64 63
62 63
32 33
38 37
34 35
35 36
36 37
71 72
72 73