57 59 9 52 61 63 12 58 38 40 1 35 0 33 34 26 85 25 83 41 43 13 60 66 68 45 47 51 69 71 15 17 67 73 75 6 84 10 54 11 31 27 88 82 93 95 62 64 14 89 91 16 65 46 23 80 18 2 37 4 42 78 86 8 50 28 90 36 32 97 3 39 79 48 30 24 53 70 72 81 5 44 92 22 20 74 19 29 21 76 56 7 94 49 87 77 96 98
57 59
57 12
59 13
9 52
9 51
9 15
9 5
52 50
61 63
61 14
63 15
12 58
12 11
12 32
38 40
40 3
1 35
1 36
1 24
1 3
35 33
0 33
0 34
0 21
26 85
26 6
26 86
26 11
26 24
85 87
25 83
25 84
83 81
41 43
41 4
13 60
66 68
68 17
45 47
47 7
51 49
69 71
71 19
15 64
17 67
17 22
67 65
73 75
73 20
6 46
84 82
10 54
10 14
10 53
54 56
11 31
31 95
31 18
31 23
27 88
27 18
27 16
27 4
82 24
93 95
93 30
62 64
14 21
89 91
91 29
16 65
16 20
46 48
23 80
23 79
80 78
18 29
18 7
2 37
37 39
4 42
8 50
28 90
28 29
90 92
32 97
32 98
3 39
30 94
24 19
70 72
72 19
5 44
22 77
20 74
74 76
94 96