51 12 35 96 53 61 90 94 55 72 57 19 66 59 29 64 84 65 45 70 2 82 83 74 68 76 81 5 85 7 15 21 69 62 77 14 97 43 63 22 46 71 44 56 36 58 34 87 32 42 9 95 86 4 89 99 8 37 75 88 73 40 10 50 11 27 28 52 18 31 17 98 93 1 79 91
51 12
51 35
51 96
51 44
51 11
51 28
51 77
35 76
35 71
96 10
96 37
53 61
53 90
53 94
53 65
53 31
90 72
90 91
94 40
55 72
55 17
72 82
72 83
72 1
57 19
57 66
57 36
66 69
59 29
29 70
64 84
64 87
64 98
84 85
84 68
65 45
65 32
65 93
70 2
70 22
82 74
82 95
83 34
74 68
74 56
68 69
76 42
81 5
81 9
5 58
85 7
85 15
85 21
85 44
69 62
62 97
62 43
77 14
14 79
63 22
63 46
22 87
71 89
58 34
34 73
86 4
4 75
99 8
99 37
75 88
75 73
50 11
50 27
28 52
52 18