3 5 21 20 37 23 68 24 72 27 69 29 46 36 11 42 60 45 86 56 97 59 96 64 34 52 90 81 9 43 30 53 18 26 31 89 95 51 19 63 66 58 93 67 25 40 39 32 49 71 85 48 70 80 2 14 7 83 17 0 92 6 13 15 84 12 35 8 47 50 94 61 74 1 57 98 73 78 10 16 22 88 33 38 87 65 62 79 91 44 55 76 99 28 82 41 54 4 77 75
3 5
3 21
3 92
5 53
5 48
5 57
21 16
20 37
20 10
37 30
23 68
23 56
68 0
24 72
72 85
72 61
27 69
27 40
27 12
69 46
29 46
46 85
46 58
46 63
36 11
36 66
42 60
42 71
42 77
60 80
60 53
45 86
45 43
56 97
56 25
56 48
97 30
59 96
59 31
59 91
64 34
64 52
64 90
52 14
52 83
52 98
90 39
81 9
81 43
81 95
81 41
81 75
9 2
53 44
18 26
26 8
31 89
31 95
89 74
95 63
51 19
19 58
19 4
63 70
66 58
66 67
66 35
58 48
93 67
93 32
67 76
25 6
25 88
40 49
40 87
39 32
39 13
49 62
49 79
48 65
7 83
7 47
7 22
7 28
83 17
83 33
92 1
15 84
84 78
35 8
35 78
50 94
50 10
50 82
61 73
57 54
78 99
16 55
33 38