23 30 90 3 20 48 49 17 67 1 16 32 29 7 39 88 85 53 50 15 4 11 74 89 24 5 42 87 21 19 34 92 75 76 2 58 83 10 54 63 8 35 18 82 28 78 43 44 71 33 72 6 46 13 84 98 60 0 9 12 25 37 65 69 95 96 55 56 51 27 22 52 57 68 97 73 47 81 93 70 86 64 94 99 77 80 31 61 66 59 36 91 38 40 62 45 41 26 14 79
23 30
23 90
23 89
23 24
23 51
30 29
3 20
3 2
3 22
20 82
48 49
48 46
49 28
17 67
17 44
67 6
67 57
1 16
1 7
1 39
1 4
1 5
16 18
16 53
32 29
32 10
32 7
32 52
7 96
39 15
39 63
39 38
88 85
88 89
53 50
4 2
11 74
74 28
74 75
74 36
24 86
5 73
5 12
42 87
87 86
21 19
21 13
34 92
34 27
34 68
34 31
92 71
92 10
92 64
92 70
75 76
75 78
2 13
58 83
58 57
58 59
83 66
54 63
54 55
63 84
63 65
8 35
8 33
8 91
18 6
43 44
44 61
71 72
33 72
72 36
46 77
13 45
84 41
98 60
98 97
60 61
0 9
0 26
0 14
9 12
25 37
37 27
65 40
69 95
69 93
55 56
52 94
97 99
47 81
47 41
81 80
93 70
77 79
38 62