12 17 26 21 33 59 85 46 87 37 99 60 29 55 65 35 62 77 19 78 7 5 52 36 34 63 1 11 3 13 56 23 53 27 89 41 66 58 80 22 49 90 32 94 39 88 76 72 67 9 96 64 70 43 20 51 50 28 97 48 75 98 68 69 45 84 8 18 31 79 14 42 61 15 92 81 44 86 38 82 10 4 0 71 54 57 47 74 16 25
12 17
12 60
12 78
17 5
17 46
17 42
26 21
26 78
33 59
59 42
85 46
85 22
46 9
87 37
87 41
87 49
37 79
99 60
99 90
99 62
99 20
60 32
29 55
29 65
29 15
55 77
55 11
35 62
77 64
77 5
19 78
19 49
7 5
7 68
7 36
5 50
5 18
52 36
36 54
34 63
63 72
63 98
63 68
1 11
1 67
1 8
3 13
3 56
56 51
56 38
23 53
23 45
53 43
53 92
27 89
27 14
27 86
89 80
41 71
66 58
58 43
80 75
94 39
39 48
39 10
88 76
88 31
76 69
76 28
76 86
9 96
9 74
64 69
70 43
70 51
20 51
20 61
50 84
28 97
28 81
48 15
84 0
79 47
92 44
38 4
82 10
71 16
54 57
57 25