0 1 10 8 9 19 80 90 91 98 99 89 2 7 20 70 92 97 29 79 11 12 21 17 18 28 71 81 82 87 88 78 3 6 30 60 93 96 39 69 13 16 31 61 83 86 38 68 22 23 32 26 27 37 62 72 73 76 77 67 4 5 40 50 94 95 49 59 14 15 41 51 84 85 48 58 24 25 42 52 74 75 47 57 33 34 43 35 36 46 53 63 64 65 66 56 54 55 44 45
0 1
0 10
1 2
10 20
8 9
8 7
9 19
19 29
80 90
80 70
90 91
91 92
98 99
98 97
99 89
89 79
2 3
7 6
20 30
70 60
92 93
97 96
29 39
79 69
11 12
11 21
12 13
21 31
17 18
17 16
18 28
28 38
71 81
71 61
81 82
82 83
87 88
87 86
88 78
78 68
3 4
6 5
30 40
60 50
93 94
96 95
39 49
69 59
13 14
16 15
31 41
61 51
83 84
86 85
38 48
68 58
22 23
22 32
23 24
32 42
26 27
26 25
27 37
37 47
62 72
62 52
72 73
73 74
76 77
76 75
77 67
67 57
4 5
40 50
40 41
94 95
14 15
15 24
41 51
84 85
24 25
42 52
52 53
74 75
33 34
33 43
34 35
34 54
43 53
35 36
36 46
53 63
63 64
64 65
65 66
66 56
54 55
54 44
44 45