48 62 84 49 54 5 19 29 24 44 53 60 3 68 43 64 8 10 39 31 14 33 15 37 61 66 4 16 38 55 74 78 13 11 72 7 77 45 51 95 82 75 23 41 93 56 71 96 88 63 42 20 91 40 47 28 73 92 32 81 50 52 58 76 35 67 27 89 98 34 0 12 87 90 21 70 86 2 69 30 9 18 59 26 36 22 46 17 97 79 83 6 85 1
48 62
62 7
62 77
62 79
84 49
84 54
84 5
84 40
54 39
5 95
5 61
19 29
29 71
29 2
24 44
24 4
24 87
44 13
53 60
53 3
53 68
53 93
53 1
60 4
3 47
43 64
43 47
43 28
43 0
64 95
8 10
8 39
8 89
39 50
39 18
31 14
31 55
31 32
14 37
14 6
33 15
15 45
15 51
15 61
37 82
61 66
4 16
4 70
16 56
38 55
38 0
74 78
74 85
78 71
78 81
11 72
11 88
72 51
77 93
51 98
95 58
82 75
23 41
23 35
23 30
93 42
56 63
56 67
56 90
71 59
96 88
96 35
96 26
88 69
42 21
20 91
20 76
20 97
91 34
91 81
91 58
40 73
40 52
73 92
73 36
50 12
27 89
98 46
87 86
9 18
36 22
46 17
79 83