3 40 32 75 47 84 5 48 54 17 42 33 76 34 77 51 25 15 58 45 11 63 97 1 44 56 22 43 80 6 49 86 39 65 41 53 96 85 68 90 36 79 20 57 23 73 16 59 35 72 83 26 69 55 92 71 31 27 24 61 2 4 30 60 52 95 14 50 88 46 9 10 94 0 89 64 81 12 66 98 74 91 7 28 38 70
3 40
40 83
40 74
32 75
32 6
32 66
75 41
47 84
84 58
84 50
5 48
5 42
5 31
48 85
48 14
54 17
54 80
54 20
54 11
54 88
54 91
17 43
42 16
33 76
76 39
34 77
34 71
34 0
34 68
77 43
51 25
51 94
25 68
15 58
15 41
58 95
45 11
45 2
63 97
63 20
63 26
1 44
1 35
44 10
44 7
44 70
56 22
22 65
43 86
43 6
6 49
39 65
65 31
65 28
53 96
53 90
53 27
96 59
85 59
36 79
36 73
36 2
57 23
57 83
23 60
73 30
35 72
35 9
72 46
83 46
26 69
55 92
55 81
55 98
55 89
27 64
24 61
24 50
4 30
30 64
52 95
46 89
46 12
64 98
64 38