23 95 3 35 21 90 17 77 0 27 11 59 7 48 12 63 8 49 6 44 24 97 2 33 9 54 10 55 1 29 16 75 99 22 91 36 14 69 96 47 20 85 51 62 93 94 78 13 64 60 50 19 84 68 76 32 98 18 80 65 83 52 57 53 82 71 46 5 40 73 28 88 15 30 81 4 37 72 26 25 74 45 34 92 86 56 42 66 39 31 61 67 41 38 58 43 87 70 89
23 95
23 96
23 94
95 84
95 41
3 35
3 36
3 34
21 90
21 88
21 89
17 77
17 78
17 76
77 52
0 27
0 26
0 25
27 96
11 59
11 60
11 58
7 48
7 47
7 46
48 56
12 63
12 62
63 72
63 80
8 49
8 51
8 50
6 44
6 45
6 43
44 71
24 97
24 99
24 98
97 26
2 33
2 32
2 31
33 75
9 54
9 52
9 53
10 55
10 57
10 56
55 30
55 71
1 29
1 28
1 30
16 75
16 73
16 74
99 80
99 61
22 91
22 93
22 92
36 62
14 69
14 68
14 67
20 85
20 86
20 87
51 53
13 64
13 65
13 66
60 82
19 84
19 83
19 82
76 57
76 87
32 37
98 88
18 80
18 81
65 45
71 15
5 40
5 42
5 41
28 67
88 92
15 72
15 70
4 37
4 39
4 38
25 39