50 51 67 68 84 85 45 46 47 60 61 35 36 74 75 33 34 77 78 73 82 83 9 10 79 11 12 80 66 48 49 56 57 7 8 86 87 39 40 25 26 91 92 76 27 28 29 70 71 19 20 93 94 62 72 30 55 88 89 53 54 96 97 0 1 98 81 52 3 4 5 6 2 63 22 23 14 15 90 38 59 99 31 32 69 95 65 37 58 13 18 64 24 16 17 21 42 43 44 41
50 51
50 49
51 52
67 68
67 66
68 69
84 85
84 83
85 86
45 46
45 44
46 47
47 48
60 61
60 59
61 62
35 36
35 34
36 37
74 75
74 73
75 76
33 34
33 32
77 78
77 76
78 79
73 72
82 83
82 81
9 10
9 8
10 11
79 80
11 12
12 13
80 81
66 65
48 49
56 57
56 55
57 58
7 8
7 6
86 87
87 88
39 40
39 38
40 41
25 26
25 24
26 27
91 92
91 90
92 93
27 28
28 29
29 30
70 71
70 69
71 72
19 20
19 18
20 21
93 94
94 95
62 63
30 31
55 54
88 89
89 90
53 54
53 52
96 97
96 95
97 98
0 1
1 2
98 99
3 4
3 2
4 5
5 6
63 64
22 23
22 21
23 24
14 15
14 13
15 16
38 37
59 58
31 32
65 64
18 17
16 17
42 43
42 41
43 44