5 7 55 57 1 6 2 51 56 52 44 45 94 95 3 4 53 54 26 28 76 78 48 49 98 99 41 42 91 92 0 9 10 8 12 13 25 50 59 60 58 62 63 75 27 77 38 39 88 89 20 21 70 71 43 93 29 30 79 80 24 74 36 37 40 86 87 90 31 81 19 69 34 35 84 85 14 15 64 65 11 61 17 18 67 68 47 97 16 66 46 96 32 33 82 83 22 72 23 73
5 7
5 2
7 8
55 57
55 52
57 58
1 6
1 2
1 0
2 3
51 56
51 52
51 50
52 53
44 45
44 43
45 46
94 95
94 93
95 96
3 4
53 54
26 28
26 25
76 78
76 75
48 49
48 47
49 50
98 99
98 97
41 42
41 40
42 43
91 92
91 90
92 93
0 9
9 10
10 11
10 12
12 13
12 14
13 17
25 27
25 24
50 59
59 60
60 61
60 62
62 63
62 64
63 67
75 77
75 74
27 29
77 79
38 39
38 37
39 40
88 89
88 87
89 90
20 21
20 19
70 71
70 69
29 30
30 31
79 80
80 81
24 23
74 73
36 37
36 35
86 87
86 85
31 32
81 82
19 18
19 22
69 68
69 72
34 35
34 33
84 85
84 83
14 15
15 16
64 65
65 66
17 18
67 68
47 46
97 96
32 33
82 83
22 23
72 73