0 1 11 7 99 33 72 73 74 75 76 77 78 79 4 45 98 61 2 21 22 23 24 25 26 27 28 29 3 31 32 34 35 36 37 38 39 12 57 59 62 68 69 51 52 53 54 55 56 58 41 42 47 48 49 80 81 82 83 84 71 63 67 10 85 86 87 88 89 90 91 92 93 94 95 96 97 9 66 13 14 15 16 17 18 19 20 30 43 44 64 60 40 70 50 65 8 5 6 46
0 1
0 11
0 10
0 12
0 13
0 14
0 15
0 16
0 17
0 18
0 19
0 20
0 30
7 99
7 98
7 80
7 81
7 82
7 83
7 84
7 85
7 86
7 87
7 88
7 89
7 90
7 91
7 92
7 93
7 94
7 95
7 96
7 97
7 6
33 72
33 73
33 74
33 75
33 76
33 77
33 78
33 79
33 61
33 3
33 62
33 68
33 69
33 71
33 63
33 67
33 66
33 64
33 65
4 45
4 41
4 42
4 47
4 48
4 49
4 43
4 44
4 5
4 46
2 21
2 22
2 23
2 24
2 25
2 26
2 27
2 28
2 29
2 51
2 52
2 53
2 54
2 55
2 56
2 57
2 58
2 3
3 31
3 32
3 34
3 35
3 36
3 37
3 38
3 39
12 57
12 59
10 9
90 50
9 8
20 60
30 40
30 70
40 50
5 6