23 31 82 83 19 64 16 51 39 67 42 77 56 65 62 85 37 63 66 18 20 21 52 95 96 57 69 12 74 70 71 6 88 13 36 94 46 9 43 90 2 45 75 84 86 76 72 92 93 17 54 14 91 48 15 4 68 25 29 8 32 53 47 30 33 34 27 40 44 87 5 59 60 11 28 78 3 98 89 79 50 26 61 81 0 49 99 55 58 7
23 31
23 70
31 37
82 83
82 28
83 18
83 52
83 86
19 64
19 20
19 76
64 47
16 51
51 46
51 67
51 55
39 67
39 5
67 89
42 77
42 37
77 25
77 79
56 65
56 88
56 15
56 53
56 59
65 66
65 27
62 85
85 70
37 9
63 66
63 70
63 11
66 17
66 29
18 96
20 21
21 75
52 68
95 96
95 72
95 45
95 3
57 69
57 78
69 14
12 74
74 13
74 84
70 71
71 6
71 72
6 7
88 30
13 54
36 94
94 2
43 90
90 48
90 91
2 45
45 93
84 86
86 0
76 26
92 93
17 34
14 91
14 47
4 68
4 44
25 87
8 32
8 7
32 33
47 27
47 49
27 61
40 44
40 99
59 60
59 81
11 98
98 58
89 26
79 50