95 97 53 89 29 27 1 85 61 43 96 88 13 64 51 76 26 7 22 16 49 12 92 20 18 30 63 3 34 24 62 8 23 2 94 17 57 78 80 10 98 69 39 45 19 31 41 79 36 15 56 52 0 86 54 99 37 25 28 73 60 21 70 58 44 11 83 40 50 90 14 33 82 91 48 65 38 47 72 67 35 32 42 9 75 74 6 77 55 66 68 84 59 87 5 71 46
95 97
95 13
95 28
95 21
95 60
97 44
53 89
53 12
29 27
29 10
29 1
29 66
27 11
1 85
1 96
1 50
85 56
85 90
61 43
61 19
43 94
43 47
96 88
88 49
88 48
88 68
64 51
51 99
51 72
76 26
76 84
7 22
7 78
22 18
22 39
16 49
16 2
49 45
49 37
49 9
49 5
12 34
12 36
92 20
92 18
92 70
30 63
63 28
63 70
3 34
34 91
24 62
24 44
8 23
8 73
23 60
23 17
23 33
2 94
17 57
17 0
57 35
78 80
78 52
10 25
10 58
10 74
10 59
98 69
98 31
98 84
98 71
69 50
45 36
19 42
41 79
41 14
41 56
79 99
36 15
36 54
56 28
0 86
54 83
37 65
73 40
50 38
33 82
33 87
91 55
48 46
65 75
72 32
72 6
67 35
6 77