3 10 11 23 24 32 34 46 47 48 52 54 0 2 13 12 17 25 14 18 20 21 6 9 15 30 35 5 1 16 8 7 19 22 31 38 39 45 27 36 50 49 44 82 83 29 58 59 84 4 26 33 57 28 37 43 40 86 68 66 69 67 56 72 74 64 63 87 76 65 61 85 71 70 62 75 89 41 42 77 78 88 51 60 55 80 81 79
3 10
3 11
3 0
3 4
10 2
11 18
11 20
11 21
23 24
23 27
23 22
23 26
24 25
32 34
34 30
46 47
46 43
46 42
47 48
47 56
47 51
48 57
52 54
52 51
0 1
2 13
13 14
13 16
12 17
12 1
14 15
14 8
20 22
6 9
6 5
6 8
9 19
30 35
30 29
30 33
30 28
35 36
35 39
35 50
8 7
8 28
19 45
19 44
31 38
38 39
50 49
49 57
82 83
82 75
82 81
83 84
58 59
58 57
84 85
37 43
43 40
40 41
86 68
86 67
86 87
68 69
66 69
66 65
56 60
56 71
72 74
72 71
64 63
64 65
63 61
63 62
87 76
87 88
76 75
61 55
61 60
85 89
71 70
77 78
78 79
80 81
80 79