15 95 2 43 48 41 75 32 1 4 37 7 62 24 11 9 8 82 78 96 45 44 0 14 72 55 68 88 99 17 58 30 63 49 79 25 83 64 29 71 34 73 98 12 38 97 77 36 35 16 89 6 86 27 5 61 18 3 39 53 87 65 67 42 66 20 80 33 21 69 26 92 91 76 70 57 85 94 54 93 40 31 19 51 74 84 23 22 10 50 28 47 81 56 60
15 95
15 2
15 76
95 12
95 58
95 78
2 43
2 27
2 53
2 87
43 68
48 41
48 26
75 32
75 92
32 77
32 14
32 94
1 4
1 12
4 71
4 36
4 18
37 7
7 20
62 24
62 97
62 35
24 34
24 51
11 9
11 38
8 82
82 72
82 63
78 96
96 61
96 3
96 21
45 44
45 17
45 74
0 14
0 20
0 58
55 68
68 35
68 89
68 60
88 99
88 97
88 40
99 80
17 63
58 30
58 93
63 98
63 38
63 84
63 56
49 79
79 5
79 83
25 83
25 98
83 22
64 29
64 80
34 73
34 65
73 50
12 39
12 86
12 31
12 81
38 54
36 5
36 91
35 70
16 89
89 66
6 86
6 42
5 19
87 85
87 47
65 67
66 69
33 21
33 10
69 26
92 23
57 85
50 28