36 65 48 83 2 10 32 55 67 38 68 72 20 70 28 21 66 25 27 35 30 74 1 5 24 76 64 26 39 45 69 47 94 95 0 44 86 8 46 78 33 42 71 29 63 52 16 23 3 18 13 17 19 7 91 87 14 15 84 4 31 43 60 50 62 85 97 81 49 90 41 12 58 88 82 59 53 51 98 80 9 99 92 56 22 73 61 54 77 11 37 40 34 6 75 89 57
36 65
36 45
36 86
65 58
65 59
65 77
48 83
83 26
83 81
83 19
2 10
2 72
2 73
10 75
32 55
55 16
67 38
67 69
67 25
68 72
68 39
68 46
68 30
20 70
20 45
20 4
20 41
70 3
28 21
28 0
28 87
21 76
21 49
21 61
21 37
66 25
27 35
27 24
30 74
74 97
74 90
1 5
5 14
5 31
5 11
24 62
76 78
64 26
64 13
64 87
64 22
69 47
69 89
47 17
94 95
94 23
94 98
44 86
8 46
78 84
33 42
33 17
33 16
71 29
29 19
63 52
63 15
16 23
16 15
23 4
3 18
18 87
18 99
13 31
7 91
7 43
91 88
87 53
14 12
14 92
14 60
15 82
43 80
43 6
60 50
62 85
62 97
90 41
58 51
51 9
98 80
9 54
92 56
56 34
73 57
77 40