13 64 8 50 17 76 16 74 20 86 3 34 10 56 77 5 41 7 48 22 91 51 23 96 36 24 99 2 32 21 90 93 11 58 92 35 18 80 9 54 31 85 46 12 63 19 83 33 49 60 6 44 42 66 73 95 94 15 70 57 43 1 28 61 79 47 4 38 39 98 84 37 71 65 81 14 67 89 69 87 62 97 82 53 88 0 25 29 68 30 55 40 45 26 75 78 27 72 52
13 64
13 66
13 65
64 85
8 50
8 51
8 49
17 76
17 77
17 78
16 74
16 73
16 75
20 86
20 85
20 87
86 37
3 34
3 36
3 35
10 56
10 57
56 92
77 36
77 51
5 41
5 42
7 48
7 46
7 47
48 98
22 91
22 93
22 92
51 47
23 96
23 95
23 94
96 68
96 81
24 99
24 98
24 97
2 32
2 31
2 33
32 61
21 90
21 89
21 88
93 45
93 53
11 58
11 60
58 66
35 30
18 80
18 79
18 81
9 54
9 53
31 82
12 63
63 95
19 83
19 84
19 82
33 69
6 44
6 43
6 45
44 78
42 71
73 62
95 70
95 55
94 62
15 70
15 71
15 72
57 52
1 28
1 29
1 30
61 40
4 38
4 39
4 37
38 88
39 62
14 67
14 69
14 68
62 97
0 25
0 26
0 27
25 78