66 68 9 51 29 91 50 52 24 81 13 59 61 63 11 55 34 36 90 92 42 44 85 87 0 33 27 3 39 14 62 12 57 40 18 69 2 31 16 95 65 67 58 21 75 77 79 5 19 71 15 76 96 41 43 7 82 6 45 32 98 88 26 17 54 56 84 25 8 49 60 46 48 23 80 30 22 10 86 37 83 20 70 72 35 89 74 64 1 78 38 94 28 93 4 47
66 68
66 16
9 51
9 12
9 23
9 11
9 52
29 91
29 92
29 2
91 89
50 52
24 81
24 82
81 83
13 59
13 16
61 63
63 15
11 55
11 0
34 36
34 0
90 92
42 44
44 5
85 87
85 26
87 27
0 33
33 35
27 7
27 88
27 3
27 20
3 39
3 40
3 17
3 32
3 15
3 8
39 37
14 62
14 25
14 6
62 64
12 57
12 58
12 2
12 18
12 10
40 38
18 69
18 1
69 71
2 31
31 95
31 96
16 10
65 67
67 17
58 60
21 75
21 76
21 6
77 79
77 22
5 30
19 71
19 28
19 72
15 64
76 74
96 94
41 43
41 4
7 48
82 84
6 45
45 47
32 98
32 10
32 4
26 86
54 56
54 10
84 25
8 49
46 48
23 80
80 78
30 93
30 94
22 1
70 72