36 38 43 49 5 6 39 11 56 77 33 46 28 29 47 7 40 4 54 25 37 41 99 67 27 42 78 83 82 63 35 32 30 31 48 0 2 1 3 19 20 10 13 15 16 17 18 21 23 24 22 76 62 91 72 55 61 74 98 50 44 34 9 12 14 8 88 26 69 58 52 81 87 75 53 79 95 64 93 45 70 80 71 57 66 97 85 89 68 59 84 96
36 38
38 37
38 26
38 39
43 49
43 33
43 46
43 42
43 44
43 45
5 6
5 4
6 7
39 11
39 40
39 41
11 9
11 12
11 99
56 77
77 12
33 28
33 47
33 32
46 29
28 34
7 8
4 54
4 1
54 23
54 83
25 37
25 35
99 67
67 55
27 42
27 87
27 52
27 80
78 83
83 79
82 63
82 50
82 64
63 95
63 85
32 30
32 97
30 31
31 48
0 2
2 91
1 3
1 16
19 20
20 21
20 23
20 24
10 13
10 12
15 16
15 14
15 88
17 18
18 84
18 62
21 22
24 98
22 52
22 57
76 62
76 61
91 72
72 74
55 58
55 53
55 98
61 74
61 70
74 69
44 95
12 75
88 93
69 66
58 70
52 81
64 68
45 71
66 96
85 89
59 84