4 9 20 43 33 58 37 48 46 49 65 98 14 17 77 16 18 47 24 85 41 38 51 44 54 45 50 86 12 23 27 25 64 35 61 52 96 55 95 72 79 76 78 97 15 32 88 90 99 60 93 57 75 66 80 0 3 1 63 6 13 19 39 82 81 68 83 59 84 92 21 56 91 7 28 62 40 5 8 36 2 10 26 74 31 22 11 53 73 30 34 29 67 89 70 87 94
4 9
4 3
9 6
20 43
20 19
43 52
43 59
33 58
33 41
33 90
33 99
33 78
33 40
37 48
48 23
46 49
46 60
46 93
46 23
46 65
65 98
65 72
65 91
14 17
14 77
14 13
14 15
17 18
17 36
77 86
77 84
16 18
16 47
16 12
16 61
16 5
18 19
47 53
24 85
24 27
24 6
85 84
38 51
38 8
44 54
44 96
44 81
44 57
44 40
54 39
45 50
45 26
23 25
23 26
27 28
25 64
64 68
64 83
35 61
52 56
55 95
55 36
72 79
72 76
78 97
78 66
78 94
15 32
15 88
15 29
60 63
57 75
66 80
66 84
0 3
0 1
3 21
3 31
1 63
1 2
63 67
6 7
6 8
6 10
6 22
13 34
39 82
68 70
84 92
56 74
28 62
36 87
10 11
26 30
53 73
67 89