18 70 0 34 8 49 19 72 38 40 58 60 29 91 28 90 26 86 61 63 57 59 78 80 73 75 3 94 96 5 43 69 71 62 64 36 89 23 79 1 35 20 14 33 10 53 16 66 37 39 31 95 42 44 92 9 6 46 21 76 45 65 82 84 52 24 22 25 83 17 27 11 74 32 97 48 67 12 77 87 51 47 7 4 15 85 13 30 41 54 68 50 2 88 81
18 70
18 22
18 26
18 10
0 34
0 3
0 33
34 36
8 49
8 9
8 6
19 72
19 71
19 20
19 9
19 23
38 40
40 3
58 60
58 12
60 13
29 91
29 7
29 92
91 89
28 90
28 25
90 92
26 86
26 25
26 85
61 63
63 15
57 59
57 12
78 80
78 22
80 23
73 75
73 20
3 23
94 96
96 31
5 43
5 22
5 44
43 41
69 71
62 64
62 14
64 15
23 79
1 35
35 33
20 74
14 21
10 53
10 54
16 66
16 65
16 13
37 39
37 2
31 95
31 13
42 44
9 52
9 51
6 46
6 45
46 48
21 76
21 11
21 25
45 47
65 67
82 84
82 24
84 25
52 50
24 81
22 77
25 83
25 32
17 27
17 67
17 68
27 87
27 88
32 97
32 30
87 85
7 2
4 15