89 11 13 47 34 77 69 54 5 84 87 7 39 91 92 33 45 8 99 88 55 43 32 72 65 30 71 25 1 82 37 75 2 19 95 36 4 26 29 90 73 86 31 98 70 80 42 57 40 16 74 62 15 9 76 96 21 12 49 60 51 35 38 10 63 17 18 56 41 83 27 14 28 50 94 20 53 48 66 44 46 97 61 23 79 85 78 58 93 68 3 64 0 22 81 52 59
89 11
89 31
11 94
13 47
13 38
47 71
34 77
34 65
34 57
34 68
77 86
69 54
69 14
54 82
54 3
5 84
5 87
5 88
5 71
5 52
7 39
7 99
91 92
91 9
91 96
91 79
92 19
92 70
33 45
33 50
33 51
45 36
45 42
45 76
45 66
8 99
8 88
99 80
88 97
88 61
88 81
55 43
55 73
55 66
32 72
32 95
32 53
65 30
65 26
65 58
30 75
30 2
71 31
25 1
25 74
25 18
82 37
82 17
37 57
37 95
75 60
2 20
2 44
95 49
95 16
4 26
29 90
29 57
29 28
86 18
86 41
31 98
70 10
80 50
80 48
40 16
40 78
16 27
62 15
15 27
76 10
76 12
96 14
21 12
21 56
51 35
63 17
41 83
41 46
14 85
94 22
61 23
61 59
79 0
58 93
3 64