11 41 5 95 34 35 44 45 56 80 19 94 25 26 29 67 0 1 18 46 82 97 98 53 54 57 31 43 69 16 17 30 38 68 52 10 99 48 50 6 60 28 4 87 42 27 7 76 21 55 75 33 51 2 36 37 61 8 93 9 14 62 22 66 83 71 20 81 78 92 23 70 3 65 12 64 85 24 84 59 49 96 77 79 88 47 15 13 58 89 90 74 39 40 91 32 86
11 41
41 42
5 95
5 6
95 69
34 35
34 45
35 31
35 52
35 60
35 36
44 45
44 43
45 57
56 80
56 15
80 4
80 71
80 46
19 94
19 18
94 53
94 59
25 26
25 22
25 24
25 77
29 67
29 28
29 32
67 68
67 81
0 1
1 2
18 48
18 33
46 82
97 98
98 22
53 54
53 83
57 76
57 58
31 12
31 30
43 69
16 17
16 27
16 96
17 7
30 38
52 51
10 99
99 27
48 50
48 76
48 55
48 88
50 27
28 27
4 87
4 3
42 2
42 33
27 61
76 75
76 74
21 55
51 70
36 37
36 9
8 93
8 9
8 71
8 39
9 20
14 62
14 15
62 47
22 66
22 91
66 65
83 78
81 84
78 92
78 79
23 70
23 85
65 64
12 64
64 13
85 86
59 90
49 96
89 90
39 40