33 17 85 21 97 43 80 68 66 20 14 86 75 95 13 38 4 90 32 99 31 72 96 73 22 67 88 84 39 36 55 81 77 49 11 65 83 28 42 76 74 16 15 34 23 2 3 24 94 63 48 54 19 79 46 89 59 41 12 29 7 57 44 93 25 1 5 92 91 60 62 56 78 35 30 58 70 9 82 61 37 6 50 18 71 0 10 47
33 17
33 57
17 5
17 68
85 21
85 47
21 72
21 46
21 89
21 50
97 43
97 16
97 25
97 70
43 29
43 60
80 68
80 23
80 1
68 14
68 4
66 20
20 94
14 93
14 11
86 75
75 38
75 37
95 13
13 74
13 72
13 18
38 4
38 2
38 82
4 15
4 92
90 32
32 15
32 81
99 31
31 77
72 12
72 76
96 73
96 54
73 49
73 59
73 56
22 67
67 77
88 84
88 23
88 35
84 28
39 36
36 83
55 81
77 78
77 48
49 28
49 63
11 65
11 83
11 7
11 10
83 61
28 42
28 76
28 58
15 34
15 79
3 24
3 54
94 19
63 48
48 30
19 79
19 6
59 41
12 91
12 62
44 93
93 60
91 9
35 71
70 0