81 80 10 13 66 69 26 29 37 43 91 56 59 93 92 45 49 58 18 16 21 82 40 41 68 67 5 55 47 48 83 4 25 85 86 17 7 8 9 89 44 39 38 14 46 94 0 3 87 88 77 79 99 98 22 57 64 61 60 1 75 28 27 70 63 24 12 20 31 72 71 34 30 36 52 53 74 23 35 6 50 90 2 96 95 19 33 65 54 32 15 73 62 84 97 11 42 78 76
81 80
81 33
80 83
10 13
10 14
10 12
66 69
66 91
69 67
26 29
26 75
26 27
29 25
37 43
37 35
43 44
91 94
91 90
56 59
56 57
56 90
59 58
93 92
92 94
45 49
45 48
45 46
49 33
58 55
18 16
18 19
16 17
21 82
21 22
21 24
82 83
40 41
40 44
41 84
68 67
68 65
5 55
5 9
5 8
47 48
47 70
48 4
48 19
83 84
4 2
85 86
85 89
85 88
86 77
7 8
7 6
9 89
39 38
39 35
39 50
38 36
14 54
0 3
0 1
87 88
87 20
77 79
79 76
99 98
99 97
98 31
22 20
57 64
64 63
61 60
60 63
1 2
75 42
75 78
28 27
70 74
70 71
63 11
12 11
20 23
31 34
72 71
34 30
34 32
52 53
53 11
74 62
23 73
96 95
96 97
33 32
15 73
62 42