2 6 27 31 52 56 77 81 4 13 19 29 38 44 54 63 69 79 88 94 0 1 26 25 50 51 76 75 5 30 55 80 14 39 64 89 7 32 57 82 3 10 28 35 60 53 78 85 11 16 21 15 34 36 41 46 61 66 71 86 91 96 8 17 22 33 42 47 58 67 72 83 92 97 9 40 59 65 84 90 12 37 62 87 20 45 70 95 18 23 43 48 68 73 93 98 99 24 49 74
2 6
2 4
2 5
2 1
6 7
27 31
27 29
27 30
27 26
31 32
52 56
52 54
52 55
52 51
56 57
77 81
77 79
77 80
77 76
81 82
13 19
13 5
13 16
13 18
19 24
38 44
38 30
38 41
38 43
44 49
63 69
63 55
63 66
63 68
69 74
88 94
88 80
88 91
88 93
0 1
0 8
0 9
1 3
26 25
26 28
25 33
25 34
50 51
50 58
50 59
51 53
76 75
76 78
76 65
75 83
75 84
5 14
30 39
55 64
80 89
14 15
39 40
64 65
89 90
3 10
10 11
28 35
35 36
60 53
60 61
60 40
78 85
85 86
11 17
11 12
16 21
16 22
15 34
36 42
36 37
41 46
41 47
61 67
61 62
66 71
66 72
86 92
86 87
91 96
91 97
17 20
42 45
67 70
92 95
65 99
18 23
43 48
68 73
93 98