16 59 2 75 29 32 81 46 85 7 80 68 76 35 74 38 67 47 11 36 9 3 4 52 15 66 87 88 12 57 6 21 20 8 28 71 83 86 14 19 34 24 64 41 63 91 44 78 31 42 26 22 69 23 50 60 40 45 17 30 0 10 1 25 84 13 33 77 61 79 18 92 53 48 89 65 62 73 72 51 5 54 82 43 27 90
16 59
16 52
2 75
2 29
75 9
75 24
75 42
75 60
29 69
29 89
32 81
32 24
81 64
81 31
46 85
46 67
46 20
46 17
46 33
85 47
85 36
7 80
7 20
68 76
68 52
35 74
35 79
74 31
38 67
67 77
47 52
47 88
11 36
11 40
11 90
36 26
3 4
3 71
3 20
15 66
15 34
66 83
87 88
87 22
87 10
88 83
88 61
12 57
12 79
57 48
6 21
6 10
20 73
8 28
28 71
71 78
71 51
83 86
83 91
14 19
14 25
19 60
19 30
41 63
41 62
63 45
63 54
44 78
44 92
31 0
42 26
42 13
23 50
23 1
50 84
50 5
40 72
45 79
17 18
1 25
1 53
1 82
1 27
79 43
89 65