53 52 59 51 8 11 14 15 45 46 47 48 49 56 57 1 50 26 27 34 33 61 62 65 64 2 54 12 25 3 4 7 19 44 28 20 21 35 37 29 31 13 22 23 18 24 30 38 9 10 17 43 40 41 42 55 5 39 60 16 6 32 58 63 0
53 52
53 59
53 54
52 51
52 1
52 50
59 60
51 26
8 11
8 2
8 9
8 10
14 15
14 19
14 13
14 18
14 17
14 16
45 46
45 47
45 48
45 49
45 44
56 57
56 55
57 58
1 2
50 44
26 27
26 25
27 43
27 35
27 28
34 33
34 28
61 62
61 60
62 63
65 64
65 0
64 60
2 3
54 55
12 25
12 13
12 22
3 4
3 7
3 5
3 6
28 29
20 21
20 13
35 37
37 38
29 31
29 30
31 32
22 23
23 24
43 42
40 41
40 39
41 42