11 90 87 78 7 45 0 85 42 72 93 17 95 18 15 71 9 31 54 35 25 57 14 37 28 86 40 21 51 75 96 44 2 30 34 46 29 3 24 63 41 19 91 56 60 77 98 36 55 10 59 20 70 84 73 81 47 8 69 38 23 76 74 53 6 12 13 66 32 48 89 50 1 22 64 4 82 33 99 27 80 62 88 68 65 49 83 67 58 92
11 90
11 93
90 21
90 9
87 78
87 93
87 95
78 63
78 35
78 15
78 45
78 50
7 45
7 3
7 24
0 85
0 14
85 17
85 46
42 72
42 75
72 67
93 33
17 64
95 18
15 71
15 2
9 31
54 35
54 81
25 57
57 74
14 4
37 28
37 73
28 30
28 63
86 40
40 81
40 47
21 51
21 44
21 91
21 36
51 29
75 96
96 53
96 66
96 84
44 22
30 56
30 49
34 46
34 55
34 82
24 20
63 84
41 19
41 1
91 6
91 88
56 60
56 69
56 13
56 62
77 98
98 32
98 64
36 55
55 83
55 92
10 59
10 47
70 84
81 76
8 69
8 38
38 23
76 74
74 99
6 48
6 80
12 13
12 68
48 89
1 64
99 27
99 65
62 58