18 95 19 31 82 32 44 42 69 46 83 50 79 61 30 62 63 68 90 80 85 15 49 21 48 84 45 3 65 25 66 47 1 17 39 27 78 33 81 22 70 43 96 86 92 28 54 34 24 11 4 56 94 20 37 57 77 59 67 74 7 73 41 75 87 76 2 12 0 29 98 35 60 89 26 58 23 71 36 52 91 93 6 8 10 5 88 40 51 53
18 95
18 56
18 94
95 19
95 78
95 62
31 82
31 87
31 35
31 88
32 44
32 4
32 58
32 40
44 57
42 69
42 70
42 60
69 12
69 26
46 83
46 86
46 92
83 21
83 3
50 79
50 90
50 54
50 6
79 24
79 36
79 21
61 30
61 51
30 48
30 84
30 1
62 63
68 90
80 85
85 91
15 49
15 86
15 41
49 34
49 58
49 10
21 23
48 67
84 65
45 3
45 1
45 20
65 25
66 47
66 59
47 28
1 11
17 39
39 22
39 43
27 78
33 81
33 71
22 2
70 37
70 71
43 96
96 73
96 8
92 37
92 7
92 73
28 54
28 94
28 29
54 75
4 98
37 52
57 77
67 89
74 7
74 91
73 53
75 5
87 76
0 29
98 93
35 60