2 4 98 43 71 87 32 69 20 16 85 86 42 54 82 28 14 76 70 51 61 84 91 11 6 57 92 99 81 59 60 36 96 41 31 63 53 7 17 12 83 44 10 90 30 77 39 66 21 40 37 13 29 56 34 58 38 68 49 65 94 24 15 0 48 67 19 33 93 95 26 52 75 46 35 55 27 80 79 23 64 50 25 22 88 9 73 97 62 78 74 47 45 72 5 18 89 3 1 8
2 4
2 70
4 63
98 43
98 65
98 86
71 87
71 20
71 91
87 53
87 62
32 69
32 44
32 23
32 12
69 51
69 91
20 99
16 85
16 11
16 28
16 34
85 51
86 42
86 41
86 10
42 61
54 82
54 26
54 52
54 78
54 8
28 14
28 6
76 70
76 91
76 96
61 84
61 60
84 22
6 46
57 92
57 29
92 31
99 17
81 59
81 83
36 96
36 48
36 52
96 37
41 27
31 68
53 50
7 17
12 83
12 80
83 24
44 10
10 79
10 72
90 30
90 40
90 13
90 38
90 33
77 39
77 75
39 15
39 5
66 21
66 88
40 25
13 29
29 56
56 0
56 19
56 18
34 58
38 1
68 49
68 35
68 73
49 65
94 24
94 64
94 47
48 93
67 19
33 95
52 75
75 88
35 55
23 97
50 45
22 9
78 74
78 89
47 3