64 28 69 68 44 52 55 0 2 13 26 67 41 11 56 72 24 57 18 4 17 39 54 9 43 21 35 10 60 46 1 3 25 27 42 65 71 29 32 19 70 63 8 15 61 66 50 45 49 59 62 51 5 31 36 20 6 47 40 14 7 58 37 38 23 74 73 22 48 34 53 12 30 33 16
64 28
64 57
64 1
64 61
64 26
28 69
28 51
28 11
69 38
69 30
68 44
68 43
68 45
52 55
52 41
52 27
52 29
52 8
52 14
52 34
0 2
0 18
0 21
0 41
0 43
0 40
2 13
2 57
13 46
26 67
67 42
41 72
41 15
11 56
72 24
72 9
24 17
24 62
24 74
18 4
18 3
4 25
4 16
17 60
39 54
39 21
43 6
21 66
21 31
21 53
21 22
21 33
35 10
35 20
3 48
27 50
42 23
65 71
65 8
65 63
32 19
32 6
70 63
63 59
63 73
8 37
45 49
5 31
5 36
20 7
6 47
40 58
7 22
12 30