91 45 8 42 87 20 48 69 84 35 33 50 98 15 24 14 32 89 39 10 52 12 58 85 70 44 53 94 6 81 25 36 4 68 80 76 47 38 75 64 56 5 9 92 26 74 34 23 62 93 72 79 96 29 31 1 30 99 3 0 46 66 88 27 7 49 97 82 41 17 86 78 40 83 2 11 77 71 16 67 51 21 60 18 19 22 65 95 43 90 13 54
91 45
91 75
45 47
8 42
8 5
8 98
8 27
87 20
20 69
48 69
48 27
69 44
69 81
84 35
84 6
33 50
33 70
50 93
50 99
50 68
98 15
98 26
98 67
24 14
24 79
14 39
14 49
14 99
14 54
32 89
32 99
39 10
39 58
10 82
52 12
52 9
58 85
58 6
58 13
85 78
70 95
53 94
53 47
53 2
6 62
6 36
25 36
4 68
4 34
68 72
80 76
76 82
76 74
38 75
38 74
75 67
75 43
64 56
64 62
64 40
56 3
56 90
9 92
92 74
34 23
34 83
34 16
34 0
23 7
23 60
79 96
29 31
29 78
29 77
1 30
1 86
1 71
1 19
30 97
30 41
99 18
0 46
66 88
66 16
17 86
78 65
40 51
2 11
77 71
21 60
19 22