3 39 78 80 4 41 46 48 6 45 23 1 36 21 76 49 51 69 71 77 79 16 66 9 52 2 37 82 84 93 95 33 35 8 13 60 34 0 10 54 15 24 85 87 26 75 29 91 7 53 55 19 58 50 28 90 56 20 72 32 98 40 18 70 12 27 17 68 30 94 81 83 11 73 31 5 92 86 88 96 14 38 61 63 25 74 65 67 43 59 89 22 64 97 62
3 39
3 8
3 40
3 12
39 37
78 80
80 23
4 41
4 6
46 48
46 6
48 7
6 45
23 79
23 14
1 36
1 20
1 0
36 34
21 76
21 75
21 10
21 8
49 51
49 8
51 9
69 71
69 18
77 79
16 66
16 15
66 68
9 52
9 26
9 30
2 37
82 84
82 24
84 25
93 95
93 30
95 31
33 35
33 0
8 50
13 60
13 18
13 59
60 58
10 54
54 56
15 24
15 19
15 11
15 64
24 81
85 87
85 26
26 86
29 91
29 5
29 12
29 28
91 89
7 17
7 22
53 55
55 11
19 72
19 5
58 12
28 90
28 27
90 92
20 73
20 11
20 74
20 32
32 98
32 97
40 38
18 70
18 14
17 68
17 67
30 94
94 96
81 83
5 43
86 88
14 61
14 62
61 63
65 67