16 46 36 31 14 17 42 34 0 61 43 58 18 49 24 13 6 54 7 27 33 25 19 37 12 35 20 44 11 2 22 64 60 38 45 48 4 5 63 10 21 30 1 8 99 66 57 53 51 56 59 74 23 9 3 29 62 55 39 15 93 52 67 50 47 76 32 98 83 28 26 40 87 73 86 69 97 81 70 85 91 90 84 92 80 89 88 72 41 82 79 77
16 46
16 23
16 38
36 31
36 18
36 93
36 3
31 90
14 17
14 4
17 23
17 79
42 34
42 23
42 98
0 61
0 66
0 74
0 63
0 67
0 76
0 97
0 81
0 85
0 91
0 84
0 92
0 88
0 77
61 3
61 26
43 58
43 48
58 52
18 49
18 80
49 24
24 13
24 11
6 54
6 62
6 70
54 59
7 27
7 53
7 56
27 86
33 25
33 19
33 4
25 59
25 20
25 63
19 37
12 35
12 1
20 44
20 5
20 32
20 82
44 99
11 73
2 22
2 51
2 15
22 83
64 60
64 38
64 39
64 15
45 48
45 26
5 57
5 69
63 10
10 72
21 30
21 9
30 59
30 89
1 8
8 51
53 9
56 50
56 41
59 29
59 55
9 47
50 28
28 87
26 40