9 11 7 21 29 28 35 70 77 0 1 6 8 14 23 48 58 76 2 10 12 17 18 19 22 33 31 59 54 71 73 3 4 34 27 24 30 53 56 72 25 43 42 74 5 13 75 26 51 36 41 44 81 63 64 80 61 62 78 16 39 60 67 83 82 79 15 68 69 66 87 38 88 47 52 84 85 20 49 86 89 90 92 93 94 55 95 37 96 99 91 97 98 57 50 46 45 32 65 40
9 11
9 7
9 4
11 13
7 6
21 29
21 18
29 23
29 34
29 24
28 35
28 33
28 24
35 31
70 77
70 66
77 76
77 82
0 1
0 6
0 2
0 3
0 5
6 8
6 10
6 12
8 14
23 22
48 58
48 51
48 49
58 59
76 72
76 78
12 17
12 18
12 16
12 15
18 19
18 20
22 25
33 30
59 54
54 55
54 60
54 56
54 61
71 73
71 67
73 72
73 83
34 39
27 24
24 26
30 32
53 56
53 44
72 74
72 75
43 42
43 37
42 44
42 47
42 46
42 45
74 81
75 80
51 50
36 41
36 38
36 39
36 40
44 39
63 64
63 60
80 87
61 62
78 79
60 67
60 65
83 88
68 69
68 66
87 84
47 52
52 57
84 85
84 86
84 89
84 90
90 92
90 93
90 94
90 95
90 96
92 97
93 99
96 91
96 98