39 72 5 43 31 94 11 36 22 73 18 23 53 70 49 75 63 80 24 34 7 69 37 38 46 29 96 97 35 65 57 93 91 59 47 42 82 77 86 28 98 16 51 8 0 99 20 41 83 87 12 21 76 40 68 3 79 58 14 27 95 52 81 9 45 26 32 90 1 60 64 15 10 56 54 13 85 19 92 4 88 30 78 44 74 61 84 55 62 66 25 2 6 71
39 72
72 77
5 43
5 8
5 76
43 77
43 28
31 94
31 34
31 2
94 37
94 47
94 16
11 36
36 91
36 63
22 73
22 65
22 61
18 23
18 93
18 12
23 34
23 59
53 70
53 0
53 90
53 62
49 75
49 57
49 51
49 95
75 1
63 80
80 77
24 34
24 57
24 13
34 27
34 19
7 69
7 25
69 99
37 91
38 46
38 86
38 81
38 66
46 29
29 90
29 40
96 97
97 10
97 78
35 65
35 91
93 52
91 54
59 79
59 60
47 4
42 82
42 58
42 15
77 10
86 71
28 98
16 88
8 21
8 14
99 14
20 41
41 1
83 87
83 64
12 55
76 30
40 68
40 45
68 3
68 56
3 79
79 26
79 32
79 84
58 92
27 15
81 85
9 45
64 56
78 6
44 74
74 61