6 46 30 93 81 83 16 65 32 98 48 95 89 91 5 43 24 82 20 73 45 67 23 79 19 72 66 68 31 96 71 9 51 4 41 7 47 10 94 21 29 27 88 0 33 58 60 69 1 36 84 22 78 50 52 42 2 25 90 92 26 44 85 87 86 8 49 74 14 61 11 55 56 18 70 76 13 3 40 15 64 12 57 38 17 97 28 75 53 63 80 34 62 37 77 59 54 35 39
6 46
6 45
6 10
46 48
30 93
30 10
30 2
30 22
93 95
81 83
81 24
16 65
16 66
16 7
65 67
32 98
32 26
32 97
89 91
89 28
91 29
5 43
5 17
24 82
24 7
24 4
82 84
20 73
20 74
20 8
23 79
23 80
19 72
19 71
19 4
72 70
66 68
31 96
31 15
96 94
71 69
9 51
9 29
9 52
51 49
4 41
4 42
4 13
4 12
7 47
10 53
10 54
21 29
21 76
21 75
27 88
27 22
88 86
0 33
0 34
58 60
60 13
1 36
1 13
1 11
1 35
36 34
22 78
22 26
22 77
78 80
50 52
42 44
2 25
2 37
90 92
90 28
26 15
26 85
85 87
8 49
8 12
14 61
14 17
14 13
11 55
11 56
55 53
18 70
18 3
3 40
3 39
40 38
15 64
15 63
64 62
12 57
57 59