51 66 78 80 98 20 77 60 53 79 8 40 68 91 42 54 39 48 57 1 44 35 49 71 0 37 72 59 84 7 3 74 33 13 47 97 67 85 92 25 62 17 76 89 87 15 88 86 32 83 22 50 6 56 65 64 38 70 26 55 12 90 46 14 29 4 95 45 63 30 21 73 96 2 41 36 99 24 27 52 58 31 23 10 43 94 19 9 16 93 75 18 11 82 34 69 28
51 66
51 37
51 47
66 74
66 17
78 80
78 84
80 68
80 30
98 20
20 12
77 60
77 1
77 45
77 29
60 65
60 0
53 79
53 0
53 39
53 90
79 62
79 59
8 40
8 37
91 42
91 46
91 36
42 57
54 39
54 7
39 92
39 43
48 57
48 1
48 52
1 44
44 41
35 49
35 71
35 64
35 38
71 74
0 2
0 9
37 7
37 10
72 59
72 84
72 16
84 97
7 3
7 26
7 76
74 33
74 70
33 87
33 93
13 47
13 96
13 34
47 56
67 85
67 99
85 27
85 58
92 24
25 62
25 55
62 12
17 6
17 21
76 89
76 22
15 88
15 27
88 83
86 32
86 75
32 73
50 6
56 31
56 19
70 63
26 94
14 29
29 58
29 4
4 95
21 23
73 52
94 28
94 11
18 11
18 69
82 34