21 26 91 51 1 66 47 62 39 29 95 50 7 6 27 38 54 58 75 14 56 35 43 59 68 13 84 87 88 41 85 93 24 5 2 90 69 16 11 48 22 25 82 79 61 42 94 57 37 98 65 17 63 36 72 78 92 8 74 81 40 3 18 96 86 64 33 52 23 30 80 9 53 55 34 89 31 12 70 73 0 20 77 32 10 76 28 99 49 67 60 4 71 97
21 26
21 59
21 43
21 92
26 51
26 64
91 51
91 31
51 69
1 66
1 54
1 24
1 34
66 6
47 62
47 8
62 27
39 29
39 96
29 5
95 50
95 9
95 88
95 32
50 78
7 6
7 3
6 33
6 20
6 73
27 38
27 72
54 56
58 75
75 36
75 60
14 56
35 43
43 98
68 13
68 0
84 87
84 86
84 53
84 5
84 67
87 55
88 41
85 93
85 16
85 40
85 70
85 57
93 76
24 65
5 2
2 90
2 92
2 30
90 97
69 4
16 11
48 22
48 36
22 40
25 82
25 78
82 98
79 61
61 81
42 94
94 65
57 37
57 53
98 63
65 17
17 28
36 81
78 0
92 10
8 3
74 81
74 89
3 18
86 23
64 12
64 73
33 80
52 23
52 49
34 71
89 99
77 32