96 57 37 88 1 6 24 94 32 18 87 10 34 3 20 11 19 33 67 26 46 13 5 53 78 9 81 40 95 84 52 63 55 14 69 43 54 27 74 4 90 99 77 82 62 42 35 73 45 0 85 36 56 25 76 47 60 41 48 98 72 2 23 12 75 61 8 16 31 58 17 92 7 15 66 21 89 38 29 49 28 79 65
96 57
96 10
96 38
37 88
37 32
37 33
37 35
37 89
1 6
1 3
24 94
24 40
94 67
32 11
32 5
32 27
32 42
32 73
32 13
32 47
32 60
18 87
87 11
87 69
10 34
10 33
10 84
10 74
34 19
3 20
3 95
3 19
3 41
3 28
20 52
11 16
11 7
11 29
19 4
19 26
19 21
33 56
33 9
33 2
33 65
67 26
67 53
67 8
67 17
67 66
46 13
53 78
53 14
53 72
53 79
9 81
9 82
9 58
52 54
63 55
55 77
55 36
55 14
55 99
55 85
69 43
69 25
69 61
54 62
90 99
82 45
82 31
73 76
73 48
0 85
56 98
56 75
56 92
23 12
12 29
7 15
89 49