73 93 55 21 99 12 80 2 44 31 75 67 28 7 32 30 27 46 65 34 94 52 57 42 49 79 87 16 58 91 69 24 86 56 68 45 5 37 10 64 89 54 43 95 70 96 77 36 48 38 84 13 53 82 29 4 61 41 22 3 35 39 88 40 97 8 63 1 33 85 19 20 50 62 72 15 74 60 18 9 14 66 78 47 23 81 71 6 83 76 0 98 92 90 51 59 26 25
73 93
73 1
55 21
21 44
99 12
12 31
12 95
80 2
2 60
44 57
44 41
31 66
75 67
67 82
67 20
28 7
28 70
28 5
28 9
28 39
28 25
7 42
32 30
32 68
32 10
32 22
32 74
30 70
27 46
27 5
27 0
46 14
65 34
65 62
34 54
34 52
94 52
94 47
52 42
57 29
57 42
42 33
49 79
49 29
79 8
79 56
87 16
16 38
58 91
58 13
91 53
91 81
69 24
69 37
69 84
86 56
68 15
45 5
45 78
37 64
37 43
64 89
64 59
54 97
54 4
54 92
43 95
43 3
43 35
43 19
43 18
96 77
77 41
36 48
36 85
48 8
38 85
38 72
38 6
84 13
84 41
84 71
4 61
3 50
35 98
39 88
39 60
88 76
40 97
40 63
40 1
97 90
20 62
47 23
71 83
83 51
98 26