9 14 47 42 97 54 22 88 78 53 50 10 96 70 32 87 48 52 83 29 3 69 2 6 93 95 98 76 8 60 38 23 80 57 91 46 75 16 82 90 20 41 28 37 56 81 86 67 17 49 77 12 45 5 27 19 44 99 30 36 1 15 4 72 64 68 74 59 61 0 65 51 66 18 71 13 34 39 89 92 11 26 24 85
9 14
9 77
47 42
47 48
47 17
42 68
42 11
97 54
97 69
54 20
22 88
22 23
22 81
78 53
78 57
78 2
53 4
53 81
53 8
50 10
10 61
10 80
96 70
96 90
70 75
70 12
32 87
32 8
87 90
48 15
52 83
52 28
83 5
83 8
29 3
29 80
29 64
29 26
3 81
69 67
2 6
2 46
6 93
93 66
95 98
95 20
76 8
76 16
8 41
60 38
38 91
23 20
23 34
80 89
57 72
91 65
91 72
91 39
91 36
75 18
16 44
82 90
28 24
37 56
37 45
56 99
81 1
81 15
86 67
49 77
49 61
77 27
12 19
12 0
27 74
19 85
44 99
30 36
30 59
64 13
0 51
18 71
89 92