63 64 62 73 74 71 72 12 13 59 60 90 91 15 16 3 4 92 65 25 26 37 38 50 51 7 8 61 80 81 84 85 24 95 96 79 17 11 18 39 40 32 33 35 36 20 21 9 53 86 97 56 57 87 22 14 31 94 70 93 89 49 19 10 2 66 27 29 30 54 43 44 98 99 75 28 67 68 47 48 82 34 76 52 83 0 78 77 41 42 88 1 46 69 5 45 23 6 58 55
63 64
63 62
64 65
62 61
73 74
74 72
74 75
71 72
71 70
71 69
12 13
12 11
12 14
59 60
59 58
60 61
90 91
90 89
91 92
15 16
15 17
15 14
3 4
3 2
4 5
92 93
65 66
25 26
25 24
26 27
37 38
38 39
38 36
50 51
50 49
50 48
51 53
7 8
8 9
8 6
80 81
80 79
81 82
84 85
84 86
84 83
24 23
95 96
95 94
95 93
96 97
79 78
17 18
11 9
11 10
18 20
18 19
39 40
39 41
32 33
32 31
32 30
33 34
35 36
35 34
20 21
21 22
53 54
53 52
86 87
97 98
56 57
56 54
56 55
57 58
87 89
22 23
89 88
2 0
66 68
27 28
27 29
29 30
43 44
43 42
44 45
98 99
75 76
75 77
67 68
68 69
47 48
47 46
47 45
82 83
0 1
78 77
41 42
5 6