71 97 86 81 60 59 82 92 96 27 26 85 95 94 23 49 32 9 17 69 93 63 18 51 87 83 90 91 56 75 44 24 43 77 48 53 67 66 4 57 78 73 20 21 72 22 50 36 35 84 62 99 89 5 40 41 79 19 33 42 39 68 98 70 31 88 16 38 13 14 61 6 7 58 0 1 46 15 12 45 28 29 74 55 76 34 37 80 47 25 54 2 11 10 65 8 3 52
71 97
97 73
97 58
86 81
86 85
81 24
60 59
60 50
60 95
82 92
82 78
92 95
92 45
96 27
96 18
96 42
27 26
27 56
27 28
85 87
95 94
95 66
95 25
94 32
94 53
94 57
94 93
94 44
23 49
23 24
49 48
32 33
9 17
17 69
17 18
69 70
93 63
93 83
93 62
93 68
93 98
93 12
63 43
51 87
51 52
87 84
87 88
87 5
87 99
90 91
90 38
90 99
90 6
90 54
91 39
91 55
75 44
75 76
24 80
43 77
48 47
53 58
67 66
4 57
4 5
78 65
73 74
73 72
20 21
20 72
72 22
36 35
36 39
36 37
35 34
84 11
62 46
99 89
99 42
99 79
89 31
40 41
40 61
40 39
79 19
79 16
13 14
13 12
14 15
6 7
7 8
0 1
0 55
28 29
2 11
2 3
11 10