61 11 79 3 4 71 42 74 89 68 94 92 84 48 57 24 34 95 86 28 66 59 47 9 62 90 32 58 45 85 35 52 46 73 8 22 25 64 30 21 27 37 77 38 26 55 5 33 12 67 96 40 15 20 93 70 78 80 50 18 1 39 76 88 44 87 63 56 29 83 0 60 13 82 49 41 43 14 31 10 51 65 81 19 53 17
61 11
61 80
11 63
11 22
11 19
79 3
79 55
3 9
3 39
4 71
4 26
4 67
4 13
71 52
42 74
42 29
74 12
74 83
74 43
89 68
89 9
89 78
89 48
94 92
94 37
94 9
94 18
92 34
84 48
84 62
48 64
57 24
57 41
24 81
34 95
34 58
86 28
86 37
66 59
66 67
47 9
47 40
9 65
90 32
90 25
90 51
58 45
45 85
85 35
35 31
52 46
52 12
46 73
73 8
8 30
22 25
21 27
21 13
21 53
27 55
77 38
77 10
38 12
26 76
55 88
5 33
5 40
12 96
40 15
15 63
15 93
15 14
20 93
20 70
20 56
80 82
50 18
1 39
44 87
87 29
63 41
0 60
60 17
13 17
82 49