31 47 38 55 9 59 88 32 72 57 71 97 67 64 3 29 40 36 81 37 39 94 20 80 27 16 10 85 51 68 43 77 6 48 90 69 70 2 56 93 23 1 83 54 95 4 65 63 11 35 5 87 96 24 61 62 13 44 98 89 82 15 99 53 12 92 0 8 21 50 76 91 42 86 33 58 46 75 73 7 49 84 25 66 28 17 74 26 18 45 52 22 41 79 78 60 34 19 30
31 47
31 40
31 68
31 61
31 73
47 60
38 55
38 88
9 59
9 95
9 8
59 53
88 32
88 10
88 18
32 52
32 21
72 57
72 85
72 99
72 11
57 7
71 97
71 56
71 51
67 64
67 68
3 29
3 0
3 17
40 36
40 46
40 20
81 37
81 93
81 44
39 94
39 5
39 1
39 69
94 41
20 80
20 83
20 49
27 16
27 73
10 54
10 33
10 92
85 51
85 61
85 23
51 87
68 43
68 75
43 62
77 6
77 83
48 90
48 69
48 78
70 2
70 83
23 1
23 12
23 76
23 42
23 30
1 4
1 45
1 44
83 65
95 28
95 61
65 63
11 35
35 26
96 24
96 8
61 89
62 13
44 98
98 19
82 15
82 12
82 34
15 58
12 92
92 0
8 91
21 50
42 86
46 84
49 79
84 22
25 66
25 22
17 74