88 17 2 83 14 18 8 80 77 55 63 78 90 22 3 43 49 40 71 75 76 28 48 84 5 54 91 31 32 37 66 12 59 26 94 92 61 13 33 57 86 15 85 21 56 72 44 50 89 0 4 82 25 47 69 60 74 29 53 19 42 36 23 39 65 34 64 41 30 27 79 16 20 70 58 87 46 73 45 1 52 81 6 9 7 62 67 35 10 38 11 93 68 95 24
88 17
88 74
17 86
2 83
2 84
14 18
14 23
8 80
8 38
80 5
80 33
77 55
77 81
55 3
55 12
55 22
55 44
55 64
63 78
63 5
78 26
78 27
78 0
90 22
90 15
90 58
22 25
3 61
43 49
49 84
49 93
40 71
40 48
71 85
75 76
75 50
28 48
84 54
84 82
84 69
54 91
54 60
91 7
31 32
31 72
31 60
32 13
32 85
37 66
37 69
59 26
94 92
94 39
33 44
33 46
57 86
57 87
86 95
15 82
85 29
21 56
21 89
50 89
50 62
50 38
89 35
0 4
25 73
47 69
47 23
47 67
47 41
60 74
60 36
29 53
53 16
53 20
53 65
19 42
19 9
23 39
23 52
65 34
34 45
64 68
41 30
30 11
27 79
20 10
70 58
46 6
1 52
9 62
35 24