23 95 16 73 8 51 4 39 94 6 44 9 53 1 30 21 88 43 75 96 2 31 5 41 12 63 61 32 29 15 72 40 89 24 97 22 91 70 33 14 67 90 11 59 3 34 0 26 58 18 79 17 76 7 46 25 10 56 45 38 57 52 77 60 99 20 87 47 68 19 82 71 85 62 93 81 13 64 55 84 78 92 65 28 36 83 80 42 49 48 86 50 66 54 35 37 98 69 27
23 95
23 94
23 96
16 73
16 75
73 52
8 51
8 49
8 50
51 78
4 39
4 38
4 37
94 70
6 44
6 43
6 45
9 53
9 52
9 54
53 70
53 64
1 30
1 29
1 28
21 88
21 89
21 90
88 43
2 31
2 32
2 33
31 36
31 87
5 41
5 40
5 42
41 66
12 63
12 61
12 62
61 85
15 72
15 70
15 71
72 81
89 80
24 97
24 99
24 98
97 49
22 91
22 93
22 92
91 47
14 67
14 68
67 69
11 59
11 58
11 60
59 25
3 34
3 35
34 55
34 36
0 26
0 25
0 27
26 56
18 79
18 81
18 80
17 76
17 77
17 78
76 28
76 48
7 46
7 47
46 57
10 56
10 57
10 55
38 71
57 48
20 87
20 85
20 86
19 82
19 84
19 83
82 86
71 50
13 64
13 65
13 66
98 69