1 59 4 11 46 33 77 3 96 34 26 19 54 57 71 88 5 27 81 89 31 87 10 12 16 25 2 17 42 80 8 7 32 6 18 0 9 93 48 70 75 56 90 82 49 64 29 55 23 37 97 52 15 69 45 51 40 53 85 13 30 67 86 58 14 21 20 50 91 79 39 44 74 28 36 63 43 62 65 60 78 83 38 22 41 73 95
1 59
1 3
1 54
1 52
4 11
4 53
4 33
4 79
11 77
46 33
46 27
46 2
33 86
3 18
3 13
3 14
96 34
96 19
96 23
96 20
34 5
26 19
19 36
57 71
71 31
88 5
5 6
5 18
5 7
5 50
5 65
5 60
27 0
81 89
81 74
89 48
89 30
31 87
87 82
87 85
87 63
10 12
12 7
12 45
12 9
12 58
12 85
16 25
25 51
25 40
25 85
2 32
2 48
2 70
2 49
2 42
2 69
2 67
17 42
80 8
80 6
7 93
7 64
0 9
9 15
93 90
48 39
70 28
75 56
56 29
90 44
90 22
82 97
29 55
29 91
55 69
37 97
37 73
30 21
30 43
30 78
67 83
28 95
62 65
62 41
38 22