43 44 62 73 48 50 52 54 56 76 64 12 13 1 2 72 71 39 42 33 34 35 47 70 69 8 17 21 22 45 51 37 38 58 61 11 16 23 57 3 18 30 25 24 60 10 14 49 68 65 74 40 59 36 41 15 31 27 32 6 5 28 46 26 29 53 75 66 19 7 0 67 63 4 55 20 9
43 44
43 41
43 46
62 73
62 76
73 60
48 50
48 47
50 52
50 46
52 51
54 56
54 31
56 57
76 64
76 70
76 68
76 63
12 13
12 8
1 2
1 0
2 3
72 71
71 17
39 42
39 40
42 45
33 34
33 35
33 36
33 32
47 45
47 49
70 69
70 67
8 10
8 6
8 9
17 18
21 22
21 20
22 23
22 30
51 53
37 38
37 36
38 40
58 61
58 57
58 59
61 60
11 16
11 7
16 19
23 25
57 55
3 18
3 4
30 29
30 31
25 24
25 28
60 74
10 14
14 15
68 65
65 66
59 75
27 32
32 29
6 5
6 7
6 4
28 26
19 20