97 41 17 71 48 86 21 2 24 1 59 4 42 99 6 64 18 72 39 5 54 36 95 87 62 47 91 53 11 26 76 82 52 29 8 79 22 67 28 19 9 34 43 78 3 85 69 61 10 68 27 94 83 74 50 32 75 16 92 44 35 77 58 96 40 37 90 12 93 49 15 63 88 70 89 55 73 0 25 60 80 13 65 38 98 23 33 57 20 46 45 30 66 51 7
97 41
97 68
97 65
17 71
17 27
17 61
48 86
48 74
48 63
48 46
86 34
86 94
86 77
21 2
21 60
2 42
2 96
24 1
24 79
24 66
1 26
1 61
59 4
59 52
4 23
42 99
99 15
6 64
6 91
64 69
18 72
18 22
18 0
18 28
72 43
39 5
39 10
39 13
5 27
54 36
36 83
95 87
95 43
62 47
47 91
91 52
91 3
91 92
91 38
53 11
11 93
76 82
82 85
52 83
29 8
29 79
8 34
79 65
79 37
67 28
19 9
9 90
43 78
43 58
43 60
43 80
85 10
10 73
68 25
27 93
83 75
74 35
50 32
32 12
75 16
75 44
75 35
77 12
96 40
37 90
12 15
93 49
88 70
70 66
89 55
89 23
89 51
25 33
25 20
38 98
98 7
33 30
57 20
46 45