30 61 31 63 11 24 20 41 33 67 3 7 16 15 32 25 51 6 14 23 48 36 74 4 9 10 35 72 1 8 18 21 44 90 34 70 49 99 0 2 13 27 56 40 81 22 46 17 66 5 12 28 58 39 80 43 87 47 95 42 19 64 37 75 29 59 83 45 38 96 73 92 26 53 54 97 89 84 52 79 77 76 91 93 85 94 69 82 55 65 98 88 62 78 57 71 68
30 61
30 62
30 14
31 63
31 15
31 64
11 24
11 5
11 23
24 49
20 41
20 9
20 42
41 83
41 84
33 67
33 16
33 68
3 7
3 8
3 1
7 16
7 15
16 34
15 32
32 66
32 65
25 51
25 12
25 52
6 14
6 2
6 13
14 29
23 48
23 47
48 97
48 98
36 74
36 17
36 73
4 9
4 10
4 1
9 19
10 21
10 22
35 72
35 17
35 71
1 0
8 18
8 17
18 38
18 37
21 44
21 43
44 90
44 89
34 70
34 69
49 99
0 2
2 5
13 27
13 28
27 56
27 55
40 81
40 19
40 82
22 46
22 45
46 93
46 94
5 12
12 26
28 58
28 57
39 80
39 79
39 19
43 87
43 88
47 95
47 96
42 85
37 75
37 76
29 59
45 92
45 91
38 77
38 78
26 53
26 54