10 65 36 98 85 24 28 68 97 39 84 93 67 17 0 99 42 59 12 22 7 11 77 62 38 78 64 45 21 1 6 20 25 73 2 43 3 33 72 41 81 26 60 58 70 16 15 5 49 29 79 71 89 55 88 95 50 66 96 63 44 46 19 4 56 31 91 53 9 86 27 34 75 92 94 61 69 37 35 87 8 40 57 13 48 80 23 83
10 65
65 73
36 98
36 72
36 9
98 66
85 24
85 6
24 42
24 97
24 33
24 63
28 68
28 95
28 44
28 33
97 39
84 93
84 70
84 63
84 23
93 88
67 17
17 78
0 99
0 12
0 5
99 80
42 87
59 12
59 8
22 7
7 69
11 77
77 55
62 38
62 1
62 13
38 44
78 49
64 45
64 94
45 69
21 1
21 43
21 29
6 55
20 25
20 46
25 9
25 40
73 2
73 19
73 60
2 70
43 86
3 33
3 26
3 56
72 79
41 81
81 16
81 4
60 58
58 34
70 83
15 5
15 75
49 96
49 29
29 79
29 50
29 48
71 89
71 63
55 61
88 31
63 75
46 91
19 4
31 53
86 27
86 37
27 57
92 94
94 61
35 87