2 18 0 3 9 76 11 93 4 36 30 8 69 71 5 43 73 1 12 44 72 74 41 10 84 7 59 85 83 13 40 99 21 47 6 51 97 14 34 42 33 79 49 77 17 54 95 29 24 19 22 23 55 67 60 32 39 78 28 81 16 90 45 94 82 65 35 38 52 46 50 70 15 92 61 91 88 62 27 75 89 25 53 58 66 68 56
2 18
2 0
2 21
2 17
2 24
2 19
2 22
2 23
0 3
0 5
0 6
0 1
0 8
0 7
0 4
3 30
3 29
3 32
3 28
3 27
3 25
9 76
9 73
9 74
9 79
9 77
9 78
9 1
9 75
11 93
11 95
11 1
11 90
11 94
11 92
11 91
11 89
4 36
4 40
4 34
4 33
4 39
4 35
4 38
8 69
8 71
8 72
8 67
8 65
8 70
8 66
8 68
5 43
5 44
5 41
5 47
5 42
5 45
5 46
1 12
1 13
1 14
1 16
1 15
1 10
12 99
12 97
10 84
10 85
10 83
10 81
10 82
10 88
7 59
7 60
7 61
7 62
7 58
6 51
6 49
6 54
6 55
6 52
6 50
6 53
6 56