12 58 13 59 20 73 2 38 77 79 6 46 0 34 53 55 33 45 47 25 83 30 93 10 17 67 15 63 86 88 70 72 18 21 75 94 96 8 49 48 23 85 87 89 91 31 69 29 24 82 40 50 84 11 37 54 42 44 60 19 71 57 4 41 7 35 26 43 32 97 66 68 92 95 9 1 22 78 56 64 80 5 3 39 16 14 61 98 27 51 52 74 76 90 65 81 28 36
12 58
12 32
12 27
58 60
13 59
13 23
59 57
20 73
20 4
73 75
2 38
2 37
2 9
38 40
77 79
77 22
79 23
6 46
46 48
0 34
0 33
0 24
0 30
53 55
53 10
55 11
33 35
45 47
47 7
25 83
25 84
83 81
30 93
30 94
93 95
10 54
10 3
17 67
17 31
17 26
17 68
17 7
67 65
15 63
15 8
15 64
15 1
86 88
86 26
70 72
70 18
18 69
18 1
18 23
21 75
21 11
21 1
21 27
21 76
94 96
8 49
8 50
8 19
48 7
23 80
85 87
85 26
89 91
91 29
31 95
29 92
29 7
24 82
82 84
50 52
54 56
42 44
42 4
19 71
4 41
4 14
41 43
35 1
43 5
32 97
32 98
66 68
66 16
92 90
9 51
9 52
1 28
1 36
22 78
3 39
14 61
74 76