79 67 56 59 12 13 53 55 69 92 89 1 2 6 7 4 3 14 41 46 21 26 23 29 50 58 44 78 72 51 61 82 83 42 43 76 28 34 35 74 22 25 24 18 20 27 15 17 64 0 70 87 81 77 47 49 45 48 62 63 60 57 66 40 88 94 37 38 95 96 99 97 19 11 10 80 5 71 16 98 52 54 30 31 8 93 68 91 65 9 85 84 75 86 39 73 36 33 32 90
79 67
79 69
79 74
79 77
79 71
79 68
79 75
56 59
56 50
56 57
56 54
12 13
13 4
13 17
53 55
53 58
53 17
55 61
69 85
92 89
92 83
92 91
89 80
1 2
1 16
1 8
2 18
2 15
2 4
6 7
6 4
7 5
4 19
3 14
3 0
3 11
3 20
14 9
41 46
41 44
21 26
26 25
26 20
23 29
23 28
29 20
29 30
50 58
50 60
58 64
58 52
44 45
44 42
78 72
78 76
78 74
78 70
78 66
78 65
78 73
51 61
61 63
82 83
83 88
42 43
42 40
43 48
76 17
28 24
34 35
34 33
35 36
22 25
18 10
20 27
87 81
87 93
47 49
47 48
62 63
40 39
88 94
37 38
37 36
38 39
95 96
95 84
96 85
96 90
99 97
99 85
99 86
11 10
80 98
98 93
98 86
30 31
31 32
33 32