15 16 0 18 28 86 17 89 90 79 80 11 12 51 52 92 71 72 70 53 9 39 37 38 19 20 10 57 58 24 25 54 81 60 99 64 40 41 83 73 21 22 59 67 68 87 66 75 91 82 33 34 55 84 76 8 2 3 85 96 98 93 45 48 46 47 7 56 5 14 35 50 23 13 65 29 42 4 69 61 77 36 94 30 31 88 43 6 26 44 32 95 74 97 62 63 1 78 27 49
15 16
15 0
15 14
16 17
0 18
0 28
0 86
0 92
0 9
0 39
0 70
0 54
0 81
0 60
0 99
0 64
0 83
0 37
0 73
0 87
0 75
0 82
0 59
0 25
0 55
0 84
0 76
0 8
0 96
0 93
0 45
0 48
0 7
0 3
0 79
0 56
0 5
0 35
0 22
0 34
0 50
0 67
0 13
0 19
0 41
0 11
0 43
0 26
0 32
0 95
0 74
0 1
0 89
0 31
0 78
28 29
86 85
89 90
89 88
79 80
11 12
51 52
52 53
92 91
71 72
71 70
53 54
9 10
37 38
37 36
19 20
57 58
58 59
24 25
60 61
99 98
64 65
40 41
41 42
21 22
22 23
67 68
67 66
68 69
33 34
76 77
2 3
96 97
93 94
45 44
48 47
46 47
5 4
5 6
50 49
61 62
30 31
26 27
62 63