91 82 66 2 84 80 92 72 33 53 85 69 23 93 97 87 25 29 46 50 88 89 64 79 68 65 12 57 83 27 15 48 0 41 1 51 38 62 44 26 39 14 81 95 98 4 18 3 22 28 42 37 71 77 60 31 16 96 17 58 55 19 49 21 30 76 54 63 56 94 7 75 24 73 40 36 67 52 43 61 47 90 5 20 11 74 9 59 6
91 82
91 38
82 68
66 2
2 25
2 71
84 80
84 30
80 49
92 72
92 65
72 49
72 90
33 53
33 56
33 96
53 3
85 69
85 59
69 71
69 94
23 93
23 98
23 76
93 46
93 52
97 87
97 25
97 44
25 17
29 46
29 6
46 79
46 60
50 88
88 28
89 64
89 22
89 9
64 0
79 48
68 83
68 95
68 4
68 37
65 12
65 58
65 67
12 0
12 55
57 83
57 5
27 15
27 67
48 77
48 7
48 11
0 41
1 51
1 21
1 40
51 75
62 44
62 77
26 39
26 3
14 81
81 95
98 31
98 74
4 61
18 3
18 73
18 40
3 31
28 42
28 47
42 19
37 71
16 96
17 58
55 19
21 20
76 54
76 63
75 24
40 36
52 43