69 95 28 53 10 63 36 56 4 98 19 76 25 62 65 66 71 18 39 2 11 37 87 40 51 15 81 29 52 17 22 74 12 85 68 72 83 21 20 46 91 16 47 9 86 78 33 75 32 82 48 80 31 99 90 7 92 96 45 79 38 35 41 77 89 30 59 0 8 64 42 23 26 93 5 70 73 44 24 94 14 57 54 97 84 1 60 50 49 3 61 58 67 43
69 95
95 99
28 53
28 77
53 26
53 84
10 63
10 56
36 56
36 38
56 81
56 41
56 22
4 98
4 19
98 20
98 78
19 76
19 97
76 87
25 62
62 12
65 66
66 71
66 21
71 37
71 52
18 39
18 17
18 42
18 67
39 75
39 86
2 11
2 48
2 32
2 50
37 15
87 64
40 51
51 33
51 89
15 81
15 68
81 1
29 52
29 44
29 84
17 80
22 74
22 7
74 20
74 33
12 85
12 32
85 31
85 3
68 93
68 58
72 83
83 57
21 49
20 73
46 91
46 35
91 78
16 47
16 92
47 82
47 48
9 86
86 38
82 90
82 61
48 7
31 99
92 96
92 8
45 79
79 64
38 14
41 94
89 0
89 24
30 59
59 42
0 70
8 43
23 26
5 70
57 43
54 97
1 60