37 68 55 19 78 41 43 16 61 52 63 34 73 56 94 2 33 8 29 88 20 4 83 70 96 44 0 53 27 36 76 18 25 22 87 5 9 23 97 13 93 11 15 6 51 75 50 64 28 82 71 38 47 86 99 80 74 89 24 98 39 95 45 31 67 46 72 65 42 14 79 17 54 66 12 10 26 60 81 85 59 7 40 84 91 32 58 21 57 30
37 68
37 13
68 97
55 19
55 74
19 78
19 98
78 5
78 50
78 47
41 43
41 56
43 25
43 4
16 61
16 24
16 46
52 63
52 27
52 75
34 73
34 10
34 74
94 2
94 29
94 88
2 83
2 65
33 8
33 28
8 72
88 54
20 4
20 79
83 70
83 96
83 14
96 44
44 64
0 53
0 80
0 26
27 86
27 45
36 76
36 39
18 25
18 97
25 95
25 66
22 87
22 93
22 81
87 7
9 23
9 17
9 57
23 85
23 21
97 39
97 30
93 11
11 15
11 12
15 75
6 51
6 39
6 72
6 59
51 99
75 54
50 59
28 82
71 38
71 39
71 60
86 95
80 58
74 89
24 31
98 91
95 46
31 67
46 26
65 42
17 26
17 84
66 40
32 58