98 51 86 45 84 94 33 60 37 68 3 77 58 88 27 40 70 79 34 2 28 18 13 54 44 36 32 91 56 20 47 24 14 80 5 69 65 38 0 87 9 55 31 35 71 42 17 4 8 21 57 75 19 46 93 30 62 67 61 1 22 76 6 74 52 12 81 43 50 89 23 96 90 85 39 10 49 16 83 78 53 97 66 63 99 72 15 82 48 41 73 11 26 29 92 64 25 7 59 95
98 51
98 18
98 15
86 45
86 31
45 37
45 34
45 76
84 94
84 77
84 27
84 74
94 41
33 60
33 43
60 40
60 28
37 8
37 30
68 3
68 87
77 8
58 88
58 54
58 0
88 21
88 1
88 22
88 80
88 64
70 79
70 50
70 96
79 20
79 69
79 75
34 12
2 28
2 47
2 57
2 32
18 13
18 39
18 90
54 32
44 36
36 43
36 90
32 72
91 56
56 20
56 66
56 90
20 6
47 49
24 14
24 74
14 23
80 5
69 48
65 38
65 43
65 11
38 63
38 82
0 87
0 89
87 85
9 55
9 43
31 35
71 42
71 81
71 90
71 73
42 83
17 4
4 8
8 53
8 92
21 46
75 19
46 93
46 97
30 62
67 61
67 1
67 78
61 59
74 85
52 12
52 7
39 95
10 49
49 99
16 83
11 26
26 29
29 25