9 55 15 14 57 61 8 16 23 47 17 18 49 39 0 30 48 56 92 42 60 4 36 62 64 12 43 38 20 46 50 25 41 45 35 11 59 29 3 44 63 10 13 40 53 7 65 27 6 31 32 75 58 37 34 52 28 2 54 85 76 21 51 83 90 71 77 22 99 80 26 5 72 1 24 84 96 91 98 19 97 87 67 88 68 69
9 55
9 35
9 63
55 41
55 62
15 14
15 11
57 61
57 39
57 2
61 64
61 31
8 16
8 58
16 21
23 47
23 12
17 18
18 45
18 63
18 25
49 39
49 12
49 37
49 45
39 92
0 30
0 4
0 40
0 75
0 83
0 77
0 99
0 84
0 91
0 98
0 97
0 87
0 67
0 88
0 68
0 69
30 32
48 56
48 4
48 63
42 60
42 10
60 53
4 29
36 62
36 34
62 58
12 43
12 71
38 20
20 75
46 50
46 22
50 25
41 13
11 59
11 28
59 51
3 44
3 37
3 26
3 19
44 24
44 96
10 27
13 72
53 31
7 65
7 37
6 31
6 52
32 85
37 90
28 2
28 5
2 54
76 21
22 1
80 26