90 51 32 78 16 68 36 88 23 15 77 42 41 1 58 70 14 22 63 46 59 61 35 72 19 74 44 38 17 9 7 21 28 97 10 54 4 82 13 45 33 81 50 92 86 39 60 3 56 43 47 98 91 20 48 69 87 94 53 26 75 40 66 31 11 2 67 83 57 62 89 30 64 80 85 37 55 29 8 5 73 95 79 12 34 25 76 96 71 24 6 93
90 51
90 46
90 16
90 28
51 60
51 94
32 78
32 14
32 12
78 79
16 68
68 69
68 61
68 2
36 88
88 13
88 98
23 15
23 38
23 72
15 39
77 42
77 70
42 97
42 55
41 1
41 82
58 70
14 11
22 63
22 17
22 86
63 54
63 11
46 87
59 61
59 93
61 89
61 81
35 72
35 17
72 53
19 74
74 44
74 97
74 4
44 29
38 75
17 4
17 37
9 7
9 10
9 47
9 24
21 28
21 91
21 64
21 80
10 54
10 31
4 76
82 50
13 92
45 33
45 94
33 5
81 50
92 80
86 3
86 56
39 87
43 47
43 48
47 34
98 26
20 48
20 83
87 62
53 67
53 85
75 66
40 66
31 25
11 57
2 71
67 30
83 95
30 8
5 73
5 96
25 6