32 33 83 9 76 77 39 38 48 47 30 31 85 27 75 71 66 43 93 59 58 51 52 0 1 49 79 80 82 92 91 36 37 13 14 28 50 35 41 73 99 98 29 11 12 21 22 62 68 69 26 72 25 24 67 81 6 7 65 2 63 3 4 84 40 53 70 5 34 87 88 15 42 64 17 95 96 16 8 90 97 61 46 54 55 10 89 56 23 44 86 45 20 18 19 94 60
32 33
32 86
83 9
83 62
83 5
83 84
83 3
9 82
9 10
76 77
76 75
76 49
39 38
38 73
48 47
48 66
47 46
30 31
30 13
85 27
85 84
27 28
75 21
71 66
71 73
71 72
71 70
66 99
43 93
93 92
93 94
59 58
59 14
59 99
59 60
51 52
52 50
52 53
0 1
1 2
1 72
49 90
79 80
80 81
80 92
82 81
92 91
92 70
92 12
91 90
36 37
36 34
36 35
36 55
37 17
13 14
14 65
14 15
28 29
35 41
41 40
41 42
73 24
73 89
99 98
11 12
11 26
21 22
21 20
22 67
62 61
68 69
68 67
72 8
72 44
25 24
24 23
6 7
6 5
2 63
63 64
3 4
53 54
53 86
70 34
87 88
87 86
15 16
64 97
95 96
96 97
46 18
54 55
55 56
44 45
18 19