19 98 51 63 5 22 9 20 3 77 14 17 21 53 33 25 49 59 1 7 55 54 58 56 48 67 15 12 6 65 8 44 24 88 11 99 46 66 42 40 62 81 71 78 16 13 36 35 10 18 68 23 26 64 32 52 79 4 43 84 73 72 90 0 27 69 93 47 28 80 61 30 45 97 95 60 31 38 94 70 83 57 2 92 34 50 39 76 96 41 29
19 98
19 10
19 90
98 6
51 63
63 17
5 22
5 14
5 46
22 60
9 20
9 55
9 13
9 48
9 23
20 77
20 67
20 30
20 39
3 77
14 15
17 67
17 16
21 53
21 66
21 70
21 60
33 25
33 26
33 43
33 44
33 0
33 80
25 36
25 79
49 59
59 54
59 61
1 7
1 8
1 13
1 84
54 58
54 96
56 48
15 12
15 18
12 4
12 35
12 31
6 65
6 44
6 35
6 94
8 11
24 88
24 23
11 99
11 32
99 35
99 41
42 40
42 26
62 81
62 73
81 52
71 78
78 32
16 69
13 61
13 34
35 57
18 68
23 95
26 64
26 83
26 2
32 93
52 79
52 38
4 97
4 76
43 28
72 90
72 29
0 27
0 47
0 50
30 45
2 92