16 29 32 28 59 42 31 40 15 41 23 18 24 26 55 30 35 37 21 36 45 58 1 47 3 25 53 12 22 51 5 7 60 17 4 38 57 44 10 9 27 48 52 39 14 20 49 2 50 13 6 56 34 96 8 68 33 46 54 43 0 86 73 72 92 11 77 71 66 99 70 63 69 82 94 61 88 80 19
16 29
16 37
16 12
16 52
29 59
32 28
32 21
32 18
32 22
32 44
32 13
59 42
59 36
31 40
31 24
31 43
31 11
40 36
15 41
15 43
41 57
23 18
23 3
18 58
26 55
26 53
26 3
26 0
30 35
30 1
36 45
1 47
1 3
47 56
3 25
25 10
12 7
22 51
5 7
7 66
60 17
60 11
17 48
17 73
4 38
4 8
4 63
38 6
57 39
44 14
10 20
10 68
9 27
9 49
9 46
48 54
48 6
14 71
20 34
49 56
49 96
2 50
2 43
2 61
56 19
8 33
0 86
0 72
0 92
0 77
0 99
0 70
0 82
0 94
0 88
0 80
0 63
11 69