18 87 66 42 20 52 95 22 68 90 83 19 91 78 59 54 41 99 1 29 39 48 96 62 50 47 8 88 13 82 26 23 35 56 38 36 3 45 72 37 34 51 58 76 2 27 28 44 61 25 74 49 69 7 33 10 14 70 40 11 92 4 86 57 75 80 17 77 12 0 32 64 55 98 84 89 24 97 9 73 94 16 60 81 63 85 6 93 65 43 31 53 30 79 5 71 21 15
18 87
18 1
18 48
18 35
18 77
87 78
87 93
66 42
66 58
42 39
42 36
42 71
20 52
20 61
95 22
95 36
95 88
68 90
68 29
68 28
68 14
90 44
83 19
83 59
83 21
91 78
91 56
78 94
59 54
59 57
59 63
41 99
41 13
41 4
41 32
99 12
1 58
1 25
29 39
29 30
39 74
48 23
48 96
96 62
50 47
47 86
47 17
47 15
8 88
8 72
8 31
88 11
82 26
82 80
82 17
26 37
26 7
23 85
35 69
56 38
3 45
45 16
72 70
37 73
34 51
34 27
34 33
34 58
34 75
34 65
76 2
2 40
27 32
44 61
44 0
25 92
74 49
74 6
7 16
10 14
10 98
70 40
4 63
86 53
17 77
77 84
64 55
55 73
55 97
84 89
89 5
24 97
9 73
94 60
60 81
85 43
93 79