2 3 8 9 10 11 32 33 49 50 98 99 1 4 6 7 13 14 48 97 5 24 25 96 0 12 15 16 19 20 23 31 47 95 18 94 46 93 30 92 22 45 91 90 17 29 44 89 88 21 43 87 28 86 42 85 84 27 41 83 82 40 81 26 80 39 79 78 38 77 76 37 75 74 36 73 72 35 71 70 34 69 68 67 66 65 64 63 62 61 60 59 58 57 56 55 54 53
2 3
2 1
3 4
8 9
8 7
9 10
10 11
11 12
32 33
32 31
33 34
49 50
49 48
98 99
98 97
99 1
1 0
4 5
6 7
6 5
13 14
13 12
14 15
48 47
97 96
24 25
24 23
25 26
96 95
15 16
16 17
19 20
19 18
20 21
23 22
31 30
47 46
95 94
18 17
94 93
46 45
93 92
30 29
92 91
22 21
45 44
91 90
90 89
29 28
44 43
89 88
88 87
43 42
87 86
28 27
86 85
42 41
85 84
84 83
27 26
41 40
83 82
82 81
40 39
81 80
80 79
39 38
79 78
78 77
38 37
77 76
76 75
37 36
75 74
74 73
36 35
73 72
72 71
35 34
71 70
70 69
69 68
68 67
67 66
66 65
65 64
64 63
63 62
62 61
61 60
60 59
59 58
58 57
57 56
56 55
55 54
54 53