94 49 69 63 24 80 90 73 92 7 2 78 75 19 88 16 53 55 20 31 96 62 77 28 54 81 67 99 48 36 1 51 40 18 10 91 41 47 64 25 82 71 22 89 65 52 32 0 44 43 57 46 56 83 76 29 42 3 45 13 72 39 9 38 86 59 15 93 26 6 23 14 97 34 79 66 27 21 37 17 35 84 74 68 58 4 30 11 60 50 5 61 33 8 70 98
94 49
94 16
94 77
94 28
49 69
49 41
49 17
69 39
69 20
63 24
63 1
63 27
63 37
24 67
24 79
80 90
80 16
80 76
80 5
90 22
73 92
73 17
7 2
7 93
7 65
2 52
2 20
2 30
78 75
78 62
19 88
19 84
88 10
88 81
53 55
53 25
55 9
20 31
20 56
20 57
31 91
31 25
96 62
96 44
28 18
28 60
54 81
54 1
81 36
67 21
99 48
99 91
36 14
36 68
36 4
1 43
51 40
51 6
40 66
40 64
10 32
10 3
41 71
47 64
47 71
25 35
82 71
82 72
82 8
71 43
71 98
89 65
52 0
52 15
32 29
44 43
43 42
57 46
83 76
42 13
42 11
3 45
3 26
45 74
45 33
9 38
9 70
86 59
86 50
59 14
93 23
93 58
14 61
97 34
34 58