0 81 9 4 17 30 29 20 97 24 77 98 14 27 3 10 78 82 90 63 45 59 33 79 1 72 53 74 83 5 38 80 94 43 21 91 55 87 23 2 99 34 58 67 11 6 32 37 75 35 85 76 13 84 57 15 26 61 39 92 95 44 86 52 42 69 25 93 41 28 36 31 40 68 49 48 46 88 16 56 8 12 50 54 7 18 51 96 89 64 62 22 60 71 70
0 81
0 80
81 9
81 99
81 39
81 87
4 17
4 94
17 31
30 29
29 78
29 54
20 97
20 98
20 94
20 7
97 38
97 32
97 42
24 77
24 43
77 90
77 27
77 49
98 53
98 52
98 41
98 36
14 27
14 61
27 92
3 10
3 39
78 82
78 38
78 67
78 15
90 63
90 50
63 74
63 28
45 59
59 67
59 62
33 79
33 21
79 91
1 72
72 74
72 51
53 74
53 69
83 5
83 26
5 42
38 57
38 86
38 68
94 23
94 89
43 21
43 6
43 34
43 40
21 75
21 99
55 87
87 25
2 99
34 58
58 70
67 11
6 95
32 37
37 76
75 44
35 85
35 48
35 50
13 84
13 88
61 46
61 60
39 93
92 56
86 96
93 18
93 71
88 16
16 8
8 12
8 51
51 22
89 64