19 52 92 58 90 0 98 59 74 26 84 65 50 66 75 11 60 97 37 29 73 39 12 48 47 49 6 44 5 28 46 18 61 68 93 8 24 81 72 82 16 2 94 9 27 23 99 30 4 62 56 7 35 33 3 86 34 55 79 10 64 95 63 78 54 42 85 31 38 70 88 51 13 69 41 77 43 76 25 21 57 32 45 71 22 15 53 14 96 36 17 83 67 80 1
19 52
19 92
19 59
19 72
19 9
52 75
52 63
52 68
58 90
58 25
58 15
58 76
90 54
0 98
0 18
0 21
98 66
98 29
59 35
59 44
74 26
74 84
74 75
74 30
26 29
26 33
65 50
65 97
65 77
50 12
66 22
11 60
60 32
97 37
97 46
97 7
37 16
37 51
29 86
73 39
73 54
39 48
12 57
48 10
47 49
47 34
47 7
47 41
6 44
6 31
44 24
5 28
5 96
28 8
18 61
18 88
61 4
68 93
68 85
8 81
8 72
8 7
24 62
24 42
72 82
2 94
2 1
94 7
9 27
23 99
23 3
23 42
99 55
99 95
62 56
62 71
56 78
56 10
56 69
35 45
3 53
86 70
86 67
55 79
10 17
64 95
63 14
63 83
85 13
31 38
69 80
43 76
32 45
96 36