12 61 8 50 13 65 24 98 7 48 6 44 9 52 23 94 10 55 4 37 63 11 60 15 71 1 30 5 42 57 28 2 33 21 90 47 32 39 19 83 18 79 16 73 82 20 87 43 17 76 77 56 58 22 91 49 3 34 29 46 88 84 66 35 0 27 78 93 31 51 53 64 67 59 81 40 74 62 86 72 97 80 14 68 36 92 99 69 26 95 54 25 38 89 41 96 85 75 45 70
12 61
12 63
12 62
8 50
8 49
8 51
50 77
13 65
13 64
65 46
24 98
24 97
24 99
7 48
7 47
7 46
6 44
6 43
6 45
9 52
9 53
9 54
23 94
23 95
23 96
94 99
10 55
10 57
10 56
4 37
4 39
4 38
37 34
63 69
11 60
11 58
11 59
60 28
15 71
15 72
71 41
1 30
1 28
1 29
5 42
5 40
5 41
42 29
57 86
2 33
2 32
2 31
33 66
21 90
21 88
21 89
90 80
47 76
47 29
32 72
19 83
19 82
19 84
83 27
83 35
18 79
18 81
18 80
16 73
16 74
16 75
73 86
20 87
20 86
20 85
43 31
17 76
17 77
17 78
56 95
22 91
22 93
22 92
91 67
3 34
3 35
3 36
84 89
35 53
0 27
0 26
0 25
93 99
93 40
31 36
67 14
81 70
14 68
14 69