77 72 48 31 52 58 3 17 79 9 90 8 11 14 18 51 37 96 98 62 41 4 73 70 10 22 24 84 35 83 50 34 39 26 23 94 93 15 16 87 86 60 67 0 54 78 28 5 61 27 95 12 13 32 45 82 33 40 63 20 43 85 21 81 47 65 68 36 64 89 66 76 71 88 49 69 55 7 25 57 19 97 59 2 30 53 92 46 29 42 44 91 80 74 56
77 72
77 79
72 34
48 31
31 4
52 58
52 54
52 37
52 55
58 42
3 17
3 5
9 90
9 4
90 11
90 78
90 94
8 11
8 5
8 7
11 45
11 63
11 53
14 18
14 15
18 19
18 13
51 37
51 50
51 56
37 35
37 33
96 98
96 95
96 12
96 68
96 34
62 41
62 89
41 49
4 0
4 22
73 70
73 78
73 71
70 10
22 24
22 26
84 35
84 83
84 88
83 89
50 32
50 25
34 39
34 80
26 23
26 28
23 21
23 69
23 2
94 93
16 87
16 12
87 86
87 85
87 61
86 81
60 67
60 47
60 63
67 92
54 27
78 32
28 20
61 27
27 43
95 29
12 13
32 59
32 30
45 82
33 36
40 63
40 44
43 46
81 64
65 68
68 66
89 97
76 71
76 57
92 91
80 74