1 2 3 98 97 6 7 8 11 12 13 16 17 18 21 22 23 26 27 28 31 32 33 36 37 38 41 42 43 46 47 48 51 52 53 56 57 58 61 62 63 66 67 68 71 72 73 76 77 78 81 82 83 86 87 88 91 92 93 96 0 4 5 95 9 99 10 14 15 19 20 24 25 29 30 34 35 39 40 44 45 49 50 54 55 59 60 64 65 69 70 74 75 79 80 84 85 89 90 94
1 2
1 0
1 4
2 3
98 97
97 96
6 7
6 5
6 9
7 8
11 12
11 10
11 14
12 13
16 17
16 15
16 19
17 18
21 22
21 20
21 24
22 23
26 27
26 25
26 29
27 28
31 32
31 30
31 34
32 33
36 37
36 35
36 39
37 38
41 42
41 40
41 44
42 43
46 47
46 45
46 49
47 48
51 52
51 50
51 54
52 53
56 57
56 55
56 59
57 58
61 62
61 60
61 64
62 63
66 67
66 65
66 69
67 68
71 72
71 70
71 74
72 73
76 77
76 75
76 79
77 78
81 82
81 80
81 84
82 83
86 87
86 85
86 89
87 88
91 92
91 90
91 94
92 93
96 95
96 99
0 5
0 95
5 10
95 90
10 15
15 20
20 25
25 30
30 35
35 40
40 45
45 50
50 55
55 60
60 65
65 70
70 75
75 80
80 85