11 20 51 43 53 23 44 27 3 47 5 28 45 68 67 34 17 30 46 52 15 9 25 36 49 56 62 41 59 2 7 22 31 58 38 55 42 0 57 24 13 21 14 12 1 29 63 19 6 54 26 65 32 35 61 16 66 50 8 10 18 60 39 69 64 33 4 87 40 76 88 98 79 96 48 94 85 93 74 91 70 77 82 75 37 89 83 97 90 73
11 20
11 67
51 43
51 22
51 69
53 23
53 13
53 63
44 27
44 15
27 19
3 47
3 66
47 63
47 64
5 28
28 41
28 19
28 90
45 68
45 24
45 46
45 1
68 6
67 34
67 38
17 30
17 18
17 64
17 82
46 52
46 19
46 25
46 7
46 4
9 25
9 76
36 49
36 96
49 38
56 62
56 14
62 65
41 59
41 13
2 7
7 31
31 58
38 98
55 42
55 0
55 8
0 57
0 61
0 87
0 76
0 88
0 98
0 79
0 94
0 93
0 74
0 91
0 70
0 77
0 89
0 83
0 97
57 21
21 14
21 12
21 50
21 85
1 29
1 39
19 69
19 40
6 54
6 73
26 65
26 16
65 60
32 35
32 39
32 33
8 10
8 75
10 37
60 48