53 89 1 85 61 43 13 95 64 51 76 26 7 22 16 49 12 30 63 3 34 24 62 10 40 8 23 2 94 17 57 78 80 18 38 29 27 97 96 98 69 88 45 19 31 41 79 36 15 56 52 0 86 54 99 37 25 28 73 60 21 70 58 44 11 83 50 90 33 82 14 91 48 92 65 39 47 72 67 35 32 20 42 9 75 74 6 77 55 66 68 84 59 87 5 71 46
53 89
53 12
1 85
1 96
1 29
1 50
85 56
85 90
61 43
61 19
43 94
43 47
13 95
13 38
95 97
95 28
95 21
95 60
64 51
51 99
51 72
76 26
26 39
7 22
7 78
22 18
16 49
49 45
49 37
49 88
49 9
49 5
12 34
12 36
30 63
63 28
63 70
3 34
34 91
24 62
24 44
10 40
10 94
10 29
10 25
10 58
10 74
10 59
40 73
8 23
8 73
23 60
23 17
23 33
2 94
17 57
17 0
57 35
78 80
78 52
18 92
29 27
29 66
27 11
97 44
96 88
98 69
98 31
98 84
98 71
69 50
88 48
88 68
45 36
45 39
19 42
41 79
41 14
41 56
79 99
36 15
36 54
0 86
54 83
37 65
70 92
33 82
33 87
91 55
48 46
92 20
65 75
72 32
72 6
67 35
6 77