10 48 5 38 50 40 49 17 13 4 58 66 37 22 69 72 64 57 0 44 61 25 1 3 62 18 11 29 35 6 20 39 53 56 43 47 9 15 70 45 19 54 7 42 26 65 24 55 41 8 52 63 31 2 68 30 16 14 73 32 36 34 27 94 67 92 82 21 59 12 28 46 74 23 33 89 60 51 98 86 71 80 83 75 97
10 48
10 66
10 62
10 61
10 83
5 38
38 62
38 22
50 40
50 53
50 3
40 13
40 36
49 17
49 8
17 70
17 32
13 67
4 58
4 37
4 30
4 0
66 2
22 69
22 72
22 39
72 34
64 57
64 47
64 15
64 59
57 24
0 44
0 92
0 74
0 89
0 98
0 86
0 7
44 15
44 53
61 25
61 29
25 65
25 68
1 3
1 45
3 63
18 11
18 8
29 35
29 32
6 20
6 26
20 70
53 14
56 43
56 28
9 15
9 82
9 71
15 60
70 12
19 54
54 27
7 42
7 80
65 21
65 51
24 52
24 55
24 94
55 41
8 16
63 31
63 23
2 75
30 27
14 73
73 46
32 36
28 51
28 97
23 33