0 18 59 43 44 1 19 51 52 2 20 8 55 30 3 21 5 4 22 23 6 24 7 25 26 9 27 28 29 31 32 33 10 11 12 13 14 15 45 16 34 17 35 37 40 46 57 58 47 49 50 54 38 39 41 42 48 36 53 56
0 18
0 59
18 19
43 44
43 42
43 49
44 45
1 19
19 20
51 52
52 28
52 53
2 20
2 5
20 21
8 55
8 26
55 30
55 56
30 31
30 12
3 21
5 23
5 4
4 22
23 24
6 24
24 25
7 25
25 26
26 27
9 27
27 28
28 29
28 10
29 11
31 32
31 13
32 33
32 14
33 15
11 17
45 46
45 48
16 34
16 17
17 35
35 36
35 37
35 38
37 40
40 41
46 47
57 58
57 54
49 50
54 53
38 39
41 42