87 24 22 74 76 55 25 80 8 40 82 0 35 65 81 70 28 46 92 62 99 21 5 52 27 32 17 2 58 85 6 13 61 59 44 50 60 39 26 11 49 90 30 10 93 78 79 20 31 97 37 77 4 96 36 75 42 53 94 95 91 18 69 64 88 3 9 43 34 83 68 66 56 86 72 67 29 33
87 24
87 55
87 8
87 0
87 35
87 65
87 81
87 46
87 99
87 21
87 82
87 5
87 52
87 17
87 58
87 85
87 6
87 13
87 59
87 44
87 50
87 60
87 39
87 26
87 11
87 49
87 90
87 10
87 93
87 78
87 37
87 77
87 4
87 75
87 42
87 94
87 95
87 69
87 64
87 9
87 43
87 34
87 83
87 92
87 68
87 56
87 3
87 86
87 72
87 67
87 29
87 33
87 79
22 74
22 76
22 25
22 80
22 70
22 28
22 62
22 27
22 32
22 2
22 61
22 30
22 31
22 97
22 96
22 36
22 53
22 91
22 18
40 82
70 92
92 66
79 20
88 3