36 22 64 45 39 53 46 38 51 80 43 78 13 62 79 67 91 57 28 40 31 37 44 30 75 8 41 76 52 71 32 66 61 19 63 6 59 87 5 1 48 92 9 34 3 82 35 25 73 15 77 90 14 65 70 26 0 4 21 23 16 20 12 83 81 68 93 18 24 10 29 86 11 94 17 72 27 58 55 84 33 60 88 42 85 50 56 74
36 22
36 31
36 75
36 40
22 92
22 12
22 59
64 45
64 39
64 66
39 53
39 79
39 43
46 38
46 40
46 6
46 94
51 80
80 59
43 78
43 65
78 68
13 62
13 66
13 70
62 67
62 8
79 6
67 91
67 90
67 63
67 26
91 20
57 28
28 72
40 4
37 44
44 9
30 75
30 93
30 58
75 32
8 41
8 88
8 84
76 52
76 63
71 32
71 9
32 77
32 10
61 19
61 24
61 3
19 25
19 17
6 42
87 5
87 1
87 90
5 83
1 48
1 23
48 21
48 56
34 3
34 0
3 16
82 35
82 15
82 73
25 73
73 33
77 14
90 85
70 81
26 18
4 72
23 16
23 11
23 86
29 86
29 27
29 50
58 74
55 84
60 88