25 51 22 53 46 49 58 9 11 34 36 40 12 29 3 6 54 59 48 4 21 27 47 0 2 32 31 23 38 19 50 57 33 52 60 55 42 24 7 20 30 35 13 15 93 44 70 43 94 39 37 45 5 28 10 1 65 97 26 95 18 56 72 98 76 64 41 67 78 14 17 84 80 91 16 66 8 87 81 85 68 90 69 82 79 89 99
25 51
25 54
25 23
25 55
25 20
51 32
22 53
22 78
22 18
53 32
53 57
46 49
46 37
49 42
58 9
58 1
9 67
9 55
11 34
11 50
34 29
36 40
36 54
36 59
36 91
40 95
12 29
12 70
3 6
3 20
59 48
59 7
4 21
4 31
27 47
27 33
27 24
27 35
27 57
0 2
0 55
0 72
0 98
0 64
0 84
0 80
0 81
0 85
0 68
0 69
0 79
0 89
2 28
32 87
31 44
38 19
38 93
38 1
50 57
50 41
33 39
52 60
52 37
60 44
60 43
42 24
42 5
42 97
7 65
20 76
30 35
30 26
35 90
13 15
15 28
44 99
43 10
94 39
37 45
37 8
5 14
26 82
18 56
18 16
14 17
66 8