74 63 88 8 23 5 35 31 41 82 7 4 20 64 18 6 32 22 24 12 95 48 15 47 46 59 43 13 97 14 81 44 21 17 98 38 30 51 93 33 55 0 65 70 1 42 50 54 11 37 71 3 80 87 90 57 62 29 19 36 84 94 53 79 52 58 76 83 67 69 85 2 39 91 27 86 16 75 72 25 28 77 99 45 34 40 60 61 66 68 73 96 10 49 92
74 63
74 97
88 8
88 23
88 0
8 32
8 41
8 29
8 51
8 72
23 83
23 75
5 35
5 97
5 0
35 20
35 50
31 41
31 58
31 69
41 19
82 7
82 80
4 20
20 52
20 76
64 18
64 3
64 70
18 48
18 45
6 32
6 87
6 22
6 96
22 24
24 12
24 84
12 95
95 36
48 15
15 62
15 68
47 46
47 94
46 14
59 43
59 10
43 51
13 97
13 25
14 81
14 53
14 80
81 44
44 99
21 17
17 98
17 52
38 30
30 93
30 67
93 73
93 33
33 55
55 0
65 70
70 60
1 42
1 50
50 66
54 11
54 79
37 71
71 58
3 16
80 62
90 57
90 62
84 94
84 61
53 79
69 85
2 39
2 91
39 28
91 27
91 86
28 77
28 49
77 99
45 34
34 40
60 92