66 68 0 34 90 92 65 67 14 62 5 44 41 43 45 47 32 97 38 40 16 30 94 74 76 49 51 8 3 39 1 15 64 18 69 20 73 27 88 9 52 50 54 56 13 57 59 24 81 11 12 82 2 61 63 58 22 77 93 95 46 48 78 80 98 36 26 42 84 6 31 10 33 35 89 91 4 7 70 72 23 21 75 25 96 85 87 28 37 29 19 17 86 79 60 71 83 53 55
66 68
66 16
0 34
0 1
0 20
0 2
90 92
90 28
65 67
65 16
14 62
14 13
5 44
5 8
5 20
5 19
44 42
41 43
41 4
45 47
47 7
32 97
32 98
32 24
38 40
38 2
40 3
16 25
16 6
30 94
30 93
30 18
94 96
74 76
74 20
76 21
49 51
49 8
51 9
8 50
8 24
3 39
3 12
3 26
3 6
39 37
1 36
1 35
1 29
15 64
15 18
15 63
15 27
18 69
18 13
18 9
20 73
20 11
27 88
27 87
27 28
88 86
9 52
54 56
54 10
13 60
13 59
57 59
24 81
24 82
11 55
12 58
82 84
61 63
22 77
22 78
77 79
93 95
46 48
46 6
48 7
78 80
80 23
26 31
26 85
10 21
33 35
89 91
91 29
4 7
70 72
72 19
23 21
21 75
25 17
25 83
19 71
53 55