11 56 41 43 70 72 45 47 30 94 93 95 85 87 81 83 69 71 31 96 1 36 32 98 61 63 3 39 46 48 7 16 66 82 84 25 73 75 58 60 18 15 13 26 12 57 23 80 77 79 65 2 37 55 10 54 6 90 92 74 76 5 28 68 53 21 29 64 40 42 44 86 4 0 24 8 49 27 88 20 33 35 38 17 67 50 52 22 62 34 78 19 59 14 89 91 51 9 97
11 56
11 55
11 23
11 28
11 17
41 43
41 4
70 72
70 18
45 47
45 6
47 7
30 94
30 32
30 12
94 96
93 95
95 31
85 87
85 26
81 83
81 24
69 71
69 18
71 19
31 96
31 1
1 36
36 34
32 98
32 97
61 63
63 15
3 39
3 26
3 40
39 37
46 48
46 6
7 4
16 66
16 65
16 23
66 68
82 84
84 25
25 13
25 12
73 75
75 21
58 60
58 12
18 12
15 64
15 10
13 26
13 59
26 86
26 23
12 57
23 80
23 79
80 78
77 79
2 37
2 38
55 53
10 54
10 53
6 0
90 92
90 28
92 29
74 76
74 20
76 21
5 28
5 8
5 22
5 4
28 89
21 29
64 62
42 44
42 4
0 24
0 33
8 49
8 27
8 50
49 51
27 88
33 35
17 67
50 52
52 9
62 14
89 91