6 11 83 82 32 92 49 50 0 1 19 59 58 60 38 37 26 27 3 4 13 96 57 56 28 18 61 23 24 93 79 78 89 90 10 70 71 68 69 86 87 81 80 94 95 88 21 20 14 43 15 16 53 74 75 12 44 40 39 33 55 2 22 77 52 29 63 62 5 7 41 17 48 67 91 25 42 8 76 46 45 30 85 35 36 47 66 54 64 98 97 9 84 34 65 31 51 72 73
6 11
6 7
11 10
11 12
83 82
83 19
83 84
82 29
82 81
32 92
32 33
92 93
49 50
50 56
50 51
0 1
0 89
0 98
19 18
19 20
59 58
59 60
59 37
58 57
60 93
38 37
38 5
26 27
26 10
26 25
27 28
3 4
3 2
4 5
13 96
13 14
13 12
96 95
57 56
57 15
28 31
18 61
18 17
23 24
23 53
23 22
24 25
93 94
79 78
79 80
79 66
89 90
90 91
10 9
70 71
70 69
71 72
68 69
68 67
86 87
86 30
86 85
87 88
81 80
80 65
94 95
21 20
20 46
14 43
43 44
43 42
15 16
16 91
16 17
53 52
53 54
74 75
74 25
12 41
40 39
40 41
39 64
33 55
22 77
77 76
29 30
63 62
63 48
63 64
67 66
8 76
46 45
46 47
35 36
35 47
54 34
98 97
72 73