74 76 58 60 26 86 0 33 34 49 51 27 87 66 68 90 92 69 71 57 59 14 61 93 95 12 36 18 4 42 81 83 38 40 62 8 50 3 16 45 47 53 55 89 91 1 30 13 10 25 5 21 52 15 63 2 32 78 80 7 48 43 6 31 37 39 88 35 44 54 56 41 64 46 9 17 20 73 77 79 22 97 96 28 85 65 67 19 29 24 98 23 94 82 84 11 75 72
74 76
76 21
58 60
58 12
26 86
26 85
86 88
0 33
0 34
0 5
0 27
0 6
33 35
34 36
49 51
49 8
27 87
27 88
66 68
66 16
90 92
90 28
69 71
69 18
71 19
57 59
57 12
59 13
14 61
14 62
61 63
93 95
93 30
95 31
12 30
12 28
36 1
18 32
4 42
4 32
4 41
42 44
81 83
83 25
38 40
38 2
62 64
8 50
8 3
8 15
50 52
3 16
3 39
45 47
45 6
53 55
55 11
89 91
89 28
91 29
1 15
30 6
30 94
13 22
10 25
10 28
10 54
10 7
25 84
5 21
5 2
5 43
21 75
15 63
2 17
32 97
32 9
32 98
78 80
80 23
7 48
6 46
6 24
31 96
37 39
54 56
9 17
17 67
20 73
20 19
77 79
77 22
79 23
65 67
19 72
24 82
23 11