1 22 28 26 2 25 4 32 5 18 31 40 21 8 15 0 11 27 19 6 20 12 9 16 34 3 29 41 30 13 7 37 24 17 38 33 54 43 14 70 36 39 23 55 63 67 83 98 88 86 57 79 85 77 10 35 62 58 80 75 65 42 89 61 76 64 93 73 44
1 22
1 7
1 17
1 83
1 88
1 86
1 79
1 85
1 75
22 21
22 58
28 26
28 3
28 64
26 40
26 62
2 25
2 43
25 6
25 89
25 61
4 32
4 27
4 29
32 31
5 18
5 37
40 9
40 34
40 41
40 14
21 24
21 19
8 15
8 12
8 76
15 20
0 11
0 7
0 54
0 55
0 63
0 67
0 57
0 42
0 73
11 30
27 19
27 9
6 20
6 37
20 23
12 9
9 36
16 34
16 39
3 13
3 44
29 65
30 93
13 10
17 38
38 33
14 80
70 36
39 98
39 35
77 10