82 61 34 35 39 88 54 2 41 31 44 80 79 1 21 91 12 60 38 70 52 26 32 65 0 20 58 69 37 68 5 59 76 84 51 49 23 43 17 36 15 48 19 11 42 75 90 47 67 18 78 13 53 66 55 64 50 8 6 10 45 24 25 87 7 71 85 73 27 62 81 86 4 30 9 72 46 40 89 77 57 92 22 3 56 14 28 74 29 16 63 33 83
82 61
82 41
82 79
82 8
82 67
82 46
61 31
61 15
34 35
34 12
34 84
35 81
35 68
35 87
39 88
39 26
39 71
88 51
88 24
54 2
54 49
2 27
2 45
41 89
41 53
31 37
31 49
44 80
44 23
44 42
79 1
79 59
1 62
1 20
21 91
21 0
12 33
60 38
60 22
70 52
70 30
70 9
70 28
52 3
32 65
65 74
65 62
0 20
58 69
58 15
69 86
69 29
68 5
68 48
68 55
76 84
84 18
51 50
49 42
49 78
43 17
43 36
43 50
17 45
17 10
15 73
15 4
19 11
19 86
75 90
75 10
47 67
67 92
67 3
18 56
78 13
13 85
53 66
55 64
8 81
6 10
10 40
25 87
7 71
27 72
27 22
40 77
40 63
77 57
56 14
29 16
33 83