10 53 54 93 95 22 78 20 73 26 86 70 72 27 87 50 52 32 97 28 90 8 9 51 13 60 17 67 23 79 21 76 4 42 74 94 96 80 11 18 5 44 16 65 25 84 31 14 62 59 0 33 7 48 29 91 43 35 3 39 24 82 58 88 61 63 69 98 12 57 46 41 34 36 55 38 40 6 15 19 30 47 92 49 45 71 1 64 77 81 2 68 85 56 89 83 66 37
10 53
10 54
10 9
10 26
10 29
53 55
54 56
93 95
95 31
22 78
22 6
20 73
20 24
26 86
26 85
70 72
70 18
72 19
27 87
27 28
27 88
50 52
50 8
52 9
32 97
32 98
32 30
28 90
28 7
28 89
8 17
8 13
8 49
8 14
9 51
13 60
13 59
60 58
17 67
17 30
17 0
17 68
67 65
23 79
23 80
23 24
79 77
21 76
21 18
76 74
4 42
4 7
42 44
94 96
96 31
11 18
11 15
18 69
18 3
18 25
5 44
5 43
5 16
5 24
5 31
16 65
16 66
25 84
25 83
14 62
62 64
0 33
0 34
33 35
7 48
7 47
48 46
29 91
29 92
29 1
43 41
3 39
3 12
3 40
39 37
24 82
24 81
58 12
61 63
63 15
12 57
46 6
34 36
38 40
38 2
19 71
47 45