34 91 94 75 49 5 67 38 93 48 52 4 79 26 82 53 36 24 30 42 9 50 96 81 65 61 47 86 88 70 19 87 74 78 59 62 11 97 85 39 22 14 46 68 35 21 2 58 18 29 63 28 40 33 89 17 98 3 54 27 20 60 99 6 92 71 15 8 13 31 25 1 23 12 83 10 41 57 51 76 56 77 66 45 37 72 0 80 64 32 69 84 73 90 44
34 91
34 39
34 49
94 75
94 79
94 39
94 17
94 90
75 35
75 23
49 5
5 37
5 82
67 38
67 42
67 54
67 31
38 69
93 48
93 64
48 33
48 83
52 4
52 3
52 92
4 31
79 53
79 45
79 0
79 12
26 82
26 59
82 29
53 36
36 41
24 30
24 39
42 9
42 87
9 18
50 96
50 2
96 81
81 65
65 89
65 70
65 1
61 47
47 22
86 88
86 33
88 22
70 19
70 77
19 87
74 78
74 62
62 11
62 27
11 14
11 46
97 85
97 12
39 98
22 14
46 68
46 35
46 6
35 54
35 10
35 44
21 2
2 15
58 18
29 63
28 40
28 80
40 89
89 73
98 51
98 84
27 20
60 99
60 15
6 13
92 76
71 15
8 13
8 72
31 25
57 51
51 56
77 66
66 32