9 53 23 95 8 50 16 75 10 55 49 18 79 11 60 15 70 21 90 5 40 12 61 22 91 2 32 6 44 20 86 31 85 62 89 43 51 17 77 80 41 92 3 34 94 88 46 13 66 14 69 64 1 29 36 59 35 67 24 98 28 0 27 58 54 7 47 68 97 78 87 99 72 56 33 83 30 93 4 38 71 65 81 48 19 84 42 26 74 76 39 45 57 52 82 63 96 37 25 73
9 53
9 54
9 52
53 57
23 95
23 94
8 50
8 49
8 51
16 75
16 74
16 73
75 31
75 92
10 55
10 57
10 56
55 89
49 66
18 79
18 80
18 81
79 87
11 60
11 59
11 58
15 70
15 72
15 71
21 90
21 89
21 88
5 40
5 41
5 42
40 69
12 61
12 62
12 63
61 81
22 91
22 92
22 93
2 32
2 31
2 33
32 83
6 44
6 43
6 45
44 35
20 86
20 85
20 87
86 46
31 98
62 97
17 77
17 78
17 76
77 94
80 72
3 34
3 36
3 35
94 45
46 7
13 66
13 64
13 65
14 69
14 67
14 68
69 84
69 65
1 29
1 28
1 30
35 99
24 98
24 97
24 99
98 58
0 27
0 26
0 25
27 68
54 96
7 47
7 48
47 26
97 56
30 74
4 38
4 39
4 37
48 39
19 84
19 82