40 50 94 95 49 59 4 5 0 1 9 8 98 99 88 89 90 91 80 92 81 70 72 10 7 11 6 2 19 22 29 20 39 12 97 77 79 18 21 42 52 27 3 17 13 74 75 16 23 15 33 47 57 87 78 32 60 51 93 84 83 82 61 71 31 24 25 30 28 38 48 14 96 67 66 76 69 86 68 34 43 26 41 36 37 58 65 56 85 53 64 35
40 50
50 60
50 51
94 95
94 93
94 84
95 96
49 59
49 39
49 48
4 5
4 3
5 6
5 15
0 1
0 10
1 11
1 2
9 8
9 19
8 7
8 18
98 99
98 88
98 97
99 89
88 77
89 79
90 91
90 80
91 92
91 81
80 70
92 93
81 72
70 60
10 20
7 6
7 17
11 22
6 16
2 12
2 3
19 29
22 21
22 23
22 33
22 32
29 39
29 28
20 30
39 38
12 13
97 87
97 96
77 78
77 67
77 66
77 76
79 69
18 27
21 31
42 52
42 32
52 51
52 53
27 26
27 36
27 37
13 14
74 75
74 84
74 64
15 25
33 34
33 43
47 57
47 48
87 86
78 68
60 61
93 83
83 82
61 71
31 41
24 25
25 35
66 65
66 56
86 85
68 58