2 3 57 58 81 82 36 37 77 78 44 45 61 62 74 75 47 48 4 5 80 84 85 69 70 86 87 8 9 21 22 26 27 52 53 31 32 10 18 19 0 1 71 79 38 67 68 76 20 72 41 42 98 99 46 14 15 16 28 30 90 91 6 7 17 54 55 23 89 49 50 24 25 92 63 64 11 12 33 13 94 95 97 83 73 93 65 66 88 56 35 39 96 51 60 29 40 59 43 34
2 3
2 1
3 4
57 58
57 56
58 59
81 82
81 80
82 83
36 37
36 35
37 38
77 78
77 76
78 79
44 45
44 43
45 46
61 62
61 60
62 63
74 75
74 73
75 76
47 48
47 46
48 49
4 5
5 6
80 79
84 85
84 83
85 86
69 70
69 68
70 71
86 87
87 88
8 9
8 7
9 10
21 22
21 20
22 23
26 27
27 28
52 53
52 51
53 54
31 32
31 30
32 33
10 11
18 19
18 17
19 20
0 1
0 99
71 72
38 39
67 68
67 66
72 73
41 42
41 40
42 43
98 99
98 97
14 15
14 13
15 16
16 17
28 29
30 29
90 91
90 89
91 92
6 7
54 55
55 56
23 24
89 88
49 50
50 51
24 25
92 93
63 64
64 65
11 12
12 13
33 34
94 95
94 93
95 96
97 96
65 66
35 34
39 40
60 59