9 54 13 65 19 84 18 79 2 33 81 52 15 72 20 86 85 17 77 7 48 0 27 14 68 22 91 80 16 73 21 90 1 29 28 4 37 82 26 58 10 56 67 32 69 6 45 47 75 71 78 76 92 44 23 95 61 24 98 30 83 60 74 88 64 5 41 31 3 34 8 50 97 51 11 59 66 89 70 39 94 25 38 12 62 43 36 42 55 53 57 87 46 93 63 49 40 96 99 35
9 54
9 52
9 53
13 65
13 64
13 66
65 27
19 84
19 82
19 83
18 79
18 81
18 80
2 33
2 32
2 31
33 35
15 72
15 71
15 70
72 58
20 86
20 85
20 87
86 75
17 77
17 78
17 76
7 48
7 47
7 46
48 61
0 27
0 26
0 25
27 98
14 68
14 67
14 69
22 91
22 92
22 93
80 56
16 73
16 75
16 74
21 90
21 88
21 89
1 29
1 28
1 30
29 60
4 37
4 39
4 38
37 57
82 40
26 83
58 11
10 56
10 55
56 44
67 50
32 47
69 70
6 45
6 44
6 43
47 53
47 99
75 40
78 25
78 59
92 99
23 95
23 94
23 96
95 62
95 88
61 63
61 12
24 98
24 97
30 36
60 11
5 41
5 42
5 40
41 63
3 34
3 36
8 50
8 51
8 49
97 38
11 59
66 43
12 62