73 58 48 25 23 3 1 39 77 31 50 53 16 26 96 13 29 52 93 2 49 87 98 37 94 90 95 82 67 9 27 91 11 22 41 79 19 12 51 28 63 7 81 44 72 61 59 35 76 99 32 64 17 5 15 33 56 45 80 74 69 54 68 47 36 30 21 97 18 42 71 92 83 57 20 60 8 85 86 84 62 34 55 10 75 43 4 88 66 70 40 38 14 0
73 58
58 77
48 25
48 11
48 91
23 3
23 60
23 81
3 72
3 17
3 90
1 39
1 2
39 76
39 56
77 53
77 79
31 50
31 35
31 63
31 88
50 21
53 16
53 61
26 96
96 98
96 47
13 29
13 95
13 30
29 52
52 93
52 61
93 86
93 66
93 42
2 17
49 87
49 37
49 74
49 40
98 35
37 27
37 0
94 90
94 64
94 51
95 82
95 11
95 63
95 99
95 64
67 9
9 28
27 91
27 12
91 33
91 69
22 41
41 59
79 19
19 14
12 80
51 28
28 54
28 8
63 68
7 81
7 75
44 72
44 57
72 92
61 15
59 56
59 38
35 5
99 20
32 64
64 83
17 97
33 43
45 80
45 55
45 10
47 36
47 71
21 4
18 42
20 85
20 62
60 84
84 34
70 40