49 41 9 29 24 47 5 99 37 51 89 52 14 62 11 2 26 19 54 38 69 87 23 70 92 85 18 28 13 71 36 72 67 59 93 61 75 83 90 16 22 4 56 77 12 58 55 60 76 7 82 46 21 91 80 81 66 44 95 64 94 33 98 8 34 48 57 50 40 97 30 27 42 88 32 31 84 20 1 73 74 65 10 78 53 35 43 63 39 15 68 45 79 17 96 6 0 25
49 41
49 4
9 29
29 5
29 95
24 47
24 66
24 88
47 34
47 63
5 13
5 64
99 37
99 52
99 38
99 44
99 8
37 20
51 89
51 44
52 36
14 62
14 26
14 67
14 77
14 66
14 1
14 81
14 0
62 61
62 50
11 2
11 72
11 56
26 80
26 32
19 54
19 23
19 10
54 36
69 87
69 59
87 15
23 77
23 30
70 92
70 42
92 85
92 90
18 28
28 82
28 46
28 56
13 71
71 55
71 27
36 21
36 68
67 60
59 93
59 43
61 22
61 43
75 83
75 33
83 12
90 76
90 7
16 22
16 31
22 40
4 77
12 58
12 21
58 96
55 94
55 65
60 27
76 81
82 73
46 21
46 91
95 48
33 98
48 57
40 97
30 53
30 6
27 45
42 35
31 84
31 79
73 74
73 39
74 17
10 78
96 25