21 93 80 69 28 61 72 99 11 27 31 3 2 71 96 85 63 35 60 29 77 89 37 62 91 87 40 22 45 79 49 75 6 33 68 26 43 74 16 76 4 42 59 15 67 57 92 58 41 64 12 70 53 46 34 32 23 14 30 90 7 19 84 20 1 5 44 88 39 0 56 9 13 10 97 73 82 83 95 48 66 25 17 54 47 8 36 55 81 65 50 38 86 18 24 78 52 51 98
21 93
21 10
93 0
93 33
93 80
80 69
80 48
80 36
69 55
28 61
28 43
72 99
72 42
11 27
11 88
27 62
27 60
27 97
31 3
31 60
2 71
2 17
2 95
96 85
85 4
63 35
35 95
60 8
29 77
29 19
77 46
89 37
37 8
91 87
91 15
91 75
87 6
40 22
40 32
22 64
45 79
45 59
45 34
49 75
75 84
6 33
68 26
68 24
26 4
26 42
43 74
43 67
43 52
74 39
74 30
16 76
16 23
76 54
4 46
4 92
59 92
59 98
15 14
67 41
57 92
57 18
92 12
92 20
58 41
58 88
58 13
41 70
41 53
64 48
12 53
12 17
70 50
46 84
46 25
34 65
23 30
23 47
14 38
30 81
90 7
90 44
90 82
7 73
1 5
5 39
39 56
9 13
10 78
97 73
82 83
48 66
17 51
54 86