27 82 70 63 84 85 75 32 81 33 30 66 64 90 76 86 73 36 71 62 92 94 15 80 78 10 89 97 96 48 83 72 59 91 43 55 57 35 31 52 98 58 14 5 87 1 77 65 13 69 29 79 37 41 60 74 24 50 67 93 88 51 53 61 47 25 45 49 38 26 56 6 95
27 82
27 70
27 63
27 31
82 76
82 36
82 15
82 48
82 13
82 79
70 90
70 89
70 72
70 64
63 84
63 33
63 30
63 86
63 73
63 96
63 91
63 57
63 6
85 75
75 81
75 62
75 92
75 83
75 74
32 81
32 71
32 25
81 94
81 37
33 10
66 64
66 93
90 94
90 87
73 1
36 47
94 80
94 97
94 59
94 43
94 55
94 35
94 52
94 98
94 58
94 77
94 95
15 50
78 10
97 61
97 49
96 53
83 41
91 65
91 45
14 5
14 37
87 60
87 38
65 51
69 29
69 37
79 24
50 56
67 93
93 88
49 26