23 89 11 6 75 95 90 74 85 52 26 32 88 27 33 16 65 15 77 47 7 34 36 82 94 79 99 20 51 9 54 71 21 84 97 62 56 59 44 17 37 64 13 68 1 41 35 72 42 30 87 73 70 86 57 69 58 29 25 3 67 10 5 91 18 39 66 12 0 80 60 81 46 96 38 83 19 48 40 55 50 28 14 92 98 93 4 63 43 76 22 24 31 61 49
23 89
23 91
89 5
89 43
11 6
11 90
11 24
11 49
6 46
75 95
75 40
95 42
90 35
74 85
85 46
85 4
52 26
52 76
26 43
32 88
32 73
32 18
32 94
32 35
88 55
27 33
27 86
16 65
16 92
15 77
77 54
77 44
47 7
7 67
34 36
34 28
36 20
36 54
82 94
82 9
82 84
94 81
79 99
79 22
99 59
20 51
20 21
51 30
9 59
54 31
71 21
71 86
71 93
21 56
21 42
84 97
84 68
84 72
84 58
84 96
97 62
62 61
17 37
17 12
64 13
13 60
68 19
1 41
41 91
41 39
35 5
72 42
72 0
30 87
73 70
70 83
57 69
57 12
69 81
58 3
58 50
58 92
29 25
25 66
67 46
10 5
66 0
0 80
80 14
60 50
96 38
19 48
92 98
63 43