51 73 52 74 50 59 77 56 76 54 75 57 58 55 53 66 81 65 80 69 82 60 78 68 64 67 61 62 79 63 89 86 91 88 87 85 90 92 84 83 49 72 46 71 43 44 70 45 40 47 48 41 42 33 31 36 34 35 39 32 38 37 26 29 28 30 27 21 22 24 25 93 23 16 19 18 20 17 11 12 14 15 13 9 7 10 8 6 0 4 3 5 2 1
51 73
51 25
73 50
73 84
52 74
52 26
74 53
74 85
59 77
59 29
77 58
56 76
56 28
76 57
76 86
54 75
54 27
75 55
75 85
66 81
66 36
66 37
81 67
81 88
65 80
65 34
65 35
80 64
80 88
69 82
69 43
69 42
82 68
82 89
60 78
60 30
78 61
78 87
68 40
68 41
64 33
64 32
67 39
67 38
62 79
79 63
79 87
63 31
89 92
89 83
86 91
91 87
91 93
88 92
85 90
90 84
90 93
92 0
83 70
83 71
49 72
72 48
46 71
71 47
44 70
70 45
45 22
40 20
47 23
48 24
42 21
31 15
36 18
35 17
39 19
32 16
29 14
28 14
27 13
21 10
22 11
24 12
25 12
93 0
19 9
17 8
15 7
13 6
10 5
8 4
6 3
4 2
2 1