1 30 8 49 7 48 21 89 19 84 4 38 39 85 5 41 40 23 94 17 77 10 55 18 80 12 63 90 11 59 22 91 42 0 26 25 79 24 97 2 31 16 73 9 54 74 58 62 50 95 92 51 83 13 65 86 96 14 69 99 15 72 20 87 93 56 78 3 34 64 71 82 28 66 35 61 67 70 88 6 44 27 33 57 29 60 53 45 76 68 47 98 37 52 32 36 75 43 81 46
1 30
1 28
1 29
30 58
8 49
8 50
8 51
7 48
7 46
48 57
21 89
21 90
21 88
89 31
19 84
19 83
19 82
84 96
4 38
4 39
4 37
39 85
85 20
85 32
5 41
5 40
5 42
41 34
40 50
23 94
23 95
23 96
94 55
17 77
17 78
17 76
77 31
10 55
10 56
10 57
18 80
18 79
18 81
80 98
80 71
12 63
12 62
12 61
90 52
11 59
11 58
11 60
22 91
22 92
22 93
91 47
42 99
0 26
0 25
0 27
25 73
24 97
24 99
97 27
2 31
2 33
16 73
16 74
9 54
9 53
9 52
74 66
62 92
62 96
95 75
83 45
13 65
13 64
13 66
65 33
65 57
86 96
86 20
14 69
14 67
14 68
15 72
15 71
15 70
20 87
87 98
56 28
3 34
3 35
3 36
82 68
6 44
6 43
6 45